Reloading external rigs...
Reloading external metarigs...
*** SCRIPT STARTED ***




Reloading external rigs...
Reloading external metarigs...
*** SCRIPT STARTED ***
An error occurred: 'bpy_prop_collection[key]: key "Displacement" not found'
*** SCRIPT COMPLETED ***
Read blend: "C:\Users\W\AppData\Local\Temp\temp_blender_file.blend"
Saved session recovery to "C:\Users\W\AppData\Local\Temp\quit.blend"




Reloading external rigs...
Reloading external metarigs...
*** SCRIPT STARTED ***
Object selected
New material created
Default nodes cleared
Principled BSDF shader added
Brick Texture node added and configured
Mapping node added
Texture Coordinate node added
Nodes linked
Displacement node added and connected
Subdivision Surface Modifier added
Normal Map and Bump nodes added and connected
Bump and normal map strength adjusted
Displacement and Bump enabled in material settings
Material assigned to object
Object unwrapped using Smart UV Project
Image Texture node added and new image created
Render engine set to Cycles
An error occurred: 'CyclesRenderSettings' object has no attribute 'bake'
*** SCRIPT COMPLETED ***

Read blend: "C:\Users\W\AppData\Local\Temp\temp_blender_file.blend"
Saved session recovery to "C:\Users\W\AppData\Local\Temp\quit.blend"




Reloading external rigs...
Reloading external metarigs...
*** SCRIPT STARTED ***
Object selected
New material created
Default nodes cleared
Principled BSDF shader added
Brick Texture node added and configured
Mapping node added
Texture Coordinate node added
Nodes linked
An error occurred: 'NoneType' object has no attribute 'inputs'
*** SCRIPT COMPLETED ***
Read blend: "C:\Users\W\AppData\Local\Temp\temp_blender_file.blend"
Saved session recovery to "C:\Users\W\AppData\Local\Temp\quit.blend"




Reloading external rigs...
Reloading external metarigs...
*** SCRIPT STARTED ***
An error occurred: 'CyclesRenderSettings' object has no attribute 'bake'
*** SCRIPT COMPLETED ***
Read blend: "C:\Users\W\AppData\Local\Temp\temp_blender_file.blend"
Saved session recovery to "C:\Users\W\AppData\Local\Temp\quit.blend"




Reloading external rigs...
Reloading external metarigs...
*** SCRIPT STARTED ***
An error occurred: 'CyclesRenderSettings' object has no attribute 'bake'
*** SCRIPT COMPLETED ***
Read blend: "C:\Users\W\AppData\Roaming\Blender Foundation\Blender\4.2\scripts\addons\FAST\data\autogpt\workspace\default.blend"
Saved session recovery to "C:\Users\W\AppData\Local\Temp\quit.blend"




Reloading external rigs...
Reloading external metarigs...
*** SCRIPT STARTED ***
An error occurred: 'CyclesRenderSettings' object has no attribute 'bake'
*** SCRIPT COMPLETED ***
Read blend: "C:\Users\W\AppData\Local\Temp\temp_blender_file.blend"
Saved session recovery to "C:\Users\W\AppData\Local\Temp\quit.blend"




Reloading external rigs...
Reloading external metarigs...
*** SCRIPT STARTED ***
An error occurred: 'CyclesRenderSettings' object has no attribute 'bake'
*** SCRIPT COMPLETED ***
Read blend: "C:\Users\W\AppData\Local\Temp\temp_blender_file.blend"
Saved session recovery to "C:\Users\W\AppData\Local\Temp\quit.blend"




Reloading external rigs...
Reloading external metarigs...
*** SCRIPT STARTED ***
An error occurred: 'CyclesRenderSettings' object has no attribute 'bake'
*** SCRIPT COMPLETED ***
Read blend: "C:\Users\W\AppData\Local\Temp\temp_blender_file.blend"
Saved session recovery to "C:\Users\W\AppData\Local\Temp\quit.blend"




Reloading external rigs...
Reloading external metarigs...
*** SCRIPT STARTED ***
An error occurred: 'CyclesRenderSettings' object has no attribute 'bake'
*** SCRIPT COMPLETED ***
Read blend: "C:\Users\W\AppData\Local\Temp\temp_blender_file.blend"
Saved session recovery to "C:\Users\W\AppData\Local\Temp\quit.blend"




Reloading external rigs...
Reloading external metarigs...

Failed to import PIP Library. pygments
*** SCRIPT STARTED ***
register_class(...):
Info: Registering key-config preferences class: 'Prefs', bl_idname 'Blender' has been registered before, unregistering previous
Error creating robot: 'Context' object has no attribute 'object'
*** SCRIPT COMPLETED ***
Read blend: "C:\Users\W\AppData\Roaming\Blender Foundation\Blender\4.2\scripts\addons\blender_ai_thats_error_proof\data\autogpt\workspace\default.blend"
Saved session recovery to "C:\Users\W\AppData\Local\Temp\quit.blend"
Blender quit
Traceback (most recent call last):
  File "C:\Users\W\Documents\FAST Settings\AGPT-4 Script Testing\modified_user_script.py", line 264, in gpt_test_libraries
    __import__(lib)
ModuleNotFoundError: No module named 'cv2'
ModuleNotFoundError: No module named 'matplotlib'
ModuleNotFoundError: No module named 'pipwin'
ModuleNotFoundError: No module named 'pyaudio'
ModuleNotFoundError: No module named 'pywinctl'
ModuleNotFoundError: No module named 'skimage'
ModuleNotFoundError: No module named 'tzdata'
  File "C:\Users\W\Documents\FAST Settings\AGPT-4 Script Testing\modified_user_script.py", line 245, in gpt_test_libraries
    import dateutil
ModuleNotFoundError: No module named 'dateutil'
ModuleNotFoundError: No module named 'pytz'
ModuleNotFoundError: No module named 'selenium'
ModuleNotFoundError: No module named 'cryptography'
ModuleNotFoundError: No module named 'keyboard'
ModuleNotFoundError: No module named 'lxml'
ModuleNotFoundError: No module named 'pynput'
ModuleNotFoundError: No module named 'scipy'
ModuleNotFoundError: No module named 'plotly'




Read blend: "C:\Users\W\AppData\Roaming\Blender Foundation\Blender\4.2\scripts\addons\blender_ai_thats_error_proof\data\autogpt\workspace\default.blend"
Info: Total files 0 | Changed 0 | Failed 0
Reloading external rigs...
Reloading external metarigs...
*** SCRIPT STARTED ***

Info: Saved "robot_model.blend"
*** SCRIPT COMPLETED ***
Saved session recovery to "C:\Users\W\AppData\Local\Temp\quit.blend"
Blender quit




Reloading external rigs...
Reloading external metarigs...
*** SCRIPT STARTED ***
Info: Deleted 2 data-block(s)
Robot created successfully!

*** SCRIPT COMPLETED ***
Read blend: "C:\Users\W\AppData\Roaming\Blender Foundation\Blender\4.2\scripts\addons\blender_ai_thats_error_proof\data\autogpt\workspace\default.blend"
Saved session recovery to "C:\Users\W\AppData\Local\Temp\quit.blend"
Blender quit




Reloading external rigs...
Reloading external metarigs...
*** SCRIPT STARTED ***
register_class(...):
Info: Registering key-config preferences class: 'Prefs', bl_idname 'Blender' has been registered before, unregistering previous
Error creating robot: 'Context' object has no attribute 'object'

*** SCRIPT COMPLETED ***
Read blend: "C:\Users\W\AppData\Roaming\Blender Foundation\Blender\4.2\scripts\addons\blender_ai_thats_error_proof\data\autogpt\workspace\default.blend"
Saved session recovery to "C:\Users\W\AppData\Local\Temp\quit.blend"
Blender quit




Read blend: "C:\Users\W\AppData\Roaming\Blender Foundation\Blender\4.2\scripts\addons\blender_ai_thats_error_proof\data\autogpt\workspace\default.blend"
Info: Total files 0 | Changed 0 | Failed 0
Reloading external rigs...
Reloading external metarigs...
*** SCRIPT STARTED ***
Info: Saved "retro_robot.blend"
Blender file saved at C:\Users\W\Desktop\AGPT-4\retro_robot.blend

*** SCRIPT COMPLETED ***
Saved session recovery to "C:\Users\W\AppData\Local\Temp\quit.blend"
Blender quit




Reloading external rigs...
Reloading external metarigs...
*** SCRIPT STARTED ***

*** SCRIPT COMPLETED ***
Read blend: "C:\Users\W\AppData\Roaming\Blender Foundation\Blender\4.2\scripts\addons\blender_ai_thats_error_proof\data\autogpt\workspace\default.blend"
Saved session recovery to "C:\Users\W\AppData\Local\Temp\quit.blend"
Blender quit




Reloading external rigs...
Reloading external metarigs...
*** SCRIPT STARTED ***
Robot model created successfully!
*** SCRIPT COMPLETED ***
Read blend: "C:\Users\W\AppData\Roaming\Blender Foundation\Blender\4.2\scripts\addons\blender_ai_thats_error_proof\data\autogpt\workspace\default.blend"
Saved session recovery to "C:\Users\W\AppData\Local\Temp\quit.blend"

Blender quit




Reloading external rigs...
Reloading external metarigs...
*** SCRIPT STARTED ***
An error occurred: Converting py args to operator properties: enum "POSE" not found in ('OBJECT', 'EDIT', 'SCULPT', 'VERTEX_PAINT', 'WEIGHT_PAINT', 'TEXTURE_PAINT')
*** SCRIPT COMPLETED ***
Read blend: "C:\Users\W\AppData\Roaming\Blender Foundation\Blender\4.2\scripts\addons\blender_ai_thats_error_proof\data\autogpt\workspace\default.blend"
Saved session recovery to "C:\Users\W\AppData\Local\Temp\quit.blend"

Blender quit




Reloading external rigs...
Reloading external metarigs...

Failed to import PIP Library. pyaudio
*** SCRIPT STARTED ***
*** SCRIPT COMPLETED ***
Read blend: "C:\Users\W\AppData\Roaming\Blender Foundation\Blender\4.3\scripts\addons\blender_ai_thats_error_proof\data\autogpt\workspace\default(do not use).blend"
Saved session recovery to "C:\Users\W\AppData\Local\Temp\quit.blend"
Blender quit
Traceback (most recent call last):
  File "C:\Users\W\Documents\FAST Settings\AGPT-4 Script Testing\modified_user_script.py", line 223, in gpt_test_libraries
    __import__(lib)
ModuleNotFoundError: No module named 'pywin32'
ModuleNotFoundError: No module named 'pypiwin32'




Reloading external rigs...
Reloading external metarigs...

Failed to import PIP Library. pyaudio
*** SCRIPT STARTED ***
*** SCRIPT COMPLETED ***
Read blend: "C:\Users\W\AppData\Roaming\Blender Foundation\Blender\4.3\scripts\addons\blender_ai_thats_error_proof\data\autogpt\workspace\default(do not use).blend"
Saved session recovery to "C:\Users\W\AppData\Local\Temp\quit.blend"
Blender quit
Traceback (most recent call last):
  File "C:\Users\W\Documents\FAST Settings\AGPT-4 Script Testing\modified_user_script.py", line 223, in gpt_test_libraries
    __import__(lib)
ModuleNotFoundError: No module named 'pywin32'
ModuleNotFoundError: No module named 'pypiwin32'




Read blend: "C:\Users\W\AppData\Roaming\Blender Foundation\Blender\4.3\scripts\addons\blender_ai_thats_error_proof\data\autogpt\workspace\default(do not use).blend"
Traceback (most recent call last):
  File "C:\Users\W\Documents\FAST Settings\AGPT-4 Script Testing\modified_user_script.py", line 23, in <module>
    restore_addons()
  File "C:\Users\W\Documents\FAST Settings\AGPT-4 Script Testing\modified_user_script.py", line 13, in restore_addons
    with open(file_path, 'r') as f:
         ^^^^^^^^^^^^^^^^^^^^
FileNotFoundError: [Errno 2] No such file or directory: 'C:\\Users\\W\\AppData\\Roaming\\Blender Foundation\\Blender\\4.3\\scripts\\addons\\__main__\\logs\\addon_state.json'




Read blend: "C:\Users\W\AppData\Roaming\Blender Foundation\Blender\4.3\scripts\addons\blender_ai_thats_error_proof\data\autogpt\workspace\default(do not use).blend"
Traceback (most recent call last):
  File "C:\Users\W\Documents\FAST Settings\AGPT-4 Script Testing\modified_user_script.py", line 23, in <module>
    restore_addons()
  File "C:\Users\W\Documents\FAST Settings\AGPT-4 Script Testing\modified_user_script.py", line 13, in restore_addons
    with open(file_path, 'r') as f:
         ^^^^^^^^^^^^^^^^^^^^
FileNotFoundError: [Errno 2] No such file or directory: 'C:\\Users\\W\\AppData\\Roaming\\Blender Foundation\\Blender\\4.3\\scripts\\addons\\__main__\\logs\\addon_state.json'




Read blend: "C:\Users\W\AppData\Roaming\Blender Foundation\Blender\4.3\scripts\addons\blender_ai_thats_error_proof\data\autogpt\workspace\default(do not use).blend"
Traceback (most recent call last):
  File "C:\Users\W\Documents\FAST Settings\AGPT-4 Script Testing\modified_user_script.py", line 23, in <module>
    restore_addons()
  File "C:\Users\W\Documents\FAST Settings\AGPT-4 Script Testing\modified_user_script.py", line 13, in restore_addons
    with open(file_path, 'r') as f:
         ^^^^^^^^^^^^^^^^^^^^
FileNotFoundError: [Errno 2] No such file or directory: 'C:\\Users\\W\\AppData\\Roaming\\Blender Foundation\\Blender\\4.3\\scripts\\addons\\__main__\\logs\\addon_state.json'




Read blend: "C:\Users\W\AppData\Roaming\Blender Foundation\Blender\4.3\scripts\addons\blender_ai_thats_error_proof\data\autogpt\workspace\default(do not use).blend"
  File "C:\Users\W\Documents\FAST Settings\AGPT-4 Script Testing\modified_user_script.py", line 20
    ;
    ^
SyntaxError: invalid syntax




Read blend: "C:\Users\W\AppData\Roaming\Blender Foundation\Blender\4.3\scripts\addons\blender_ai_thats_error_proof\data\autogpt\workspace\default(do not use).blend"
  File "C:\Users\W\Documents\FAST Settings\AGPT-4 Script Testing\modified_user_script.py", line 20
    ;
    ^
SyntaxError: invalid syntax




Read blend: "C:\Users\W\AppData\Roaming\Blender Foundation\Blender\4.3\scripts\addons\blender_ai_thats_error_proof\data\autogpt\workspace\default(do not use).blend"
  File "C:\Users\W\Documents\FAST Settings\AGPT-4 Script Testing\modified_user_script.py", line 20
    ;
    ^
SyntaxError: invalid syntax




Read blend: "C:\Users\W\AppData\Roaming\Blender Foundation\Blender\4.3\scripts\addons\blender_ai_thats_error_proof\data\autogpt\workspace\default(do not use).blend"
Traceback (most recent call last):
  File "C:\Users\W\Documents\FAST Settings\AGPT-4 Script Testing\modified_user_script.py", line 24, in <module>
    restore_addons()
  File "C:\Users\W\Documents\FAST Settings\AGPT-4 Script Testing\modified_user_script.py", line 14, in restore_addons
    with open(file_path, 'r') as f:
         ^^^^^^^^^^^^^^^^^^^^
FileNotFoundError: [Errno 2] No such file or directory: 'C:\\Users\\W\\AppData\\Roaming\\Blender Foundation\\Blender\\4.3\\scripts\\addons\\__main__\\logs\\addon_state.json'




Read blend: "C:\Users\W\AppData\Roaming\Blender Foundation\Blender\4.3\scripts\addons\blender_ai_thats_error_proof\data\autogpt\workspace\default(do not use).blend"
Traceback (most recent call last):
  File "C:\Users\W\Documents\FAST Settings\AGPT-4 Script Testing\modified_user_script.py", line 24, in <module>
    restore_addons()
  File "C:\Users\W\Documents\FAST Settings\AGPT-4 Script Testing\modified_user_script.py", line 14, in restore_addons
    with open(file_path, 'r') as f:
         ^^^^^^^^^^^^^^^^^^^^
FileNotFoundError: [Errno 2] No such file or directory: 'C:\\Users\\W\\AppData\\Roaming\\Blender Foundation\\Blender\\4.3\\scripts\\addons\\__main__\\logs\\addon_state.json'




Read blend: "C:\Users\W\AppData\Roaming\Blender Foundation\Blender\4.3\scripts\addons\blender_ai_thats_error_proof\data\autogpt\workspace\default(do not use).blend"
Traceback (most recent call last):
  File "C:\Users\W\Documents\FAST Settings\AGPT-4 Script Testing\modified_user_script.py", line 24, in <module>
    restore_addons()
  File "C:\Users\W\Documents\FAST Settings\AGPT-4 Script Testing\modified_user_script.py", line 14, in restore_addons
    with open(file_path, 'r') as f:
         ^^^^^^^^^^^^^^^^^^^^
FileNotFoundError: [Errno 2] No such file or directory: 'C:\\Users\\W\\AppData\\Roaming\\Blender Foundation\\Blender\\4.3\\scripts\\addons\\__main__\\logs\\addon_state.json'




Read blend: "C:\Users\W\AppData\Roaming\Blender Foundation\Blender\4.3\scripts\addons\blender_ai_thats_error_proof\data\autogpt\workspace\default(do not use).blend"
Traceback (most recent call last):
  File "C:\Users\W\Documents\FAST Settings\AGPT-4 Script Testing\modified_user_script.py", line 24, in <module>
    restore_addons()
  File "C:\Users\W\Documents\FAST Settings\AGPT-4 Script Testing\modified_user_script.py", line 14, in restore_addons
    with open(file_path, 'r') as f:
         ^^^^^^^^^^^^^^^^^^^^
FileNotFoundError: [Errno 2] No such file or directory: 'C:\\Users\\W\\AppData\\Roaming\\Blender Foundation\\Blender\\4.3\\scripts\\addons\\__main__\\logs\\addon_state.json'




Read blend: "C:\Users\W\AppData\Roaming\Blender Foundation\Blender\4.3\scripts\addons\blender_ai_thats_error_proof\data\autogpt\workspace\default(do not use).blend"
Traceback (most recent call last):
  File "C:\Users\W\Documents\FAST Settings\AGPT-4 Script Testing\modified_user_script.py", line 224, in gpt_test_libraries
    __import__(lib)
ModuleNotFoundError: No module named 'pyperclip'

During handling of the above exception, another exception occurred:
  File "C:\Users\W\Documents\FAST Settings\AGPT-4 Script Testing\modified_user_script.py", line 242, in <module>
    gpt_test_libraries()
  File "C:\Users\W\Documents\FAST Settings\AGPT-4 Script Testing\modified_user_script.py", line 228, in gpt_test_libraries
    capture_and_copy_traceback()
    ^^^^^^^^^^^^^^^^^^^^^^^^^^
NameError: name 'capture_and_copy_traceback' is not defined




Read blend: "C:\Users\W\AppData\Roaming\Blender Foundation\Blender\4.3\scripts\addons\blender_ai_thats_error_proof\data\autogpt\workspace\default(do not use).blend"
Traceback (most recent call last):
  File "C:\Users\W\Documents\FAST Settings\AGPT-4 Script Testing\modified_user_script.py", line 224, in gpt_test_libraries
    __import__(lib)
ModuleNotFoundError: No module named 'pyperclip'

During handling of the above exception, another exception occurred:
  File "C:\Users\W\Documents\FAST Settings\AGPT-4 Script Testing\modified_user_script.py", line 242, in <module>
    gpt_test_libraries()
  File "C:\Users\W\Documents\FAST Settings\AGPT-4 Script Testing\modified_user_script.py", line 228, in gpt_test_libraries
    capture_and_copy_traceback()
    ^^^^^^^^^^^^^^^^^^^^^^^^^^
NameError: name 'capture_and_copy_traceback' is not defined




Read blend: "C:\Users\W\AppData\Roaming\Blender Foundation\Blender\4.3\scripts\addons\blender_ai_thats_error_proof\data\autogpt\workspace\default(do not use).blend"
Traceback (most recent call last):
  File "C:\Users\W\Documents\FAST Settings\AGPT-4 Script Testing\modified_user_script.py", line 224, in gpt_test_libraries
    __import__(lib)
ModuleNotFoundError: No module named 'pyperclip'

During handling of the above exception, another exception occurred:
  File "C:\Users\W\Documents\FAST Settings\AGPT-4 Script Testing\modified_user_script.py", line 242, in <module>
    gpt_test_libraries()
  File "C:\Users\W\Documents\FAST Settings\AGPT-4 Script Testing\modified_user_script.py", line 228, in gpt_test_libraries
    capture_and_copy_traceback()
    ^^^^^^^^^^^^^^^^^^^^^^^^^^
NameError: name 'capture_and_copy_traceback' is not defined




Read blend: "C:\Users\W\AppData\Roaming\Blender Foundation\Blender\4.3\scripts\addons\blender_ai_thats_error_proof\data\autogpt\workspace\default(do not use).blend"
Traceback (most recent call last):
  File "C:\Users\W\Documents\FAST Settings\AGPT-4 Script Testing\modified_user_script.py", line 224, in gpt_test_libraries
    __import__(lib)
ModuleNotFoundError: No module named 'pyperclip'

During handling of the above exception, another exception occurred:
  File "C:\Users\W\Documents\FAST Settings\AGPT-4 Script Testing\modified_user_script.py", line 242, in <module>
    gpt_test_libraries()
  File "C:\Users\W\Documents\FAST Settings\AGPT-4 Script Testing\modified_user_script.py", line 228, in gpt_test_libraries
    capture_and_copy_traceback()
    ^^^^^^^^^^^^^^^^^^^^^^^^^^
NameError: name 'capture_and_copy_traceback' is not defined




Read blend: "C:\Users\W\AppData\Roaming\Blender Foundation\Blender\4.3\scripts\addons\blender_ai_thats_error_proof\data\autogpt\workspace\default(do not use).blend"
Traceback (most recent call last):
  File "C:\Users\W\Documents\FAST Settings\AGPT-4 Script Testing\modified_user_script.py", line 224, in gpt_test_libraries
    __import__(lib)
ModuleNotFoundError: No module named 'pyperclip'

During handling of the above exception, another exception occurred:
  File "C:\Users\W\Documents\FAST Settings\AGPT-4 Script Testing\modified_user_script.py", line 242, in <module>
    gpt_test_libraries()
  File "C:\Users\W\Documents\FAST Settings\AGPT-4 Script Testing\modified_user_script.py", line 228, in gpt_test_libraries
    capture_and_copy_traceback()
    ^^^^^^^^^^^^^^^^^^^^^^^^^^
NameError: name 'capture_and_copy_traceback' is not defined




Read blend: "C:\Users\W\AppData\Roaming\Blender Foundation\Blender\4.3\scripts\addons\blender_ai_thats_error_proof\data\autogpt\workspace\default(do not use).blend"
Traceback (most recent call last):
  File "C:\Users\W\Documents\FAST Settings\AGPT-4 Script Testing\modified_user_script.py", line 224, in gpt_test_libraries
    __import__(lib)
ModuleNotFoundError: No module named 'pyperclip'

During handling of the above exception, another exception occurred:
  File "C:\Users\W\Documents\FAST Settings\AGPT-4 Script Testing\modified_user_script.py", line 242, in <module>
    gpt_test_libraries()
  File "C:\Users\W\Documents\FAST Settings\AGPT-4 Script Testing\modified_user_script.py", line 228, in gpt_test_libraries
    capture_and_copy_traceback()
    ^^^^^^^^^^^^^^^^^^^^^^^^^^
NameError: name 'capture_and_copy_traceback' is not defined




Read blend: "C:\Users\W\AppData\Roaming\Blender Foundation\Blender\4.3\scripts\addons\blender_ai_thats_error_proof\data\autogpt\workspace\default(do not use).blend"
Traceback (most recent call last):
  File "C:\Users\W\Documents\FAST Settings\AGPT-4 Script Testing\modified_user_script.py", line 224, in gpt_test_libraries
    __import__(lib)
ModuleNotFoundError: No module named 'pyperclip'

During handling of the above exception, another exception occurred:
  File "C:\Users\W\Documents\FAST Settings\AGPT-4 Script Testing\modified_user_script.py", line 242, in <module>
    gpt_test_libraries()
  File "C:\Users\W\Documents\FAST Settings\AGPT-4 Script Testing\modified_user_script.py", line 228, in gpt_test_libraries
    capture_and_copy_traceback()
    ^^^^^^^^^^^^^^^^^^^^^^^^^^
NameError: name 'capture_and_copy_traceback' is not defined




Read blend: "C:\Users\W\AppData\Roaming\Blender Foundation\Blender\4.3\scripts\addons\blender_ai_thats_error_proof\data\autogpt\workspace\default(do not use).blend"
Traceback (most recent call last):
  File "C:\Users\W\Documents\FAST Settings\AGPT-4 Script Testing\modified_user_script.py", line 224, in gpt_test_libraries
    __import__(lib)
ModuleNotFoundError: No module named 'pyperclip'

During handling of the above exception, another exception occurred:
  File "C:\Users\W\Documents\FAST Settings\AGPT-4 Script Testing\modified_user_script.py", line 242, in <module>
    gpt_test_libraries()
  File "C:\Users\W\Documents\FAST Settings\AGPT-4 Script Testing\modified_user_script.py", line 228, in gpt_test_libraries
    capture_and_copy_traceback()
    ^^^^^^^^^^^^^^^^^^^^^^^^^^
NameError: name 'capture_and_copy_traceback' is not defined




Read blend: "C:\Users\W\AppData\Roaming\Blender Foundation\Blender\4.3\scripts\addons\blender_ai_thats_error_proof\data\autogpt\workspace\default(do not use).blend"
Traceback (most recent call last):
  File "C:\Users\W\Documents\FAST Settings\AGPT-4 Script Testing\modified_user_script.py", line 224, in gpt_test_libraries
    __import__(lib)
ModuleNotFoundError: No module named 'pyperclip'

During handling of the above exception, another exception occurred:
  File "C:\Users\W\Documents\FAST Settings\AGPT-4 Script Testing\modified_user_script.py", line 242, in <module>
    gpt_test_libraries()
  File "C:\Users\W\Documents\FAST Settings\AGPT-4 Script Testing\modified_user_script.py", line 228, in gpt_test_libraries
    capture_and_copy_traceback()
    ^^^^^^^^^^^^^^^^^^^^^^^^^^
NameError: name 'capture_and_copy_traceback' is not defined




Read blend: "C:\Users\W\AppData\Roaming\Blender Foundation\Blender\4.3\scripts\addons\blender_ai_thats_error_proof\data\autogpt\workspace\default(do not use).blend"
Traceback (most recent call last):
  File "C:\Users\W\Documents\FAST Settings\AGPT-4 Script Testing\modified_user_script.py", line 224, in gpt_test_libraries
    __import__(lib)
ModuleNotFoundError: No module named 'pyperclip'

During handling of the above exception, another exception occurred:
  File "C:\Users\W\Documents\FAST Settings\AGPT-4 Script Testing\modified_user_script.py", line 242, in <module>
    gpt_test_libraries()
  File "C:\Users\W\Documents\FAST Settings\AGPT-4 Script Testing\modified_user_script.py", line 228, in gpt_test_libraries
    capture_and_copy_traceback()
    ^^^^^^^^^^^^^^^^^^^^^^^^^^
NameError: name 'capture_and_copy_traceback' is not defined




Read blend: "C:\Users\W\AppData\Roaming\Blender Foundation\Blender\4.3\scripts\addons\blender_ai_thats_error_proof\data\autogpt\workspace\default(do not use).blend"
Traceback (most recent call last):
  File "C:\Users\W\Documents\FAST Settings\AGPT-4 Script Testing\modified_user_script.py", line 224, in gpt_test_libraries
    __import__(lib)
ModuleNotFoundError: No module named 'pyperclip'

During handling of the above exception, another exception occurred:
  File "C:\Users\W\Documents\FAST Settings\AGPT-4 Script Testing\modified_user_script.py", line 242, in <module>
    gpt_test_libraries()
  File "C:\Users\W\Documents\FAST Settings\AGPT-4 Script Testing\modified_user_script.py", line 228, in gpt_test_libraries
    capture_and_copy_traceback()
    ^^^^^^^^^^^^^^^^^^^^^^^^^^
NameError: name 'capture_and_copy_traceback' is not defined




Read blend: "C:\Users\W\AppData\Roaming\Blender Foundation\Blender\4.3\scripts\addons\blender_ai_thats_error_proof\data\autogpt\workspace\default(do not use).blend"
Traceback (most recent call last):
  File "C:\Users\W\Documents\FAST Settings\AGPT-4 Script Testing\modified_user_script.py", line 224, in gpt_test_libraries
    __import__(lib)
ModuleNotFoundError: No module named 'pyperclip'

During handling of the above exception, another exception occurred:
  File "C:\Users\W\Documents\FAST Settings\AGPT-4 Script Testing\modified_user_script.py", line 242, in <module>
    gpt_test_libraries()
  File "C:\Users\W\Documents\FAST Settings\AGPT-4 Script Testing\modified_user_script.py", line 228, in gpt_test_libraries
    capture_and_copy_traceback()
    ^^^^^^^^^^^^^^^^^^^^^^^^^^
NameError: name 'capture_and_copy_traceback' is not defined




Read blend: "C:\Users\W\AppData\Roaming\Blender Foundation\Blender\4.3\scripts\addons\blender_ai_thats_error_proof\data\autogpt\workspace\default(do not use).blend"
Traceback (most recent call last):
  File "C:\Users\W\Documents\FAST Settings\AGPT-4 Script Testing\modified_user_script.py", line 22, in <module>
    restore_addons()
  File "C:\Users\W\Documents\FAST Settings\AGPT-4 Script Testing\modified_user_script.py", line 12, in restore_addons
    with open(file_path, 'r') as f:
         ^^^^^^^^^^^^^^^^^^^^
FileNotFoundError: [Errno 2] No such file or directory: 'C:\\Users\\W\\Documents\\FAST Settings\\AGPT-4 Script Testing\\logs\\addon_state.json'




Read blend: "C:\Users\W\AppData\Roaming\Blender Foundation\Blender\4.3\scripts\addons\blender_ai_thats_error_proof\data\autogpt\workspace\default(do not use).blend"
Traceback (most recent call last):
  File "C:\Users\W\Documents\FAST Settings\AGPT-4 Script Testing\modified_user_script.py", line 22, in <module>
    restore_addons()
  File "C:\Users\W\Documents\FAST Settings\AGPT-4 Script Testing\modified_user_script.py", line 12, in restore_addons
    with open(file_path, 'r') as f:
              ^^^^^^^^^
NameError: name 'file_path' is not defined




Read blend: "C:\Users\W\AppData\Roaming\Blender Foundation\Blender\4.3\scripts\addons\blender_ai_thats_error_proof\data\autogpt\workspace\default(do not use).blend"
Traceback (most recent call last):
  File "C:\Users\W\Documents\FAST Settings\AGPT-4 Script Testing\modified_user_script.py", line 22, in <module>
    restore_addons()
  File "C:\Users\W\Documents\FAST Settings\AGPT-4 Script Testing\modified_user_script.py", line 12, in restore_addons
    with open(file_path, 'r') as f:
              ^^^^^^^^^
NameError: name 'file_path' is not defined




Read blend: "C:\Users\W\AppData\Roaming\Blender Foundation\Blender\4.3\scripts\addons\blender_ai_thats_error_proof\data\autogpt\workspace\default(do not use).blend"
Traceback (most recent call last):
  File "C:\Users\W\Documents\FAST Settings\AGPT-4 Script Testing\modified_user_script.py", line 22, in <module>
    restore_addons()
  File "C:\Users\W\Documents\FAST Settings\AGPT-4 Script Testing\modified_user_script.py", line 12, in restore_addons
    with open(file_path, 'r') as f:
              ^^^^^^^^^
NameError: name 'file_path' is not defined




Read blend: "C:\Users\W\AppData\Roaming\Blender Foundation\Blender\4.3\scripts\addons\blender_ai_thats_error_proof\data\autogpt\workspace\default(do not use).blend"
Traceback (most recent call last):
  File "C:\Users\W\Documents\FAST Settings\AGPT-4 Script Testing\modified_user_script.py", line 22, in <module>
    restore_addons()
  File "C:\Users\W\Documents\FAST Settings\AGPT-4 Script Testing\modified_user_script.py", line 12, in restore_addons
    with open(file_path, 'r') as f:
              ^^^^^^^^^
NameError: name 'file_path' is not defined




Read blend: "C:\Users\W\AppData\Roaming\Blender Foundation\Blender\4.3\scripts\addons\blender_ai_thats_error_proof\data\autogpt\workspace\default(do not use).blend"
Traceback (most recent call last):
  File "C:\Users\W\Documents\FAST Settings\AGPT-4 Script Testing\modified_user_script.py", line 22, in <module>
    restore_addons()
  File "C:\Users\W\Documents\FAST Settings\AGPT-4 Script Testing\modified_user_script.py", line 12, in restore_addons
    with open(file_path, 'r') as f:
              ^^^^^^^^^
NameError: name 'file_path' is not defined




Read blend: "C:\Users\W\AppData\Roaming\Blender Foundation\Blender\4.3\scripts\addons\blender_ai_thats_error_proof\data\autogpt\workspace\default(do not use).blend"
Traceback (most recent call last):
  File "C:\Users\W\Documents\FAST Settings\AGPT-4 Script Testing\modified_user_script.py", line 21, in <module>
    restore_addons()
  File "C:\Users\W\Documents\FAST Settings\AGPT-4 Script Testing\modified_user_script.py", line 10, in restore_addons
    file_path = os.path.join(addons_dir, 'FAST', "logs", "addon_state.json")
                             ^^^^^^^^^^
NameError: name 'addons_dir' is not defined




Read blend: "C:\Users\W\AppData\Roaming\Blender Foundation\Blender\4.3\scripts\addons\blender_ai_thats_error_proof\data\autogpt\workspace\default(do not use).blend"
Traceback (most recent call last):
  File "C:\Users\W\Documents\FAST Settings\AGPT-4 Script Testing\modified_user_script.py", line 21, in <module>
    restore_addons()
  File "C:\Users\W\Documents\FAST Settings\AGPT-4 Script Testing\modified_user_script.py", line 10, in restore_addons
    file_path = os.path.join(addons_dir, 'FAST', "logs", "addon_state.json")
                             ^^^^^^^^^^
NameError: name 'addons_dir' is not defined




Read blend: "C:\Users\W\AppData\Roaming\Blender Foundation\Blender\4.3\scripts\addons\blender_ai_thats_error_proof\data\autogpt\workspace\default(do not use).blend"
Traceback (most recent call last):
  File "C:\Users\W\Documents\FAST Settings\AGPT-4 Script Testing\modified_user_script.py", line 21, in <module>
    restore_addons()
  File "C:\Users\W\Documents\FAST Settings\AGPT-4 Script Testing\modified_user_script.py", line 10, in restore_addons
    file_path = os.path.join(addons_dir, 'FAST', "logs", "addon_state.json")
                             ^^^^^^^^^^
NameError: name 'addons_dir' is not defined




Read blend: "C:\Users\W\AppData\Roaming\Blender Foundation\Blender\4.3\scripts\addons\blender_ai_thats_error_proof\data\autogpt\workspace\default(do not use).blend"
Traceback (most recent call last):
  File "C:\Users\W\Documents\FAST Settings\AGPT-4 Script Testing\modified_user_script.py", line 21, in <module>
    restore_addons()
  File "C:\Users\W\Documents\FAST Settings\AGPT-4 Script Testing\modified_user_script.py", line 10, in restore_addons
    file_path = os.path.join(addons_dir, 'FAST', "logs", "addon_state.json")
                             ^^^^^^^^^^
NameError: name 'addons_dir' is not defined




Read blend: "C:\Users\W\AppData\Roaming\Blender Foundation\Blender\4.3\scripts\addons\blender_ai_thats_error_proof\data\autogpt\workspace\default(do not use).blend"
Traceback (most recent call last):
  File "C:\Users\W\Documents\FAST Settings\AGPT-4 Script Testing\modified_user_script.py", line 21, in <module>
    restore_addons()
  File "C:\Users\W\Documents\FAST Settings\AGPT-4 Script Testing\modified_user_script.py", line 10, in restore_addons
    file_path = os.path.join(addons_dir, 'FAST', "logs", "addon_state.json")
                             ^^^^^^^^^^
NameError: name 'addons_dir' is not defined




Read blend: "C:\Users\W\AppData\Roaming\Blender Foundation\Blender\4.3\scripts\addons\blender_ai_thats_error_proof\data\autogpt\workspace\default(do not use).blend"
Traceback (most recent call last):
  File "C:\Users\W\Documents\FAST Settings\AGPT-4 Script Testing\modified_user_script.py", line 21, in <module>
    restore_addons()
  File "C:\Users\W\Documents\FAST Settings\AGPT-4 Script Testing\modified_user_script.py", line 10, in restore_addons
    file_path = os.path.join(addons_dir, 'FAST', "logs", "addon_state.json")
                             ^^^^^^^^^^
NameError: name 'addons_dir' is not defined




Read blend: "C:\Users\W\AppData\Roaming\Blender Foundation\Blender\4.3\scripts\addons\blender_ai_thats_error_proof\data\autogpt\workspace\default(do not use).blend"
  File "C:\Users\W\Documents\FAST Settings\AGPT-4 Script Testing\modified_user_script.py", line 488
    Note: The script already checks for the existence of a selected object and creates a cube if none is selected. The function `setup_geometry_nodes()` is called at the end of the script to ensure the Geometry Nodes setup is executed.
              ^^^^^^
SyntaxError: invalid syntax




Read blend: "C:\Users\W\AppData\Roaming\Blender Foundation\Blender\4.3\scripts\addons\blender_ai_thats_error_proof\data\autogpt\workspace\default(do not use).blend"
Traceback (most recent call last):
  File "C:\Users\W\Documents\FAST Settings\AGPT-4 Script Testing\modified_user_script.py", line 21, in <module>
    restore_addons()
  File "C:\Users\W\Documents\FAST Settings\AGPT-4 Script Testing\modified_user_script.py", line 10, in restore_addons
    file_path = os.path.join(addons_dir, 'FAST', "logs", "addon_state.json")
                             ^^^^^^^^^^
NameError: name 'addons_dir' is not defined




Read blend: "C:\Users\W\AppData\Roaming\Blender Foundation\Blender\4.3\scripts\addons\blender_ai_thats_error_proof\data\autogpt\workspace\default(do not use).blend"
Traceback (most recent call last):
  File "C:\Users\W\Documents\FAST Settings\AGPT-4 Script Testing\modified_user_script.py", line 21, in <module>
    restore_addons()
  File "C:\Users\W\Documents\FAST Settings\AGPT-4 Script Testing\modified_user_script.py", line 10, in restore_addons
    file_path = os.path.join(addons_dir, 'FAST', "logs", "addon_state.json")
                             ^^^^^^^^^^
NameError: name 'addons_dir' is not defined




Read blend: "C:\Users\W\AppData\Roaming\Blender Foundation\Blender\4.3\scripts\addons\blender_ai_thats_error_proof\data\autogpt\workspace\default(do not use).blend"
Traceback (most recent call last):
  File "C:\Users\W\Documents\FAST Settings\AGPT-4 Script Testing\modified_user_script.py", line 21, in <module>
    restore_addons()
  File "C:\Users\W\Documents\FAST Settings\AGPT-4 Script Testing\modified_user_script.py", line 10, in restore_addons
    file_path = os.path.join(addons_dir, 'FAST', "logs", "addon_state.json")
                             ^^^^^^^^^^
NameError: name 'addons_dir' is not defined




Read blend: "C:\Users\W\AppData\Roaming\Blender Foundation\Blender\4.3\scripts\addons\blender_ai_thats_error_proof\data\autogpt\workspace\default(do not use).blend"
Traceback (most recent call last):
  File "C:\Users\W\Documents\FAST Settings\AGPT-4 Script Testing\modified_user_script.py", line 21, in <module>
    restore_addons()
  File "C:\Users\W\Documents\FAST Settings\AGPT-4 Script Testing\modified_user_script.py", line 10, in restore_addons
    file_path = os.path.join(addons_dir, 'FAST', "logs", "addon_state.json")
                             ^^^^^^^^^^
NameError: name 'addons_dir' is not defined




Read blend: "C:\Users\W\AppData\Roaming\Blender Foundation\Blender\4.3\scripts\addons\blender_ai_thats_error_proof\data\autogpt\workspace\default(do not use).blend"
Traceback (most recent call last):
  File "C:\Users\W\Documents\FAST Settings\AGPT-4 Script Testing\modified_user_script.py", line 21, in <module>
    restore_addons()
  File "C:\Users\W\Documents\FAST Settings\AGPT-4 Script Testing\modified_user_script.py", line 10, in restore_addons
    file_path = os.path.join(addons_dir, 'FAST', "logs", "addon_state.json")
                             ^^^^^^^^^^
NameError: name 'addons_dir' is not defined




Read blend: "C:\Users\W\AppData\Roaming\Blender Foundation\Blender\4.3\scripts\addons\blender_ai_thats_error_proof\data\autogpt\workspace\default(do not use).blend"
Traceback (most recent call last):
  File "C:\Users\W\Documents\FAST Settings\AGPT-4 Script Testing\modified_user_script.py", line 21, in <module>
    restore_addons()
  File "C:\Users\W\Documents\FAST Settings\AGPT-4 Script Testing\modified_user_script.py", line 11, in restore_addons
    with open(file_path, 'r') as f:
         ^^^^^^^^^^^^^^^^^^^^
FileNotFoundError: [Errno 2] No such file or directory: 'C:\\Users\\W\\Documents\\FAST Settings\\AGPT-4 Script Testing\\logs\\addon_state.json'




Read blend: "C:\Users\W\AppData\Roaming\Blender Foundation\Blender\4.3\scripts\addons\blender_ai_thats_error_proof\data\autogpt\workspace\default(do not use).blend"
Traceback (most recent call last):
  File "C:\Users\W\Documents\FAST Settings\AGPT-4 Script Testing\modified_user_script.py", line 21, in <module>
    restore_addons()
  File "C:\Users\W\Documents\FAST Settings\AGPT-4 Script Testing\modified_user_script.py", line 11, in restore_addons
    with open(file_path, 'r') as f:
         ^^^^^^^^^^^^^^^^^^^^
FileNotFoundError: [Errno 2] No such file or directory: 'C:\\Users\\W\\Documents\\FAST Settings\\AGPT-4 Script Testing\\logs\\addon_state.json'




Read blend: "C:\Users\W\AppData\Roaming\Blender Foundation\Blender\4.3\scripts\addons\blender_ai_thats_error_proof\data\autogpt\workspace\default(do not use).blend"
Traceback (most recent call last):
  File "C:\Users\W\Documents\FAST Settings\AGPT-4 Script Testing\modified_user_script.py", line 21, in <module>
    restore_addons()
  File "C:\Users\W\Documents\FAST Settings\AGPT-4 Script Testing\modified_user_script.py", line 11, in restore_addons
    with open(file_path, 'r') as f:
         ^^^^^^^^^^^^^^^^^^^^
FileNotFoundError: [Errno 2] No such file or directory: 'C:\\Users\\W\\Documents\\FAST Settings\\AGPT-4 Script Testing\\logs\\addon_state.json'




Read blend: "C:\Users\W\AppData\Roaming\Blender Foundation\Blender\4.3\scripts\addons\blender_ai_thats_error_proof\data\autogpt\workspace\default(do not use).blend"
Traceback (most recent call last):
  File "C:\Users\W\Documents\FAST Settings\AGPT-4 Script Testing\modified_user_script.py", line 21, in <module>
    restore_addons()
  File "C:\Users\W\Documents\FAST Settings\AGPT-4 Script Testing\modified_user_script.py", line 11, in restore_addons
    with open(file_path, 'r') as f:
         ^^^^^^^^^^^^^^^^^^^^
FileNotFoundError: [Errno 2] No such file or directory: 'C:\\Users\\W\\Documents\\FAST Settings\\AGPT-4 Script Testing\\logs\\addon_state.json'




Read blend: "C:\Users\W\AppData\Roaming\Blender Foundation\Blender\4.3\scripts\addons\blender_ai_thats_error_proof\data\autogpt\workspace\default(do not use).blend"
Traceback (most recent call last):
  File "C:\Users\W\Documents\FAST Settings\AGPT-4 Script Testing\modified_user_script.py", line 22, in <module>
    restore_addons()
  File "C:\Users\W\Documents\FAST Settings\AGPT-4 Script Testing\modified_user_script.py", line 12, in restore_addons
    with open(file_path, 'r') as f:
         ^^^^^^^^^^^^^^^^^^^^
FileNotFoundError: [Errno 2] No such file or directory: 'C:\\Users\\W\\Documents\\FAST Settings\\AGPT-4 Script Testing\\logs\\addon_state.json'




Read blend: "C:\Users\W\AppData\Roaming\Blender Foundation\Blender\4.3\scripts\addons\blender_ai_thats_error_proof\data\autogpt\workspace\default(do not use).blend"
Traceback (most recent call last):
  File "C:\Users\W\Documents\FAST Settings\AGPT-4 Script Testing\modified_user_script.py", line 22, in <module>
    restore_addons()
  File "C:\Users\W\Documents\FAST Settings\AGPT-4 Script Testing\modified_user_script.py", line 12, in restore_addons
    with open(file_path, 'r') as f:
         ^^^^^^^^^^^^^^^^^^^^
FileNotFoundError: [Errno 2] No such file or directory: 'C:\\Users\\W\\Documents\\FAST Settings\\AGPT-4 Script Testing\\logs\\addon_state.json'




Read blend: "C:\Users\W\AppData\Roaming\Blender Foundation\Blender\4.3\scripts\addons\blender_ai_thats_error_proof\data\autogpt\workspace\default(do not use).blend"
Traceback (most recent call last):
  File "C:\Users\W\Documents\FAST Settings\AGPT-4 Script Testing\modified_user_script.py", line 22, in <module>
    restore_addons()
  File "C:\Users\W\Documents\FAST Settings\AGPT-4 Script Testing\modified_user_script.py", line 12, in restore_addons
    with open(file_path, 'r') as f:
         ^^^^^^^^^^^^^^^^^^^^
FileNotFoundError: [Errno 2] No such file or directory: 'C:\\Users\\W\\Documents\\FAST Settings\\AGPT-4 Script Testing\\logs\\addon_state.json'




Read blend: "C:\Users\W\AppData\Roaming\Blender Foundation\Blender\4.3\scripts\addons\blender_ai_thats_error_proof\data\autogpt\workspace\default(do not use).blend"
Traceback (most recent call last):
  File "C:\Users\W\Documents\FAST Settings\AGPT-4 Script Testing\modified_user_script.py", line 22, in <module>
    restore_addons()
  File "C:\Users\W\Documents\FAST Settings\AGPT-4 Script Testing\modified_user_script.py", line 12, in restore_addons
    with open(file_path, 'r') as f:
         ^^^^^^^^^^^^^^^^^^^^
FileNotFoundError: [Errno 2] No such file or directory: 'C:\\Users\\W\\Documents\\FAST Settings\\AGPT-4 Script Testing\\logs\\addon_state.json'




Read blend: "C:\Users\W\AppData\Roaming\Blender Foundation\Blender\4.3\scripts\addons\blender_ai_thats_error_proof\data\autogpt\workspace\default(do not use).blend"
Traceback (most recent call last):
  File "C:\Users\W\Documents\FAST Settings\AGPT-4 Script Testing\modified_user_script.py", line 24, in <module>
    restore_addons()
  File "C:\Users\W\Documents\FAST Settings\AGPT-4 Script Testing\modified_user_script.py", line 14, in restore_addons
    with open(file_path, 'r') as f:
         ^^^^^^^^^^^^^^^^^^^^
FileNotFoundError: [Errno 2] No such file or directory: 'C:\\Users\\W\\Documents\\FAST Settings\\AGPT-4 Script Testing\\logs\\addon_state.json'




Read blend: "C:\Users\W\AppData\Roaming\Blender Foundation\Blender\4.3\scripts\addons\blender_ai_thats_error_proof\data\autogpt\workspace\default(do not use).blend"
Traceback (most recent call last):
  File "C:\Users\W\Documents\FAST Settings\AGPT-4 Script Testing\modified_user_script.py", line 309, in <module>
    gpt_test_libraries()
  File "C:\Users\W\Documents\FAST Settings\AGPT-4 Script Testing\modified_user_script.py", line 168, in gpt_test_libraries
    for lib, pip_name, version in gpt_libraries:
                                  ^^^^^^^^^^^^^
NameError: name 'gpt_libraries' is not defined. Did you mean: 'gpt_test_libraries'?




Read blend: "C:\Users\W\AppData\Roaming\Blender Foundation\Blender\4.3\scripts\addons\blender_ai_thats_error_proof\data\autogpt\workspace\default(do not use).blend"
Traceback (most recent call last):
  File "C:\Users\W\Documents\FAST Settings\AGPT-4 Script Testing\modified_user_script.py", line 309, in <module>
    gpt_test_libraries()
  File "C:\Users\W\Documents\FAST Settings\AGPT-4 Script Testing\modified_user_script.py", line 168, in gpt_test_libraries
    for lib, pip_name, version in gpt_libraries:
                                  ^^^^^^^^^^^^^
NameError: name 'gpt_libraries' is not defined. Did you mean: 'gpt_test_libraries'?




Read blend: "C:\Users\W\AppData\Roaming\Blender Foundation\Blender\4.3\scripts\addons\blender_ai_thats_error_proof\data\autogpt\workspace\default(do not use).blend"
Traceback (most recent call last):
  File "C:\Users\W\Documents\FAST Settings\AGPT-4 Script Testing\modified_user_script.py", line 309, in <module>
    gpt_test_libraries()
  File "C:\Users\W\Documents\FAST Settings\AGPT-4 Script Testing\modified_user_script.py", line 168, in gpt_test_libraries
    for lib, pip_name, version in gpt_libraries:
                                  ^^^^^^^^^^^^^
NameError: name 'gpt_libraries' is not defined. Did you mean: 'gpt_test_libraries'?




Read blend: "C:\Users\W\AppData\Roaming\Blender Foundation\Blender\4.3\scripts\addons\blender_ai_thats_error_proof\data\autogpt\workspace\default(do not use).blend"
Traceback (most recent call last):
  File "C:\Users\W\Documents\FAST Settings\AGPT-4 Script Testing\modified_user_script.py", line 309, in <module>
    gpt_test_libraries()
  File "C:\Users\W\Documents\FAST Settings\AGPT-4 Script Testing\modified_user_script.py", line 168, in gpt_test_libraries
    for lib, pip_name, version in gpt_libraries:
                                  ^^^^^^^^^^^^^
NameError: name 'gpt_libraries' is not defined. Did you mean: 'gpt_test_libraries'?




Read blend: "C:\Users\W\AppData\Roaming\Blender Foundation\Blender\4.3\scripts\addons\blender_ai_thats_error_proof\data\autogpt\workspace\default(do not use).blend"
Traceback (most recent call last):
  File "C:\Users\W\Documents\FAST Settings\AGPT-4 Script Testing\modified_user_script.py", line 309, in <module>
    gpt_test_libraries()
  File "C:\Users\W\Documents\FAST Settings\AGPT-4 Script Testing\modified_user_script.py", line 168, in gpt_test_libraries
    for lib, pip_name, version in gpt_libraries:
                                  ^^^^^^^^^^^^^
NameError: name 'gpt_libraries' is not defined. Did you mean: 'gpt_test_libraries'?




Read blend: "C:\Users\W\AppData\Roaming\Blender Foundation\Blender\4.3\scripts\addons\blender_ai_thats_error_proof\data\autogpt\workspace\default(do not use).blend"
Traceback (most recent call last):
  File "C:\Users\W\Documents\FAST Settings\AGPT-4 Script Testing\modified_user_script.py", line 309, in <module>
    gpt_test_libraries()
  File "C:\Users\W\Documents\FAST Settings\AGPT-4 Script Testing\modified_user_script.py", line 168, in gpt_test_libraries
    for lib, pip_name, version in gpt_libraries:
                                  ^^^^^^^^^^^^^
NameError: name 'gpt_libraries' is not defined. Did you mean: 'gpt_test_libraries'?




Read blend: "C:\Users\W\AppData\Roaming\Blender Foundation\Blender\4.3\scripts\addons\blender_ai_thats_error_proof\data\autogpt\workspace\default(do not use).blend"
Traceback (most recent call last):
  File "C:\Users\W\Documents\FAST Settings\AGPT-4 Script Testing\modified_user_script.py", line 390, in <module>
    gpt_test_libraries()
  File "C:\Users\W\Documents\FAST Settings\AGPT-4 Script Testing\modified_user_script.py", line 249, in gpt_test_libraries
    for lib, pip_name, version in gpt_libraries:
                                  ^^^^^^^^^^^^^
NameError: name 'gpt_libraries' is not defined. Did you mean: 'gpt_test_libraries'?





ðŸš€ file_path: C:\Users\W\Documents\FAST Settings\AGPT-4 Script Testing\addon_state.json
ðŸš€ sys.path: ['C:\\Users\\W\\Documents\\FAST Settings\\AGPT-4 Script Testing\\lib\\Python311\\site-packages', 'C:\\Program Files\\Blender Foundation\\Blender 4.3\\4.3\\python\\lib', 'C:\\Users\\W\\Documents\\FAST Settings\\AGPT-4 Script Testing\\lib\\Python311\\site-packages\\win32', 'C:\\Users\\W\\Documents\\FAST Settings\\AGPT-4 Script Testing\\lib\\Python311\\site-packages\\win32', 'C:\\Users\\W\\Documents\\FAST Settings\\AGPT-4 Script Testing\\lib\\Python311\\site-packages\\win32\\lib', 'C:\\Users\\W\\Documents\\FAST Settings\\AGPT-4 Script Testing\\lib\\Python311\\site-packages\\pywin32_system32']
ðŸš€ not_installed_libraries: [('ffmpeg', 'ffmpeg', ''), ('matplotlib', 'matplotlib', ''), ('PIL', 'pillow', ''), ('psutil', 'psutil', ''), ('pyautogui', 'PyAutoGUI', ''), ('pyperclip', 'pyperclip', ''), ('pywinctl', 'pywinctl', ''), ('tzdata', 'tzdata', ''), ('dateutil', 'python-dateutil', ''), ('pytz', 'pytz', ''), ('pydantic', 'pydantic', ''), ('tiktoken', 'tiktoken', ''), ('selenium', 'selenium', '4.1.0'), ('lxml', 'lxml', ''), ('plotly', 'plotly', ''), ('pygments', 'pygments', ''), ('openai', 'openai', ''), ('instructor', 'instructor', '')]
Check GPT Test libraries function
*** SCRIPT STARTED ***
register_class(...):
Info: Registering key-config preferences class: 'Prefs', bl_idname 'Blender' has been registered before, unregistering previous
Error: Failed to set up default cube.
Error: Failed to create Geometry Nodes.
*** SCRIPT COMPLETED ***
Read blend: "C:\Users\W\AppData\Roaming\Blender Foundation\Blender\4.3\scripts\addons\blender_ai_thats_error_proof\data\autogpt\workspace\default(do not use).blend"
Saved session recovery to "C:\Users\W\AppData\Local\Temp\quit.blend"
Blender quit
Traceback (most recent call last):
  File "C:\Users\W\Documents\FAST Settings\AGPT-4 Script Testing\modified_user_script.py", line 317, in gpt_test_libraries
    raise ImportError(
ImportError: The path C:\Users\W\Documents\FAST Settings\AGPT-4 Script Testing\lib\Python311\site-packages\ffmpeg.exe does not exist or is not executable.
  File "C:\Users\W\Documents\FAST Settings\AGPT-4 Script Testing\modified_user_script.py", line 278, in gpt_test_libraries
    from PIL import Image
ModuleNotFoundError: No module named 'PIL'
  File "C:\Users\W\Documents\FAST Settings\AGPT-4 Script Testing\modified_user_script.py", line 327, in gpt_test_libraries
    import pyautogui
ModuleNotFoundError: No module named 'pyautogui'
  File "C:\Users\W\Documents\FAST Settings\AGPT-4 Script Testing\modified_user_script.py", line 335, in gpt_test_libraries
    import pywinctl
ModuleNotFoundError: No module named 'pywinctl'
  File "C:\Users\W\Documents\FAST Settings\AGPT-4 Script Testing\modified_user_script.py", line 297, in gpt_test_libraries
    import dateutil
ModuleNotFoundError: No module named 'dateutil'
  File "C:\Users\W\Documents\FAST Settings\AGPT-4 Script Testing\modified_user_script.py", line 354, in gpt_test_libraries
    import pydantic_core  # Required for OpenAI model schema
    ^^^^^^^^^^^^^^^^^^^^
ModuleNotFoundError: No module named 'pydantic_core'
  File "C:\Users\W\Documents\FAST Settings\AGPT-4 Script Testing\modified_user_script.py", line 255, in gpt_test_libraries
    import instructor
ModuleNotFoundError: No module named 'instructor'
  File "C:\Users\W\Documents\FAST Settings\AGPT-4 Script Testing\modified_user_script.py", line 428, in setup_default_cube
    if not bpy.context.selected_objects:
           ^^^^^^^^^^^^^^^^^^^^^^^^^^^^
AttributeError: 'Context' object has no attribute 'selected_objects'
  File "C:\Users\W\Documents\FAST Settings\AGPT-4 Script Testing\modified_user_script.py", line 440, in create_geometry_nodes
    cube = bpy.context.active_object
           ^^^^^^^^^^^^^^^^^^^^^^^^^
AttributeError: 'Context' object has no attribute 'active_object'




WARN (bke.modifier): C:\Users\blender\git\blender-v430\blender.git\source\blender\blenkernel\intern\modifier.cc:424 BKE_modifier_set_error: Object: "Cube", Modifier: "GeometryNodes", Node group must have an output socket

ðŸš€ file_path: C:\Users\W\Documents\FAST Settings\AGPT-4 Script Testing\addon_state.json
ðŸš€ sys.path: ['C:\\Users\\W\\Documents\\FAST Settings\\AGPT-4 Script Testing\\lib\\Python311\\site-packages', 'C:\\Program Files\\Blender Foundation\\Blender 4.3\\4.3\\python\\lib', 'C:\\Users\\W\\Documents\\FAST Settings\\AGPT-4 Script Testing\\lib\\Python311\\site-packages\\win32', 'C:\\Users\\W\\Documents\\FAST Settings\\AGPT-4 Script Testing\\lib\\Python311\\site-packages\\win32', 'C:\\Users\\W\\Documents\\FAST Settings\\AGPT-4 Script Testing\\lib\\Python311\\site-packages\\win32\\lib', 'C:\\Users\\W\\Documents\\FAST Settings\\AGPT-4 Script Testing\\lib\\Python311\\site-packages\\pywin32_system32']
ðŸš€ not_installed_libraries: [('ffmpeg', 'ffmpeg', ''), ('matplotlib', 'matplotlib', ''), ('PIL', 'pillow', ''), ('psutil', 'psutil', ''), ('pyautogui', 'PyAutoGUI', ''), ('pyperclip', 'pyperclip', ''), ('pywinctl', 'pywinctl', ''), ('tzdata', 'tzdata', ''), ('dateutil', 'python-dateutil', ''), ('pytz', 'pytz', ''), ('pydantic', 'pydantic', ''), ('tiktoken', 'tiktoken', ''), ('selenium', 'selenium', '4.1.0'), ('lxml', 'lxml', ''), ('plotly', 'plotly', ''), ('pygments', 'pygments', ''), ('openai', 'openai', ''), ('instructor', 'instructor', '')]
Check GPT Test libraries function
*** SCRIPT STARTED ***
Starting the Blender Geometry Nodes setup script
Found VIEW_3D override context
Created default cube
Created sphere for instancing
Created new collection 'Instances'
Error: Failed to unlink sphere from scene collection
Linked sphere to 'Instances' collection
Added Geometry Nodes modifier to cube
Created new Geometry Nodes node tree and added it to the modifier
Error: in setup_geometry_nodes function
Switched to Geometry Nodes workspace
Completed Blender Geometry Nodes setup
*** SCRIPT COMPLETED ***
Read blend: "C:\Users\W\AppData\Roaming\Blender Foundation\Blender\4.3\scripts\addons\blender_ai_thats_error_proof\data\autogpt\workspace\default(do not use).blend"
Saved session recovery to "C:\Users\W\AppData\Local\Temp\quit.blend"
Blender quit
Traceback (most recent call last):
  File "C:\Users\W\Documents\FAST Settings\AGPT-4 Script Testing\modified_user_script.py", line 317, in gpt_test_libraries
    raise ImportError(
ImportError: The path C:\Users\W\Documents\FAST Settings\AGPT-4 Script Testing\lib\Python311\site-packages\ffmpeg.exe does not exist or is not executable.
  File "C:\Users\W\Documents\FAST Settings\AGPT-4 Script Testing\modified_user_script.py", line 278, in gpt_test_libraries
    from PIL import Image
ModuleNotFoundError: No module named 'PIL'
  File "C:\Users\W\Documents\FAST Settings\AGPT-4 Script Testing\modified_user_script.py", line 327, in gpt_test_libraries
    import pyautogui
ModuleNotFoundError: No module named 'pyautogui'
  File "C:\Users\W\Documents\FAST Settings\AGPT-4 Script Testing\modified_user_script.py", line 335, in gpt_test_libraries
    import pywinctl
ModuleNotFoundError: No module named 'pywinctl'
  File "C:\Users\W\Documents\FAST Settings\AGPT-4 Script Testing\modified_user_script.py", line 297, in gpt_test_libraries
    import dateutil
ModuleNotFoundError: No module named 'dateutil'
  File "C:\Users\W\Documents\FAST Settings\AGPT-4 Script Testing\modified_user_script.py", line 354, in gpt_test_libraries
    import pydantic_core  # Required for OpenAI model schema
    ^^^^^^^^^^^^^^^^^^^^
ModuleNotFoundError: No module named 'pydantic_core'
  File "C:\Users\W\Documents\FAST Settings\AGPT-4 Script Testing\modified_user_script.py", line 255, in gpt_test_libraries
    import instructor
ModuleNotFoundError: No module named 'instructor'
  File "C:\Users\W\Documents\FAST Settings\AGPT-4 Script Testing\modified_user_script.py", line 492, in create_default_objects
    bpy.context.scene.collection.objects.unlink(sphere)
RuntimeError: Error: Object 'InstanceSphere' not in collection 'Scene Collection'
  File "C:\Users\W\Documents\FAST Settings\AGPT-4 Script Testing\modified_user_script.py", line 544, in setup_geometry_nodes
    point_distribute = node_tree.nodes.new(type='GeometryNodePointDistribute')
                       ^^^^^^^^^^^^^^^^^^^^^^^^^^^^^^^^^^^^^^^^^^^^^^^^^^^^^^^
RuntimeError: Error: Node type GeometryNodePointDistribute undefined




WARN (bke.modifier): C:\Users\blender\git\blender-v430\blender.git\source\blender\blenkernel\intern\modifier.cc:424 BKE_modifier_set_error: Object: "Cube", Modifier: "GeometryNodesModifier", Node group must have a group output node

ðŸš€ file_path: C:\Users\W\Documents\FAST Settings\AGPT-4 Script Testing\addon_state.json
ðŸš€ folder_path: C:\Users\W\Documents\FAST Settings\AGPT-4 Script Testing\lib\Python311\site-packages
ðŸš€ sys.path: ['C:\\Users\\W\\Documents\\FAST Settings\\AGPT-4 Script Testing\\lib\\Python311\\site-packages', 'C:\\Program Files\\Blender Foundation\\Blender 4.3\\4.3\\python\\lib', 'C:\\Users\\W\\Documents\\FAST Settings\\AGPT-4 Script Testing\\lib\\Python311\\site-packages\\win32', 'C:\\Users\\W\\Documents\\FAST Settings\\AGPT-4 Script Testing\\lib\\Python311\\site-packages\\win32', 'C:\\Users\\W\\Documents\\FAST Settings\\AGPT-4 Script Testing\\lib\\Python311\\site-packages\\win32\\lib', 'C:\\Users\\W\\Documents\\FAST Settings\\AGPT-4 Script Testing\\lib\\Python311\\site-packages\\pywin32_system32']
ðŸš€ not_installed_libraries: [('ffmpeg', 'ffmpeg', ''), ('matplotlib', 'matplotlib', ''), ('PIL', 'pillow', ''), ('psutil', 'psutil', ''), ('pyautogui', 'PyAutoGUI', ''), ('pyperclip', 'pyperclip', ''), ('pywinctl', 'pywinctl', ''), ('tzdata', 'tzdata', ''), ('dateutil', 'python-dateutil', ''), ('pytz', 'pytz', ''), ('pydantic', 'pydantic', ''), ('tiktoken', 'tiktoken', ''), ('selenium', 'selenium', '4.1.0'), ('lxml', 'lxml', ''), ('plotly', 'plotly', ''), ('pygments', 'pygments', ''), ('openai', 'openai', ''), ('instructor', 'instructor', '')]
Check GPT Test libraries function
*** SCRIPT STARTED ***
Cube added because it was not present in the scene.
Added Geometry Nodes modifier to Cube.
Created and assigned new Geometry Nodes node tree to the modifier.
Created sphere for instancing.
Created new 'Instances' collection.
Error: Unable to unlink sphere from the scene collection
Linked sphere to the 'Instances' collection.
Error: Failed to create or connect geometry nodes
*** SCRIPT COMPLETED ***
Read blend: "C:\Users\W\AppData\Roaming\Blender Foundation\Blender\4.3\scripts\addons\blender_ai_thats_error_proof\data\autogpt\workspace\default(do not use).blend"
Saved session recovery to "C:\Users\W\AppData\Local\Temp\quit.blend"
Blender quit
Traceback (most recent call last):
  File "C:\Users\W\Documents\FAST Settings\AGPT-4 Script Testing\modified_user_script.py", line 320, in gpt_test_libraries
    raise ImportError(
ImportError: The path C:\Users\W\Documents\FAST Settings\AGPT-4 Script Testing\lib\Python311\site-packages\ffmpeg.exe does not exist or is not executable.
  File "C:\Users\W\Documents\FAST Settings\AGPT-4 Script Testing\modified_user_script.py", line 280, in gpt_test_libraries
    from PIL import Image
ModuleNotFoundError: No module named 'PIL'
  File "C:\Users\W\Documents\FAST Settings\AGPT-4 Script Testing\modified_user_script.py", line 330, in gpt_test_libraries
    import pyautogui
ModuleNotFoundError: No module named 'pyautogui'
  File "C:\Users\W\Documents\FAST Settings\AGPT-4 Script Testing\modified_user_script.py", line 338, in gpt_test_libraries
    import pywinctl
ModuleNotFoundError: No module named 'pywinctl'
  File "C:\Users\W\Documents\FAST Settings\AGPT-4 Script Testing\modified_user_script.py", line 299, in gpt_test_libraries
    import dateutil
ModuleNotFoundError: No module named 'dateutil'
  File "C:\Users\W\Documents\FAST Settings\AGPT-4 Script Testing\modified_user_script.py", line 357, in gpt_test_libraries
    import pydantic_core  # Required for OpenAI model schema
    ^^^^^^^^^^^^^^^^^^^^
ModuleNotFoundError: No module named 'pydantic_core'
  File "C:\Users\W\Documents\FAST Settings\AGPT-4 Script Testing\modified_user_script.py", line 257, in gpt_test_libraries
    import instructor
ModuleNotFoundError: No module named 'instructor'
  File "C:\Users\W\Documents\FAST Settings\AGPT-4 Script Testing\modified_user_script.py", line 483, in create_geometry_nodes_setup
    bpy.context.scene.collection.objects.unlink(sphere)
RuntimeError: Error: Object 'InstanceSphere' not in collection 'Scene Collection'
  File "C:\Users\W\Documents\FAST Settings\AGPT-4 Script Testing\modified_user_script.py", line 515, in create_geometry_nodes_setup
    point_distribute = nodes.new("GeometryNodePointDistribute")
                       ^^^^^^^^^^^^^^^^^^^^^^^^^^^^^^^^^^^^^^^^
RuntimeError: Error: Node type GeometryNodePointDistribute undefined




WARN (bke.modifier): C:\Users\blender\git\blender-v430\blender.git\source\blender\blenkernel\intern\modifier.cc:424 BKE_modifier_set_error: Object: "Cube", Modifier: "GeoNodes", Node group must have an output socket

ðŸš€ file_path: C:\Users\W\Documents\FAST Settings\AGPT-4 Script Testing\addon_state.json
ðŸš€ folder_path: C:\Users\W\Documents\FAST Settings\AGPT-4 Script Testing\lib\Python311\site-packages
ðŸš€ sys.path: ['C:\\Users\\W\\Documents\\FAST Settings\\AGPT-4 Script Testing\\lib\\Python311\\site-packages', 'C:\\Program Files\\Blender Foundation\\Blender 4.3\\4.3\\python\\lib', 'C:\\Users\\W\\Documents\\FAST Settings\\AGPT-4 Script Testing\\lib\\Python311\\site-packages\\win32', 'C:\\Users\\W\\Documents\\FAST Settings\\AGPT-4 Script Testing\\lib\\Python311\\site-packages\\win32', 'C:\\Users\\W\\Documents\\FAST Settings\\AGPT-4 Script Testing\\lib\\Python311\\site-packages\\win32\\lib', 'C:\\Users\\W\\Documents\\FAST Settings\\AGPT-4 Script Testing\\lib\\Python311\\site-packages\\pywin32_system32']
ðŸš€ not_installed_libraries: [('ffmpeg', 'ffmpeg', ''), ('matplotlib', 'matplotlib', ''), ('PIL', 'pillow', ''), ('psutil', 'psutil', ''), ('pyautogui', 'PyAutoGUI', ''), ('pyperclip', 'pyperclip', ''), ('pywinctl', 'pywinctl', ''), ('tzdata', 'tzdata', ''), ('dateutil', 'python-dateutil', ''), ('pytz', 'pytz', ''), ('pydantic', 'pydantic', ''), ('tiktoken', 'tiktoken', ''), ('selenium', 'selenium', '4.1.0'), ('lxml', 'lxml', ''), ('plotly', 'plotly', ''), ('pygments', 'pygments', ''), ('openai', 'openai', ''), ('instructor', 'instructor', '')]
Check GPT Test libraries function
*** SCRIPT STARTED ***
Default cube created.
Error: Exception occurred while unlinking sphere: Error: Object 'InstanceSphere' not in collection 'Scene Collection'
AGPT-4 collection created.
Instance sphere created and linked to AGPT-4 collection.
Geometry Nodes modifier added to the cube.
Cleared default nodes from the new Geometry Nodes tree.
Error: Exception occurred in setup_geometry_nodes: 'GeometryNodeTree' object has no attribute 'inputs'
Error: NODE_EDITOR area not found to open Geometry Nodes workspace.
Script executed successfully. Check the viewport for visual updates.
*** SCRIPT COMPLETED ***
Read blend: "C:\Users\W\AppData\Roaming\Blender Foundation\Blender\4.3\scripts\addons\blender_ai_thats_error_proof\data\autogpt\workspace\default(do not use).blend"
Saved session recovery to "C:\Users\W\AppData\Local\Temp\quit.blend"
Blender quit
Traceback (most recent call last):
  File "C:\Users\W\Documents\FAST Settings\AGPT-4 Script Testing\modified_user_script.py", line 320, in gpt_test_libraries
    raise ImportError(
ImportError: The path C:\Users\W\Documents\FAST Settings\AGPT-4 Script Testing\lib\Python311\site-packages\ffmpeg.exe does not exist or is not executable.
  File "C:\Users\W\Documents\FAST Settings\AGPT-4 Script Testing\modified_user_script.py", line 280, in gpt_test_libraries
    from PIL import Image
ModuleNotFoundError: No module named 'PIL'
  File "C:\Users\W\Documents\FAST Settings\AGPT-4 Script Testing\modified_user_script.py", line 330, in gpt_test_libraries
    import pyautogui
ModuleNotFoundError: No module named 'pyautogui'
  File "C:\Users\W\Documents\FAST Settings\AGPT-4 Script Testing\modified_user_script.py", line 338, in gpt_test_libraries
    import pywinctl
ModuleNotFoundError: No module named 'pywinctl'
  File "C:\Users\W\Documents\FAST Settings\AGPT-4 Script Testing\modified_user_script.py", line 299, in gpt_test_libraries
    import dateutil
ModuleNotFoundError: No module named 'dateutil'
  File "C:\Users\W\Documents\FAST Settings\AGPT-4 Script Testing\modified_user_script.py", line 357, in gpt_test_libraries
    import pydantic_core  # Required for OpenAI model schema
    ^^^^^^^^^^^^^^^^^^^^
ModuleNotFoundError: No module named 'pydantic_core'
  File "C:\Users\W\Documents\FAST Settings\AGPT-4 Script Testing\modified_user_script.py", line 257, in gpt_test_libraries
    import instructor
ModuleNotFoundError: No module named 'instructor'
  File "C:\Users\W\Documents\FAST Settings\AGPT-4 Script Testing\modified_user_script.py", line 467, in create_instance_sphere
    bpy.context.scene.collection.objects.unlink(sphere)
RuntimeError: Error: Object 'InstanceSphere' not in collection 'Scene Collection'
  File "C:\Users\W\Documents\FAST Settings\AGPT-4 Script Testing\modified_user_script.py", line 524, in setup_geometry_nodes
    if not node_tree.inputs:
           ^^^^^^^^^^^^^^^^
AttributeError: 'GeometryNodeTree' object has no attribute 'inputs'




WARN (bke.modifier): C:\Users\blender\git\blender-v430\blender.git\source\blender\blenkernel\intern\modifier.cc:424 BKE_modifier_set_error: Object: "Cube", Modifier: "GeometryNodes_Mod", Node group must have an output socket

ðŸš€ file_path: C:\Users\W\Documents\FAST Settings\AGPT-4 Script Testing\addon_state.json
ðŸš€ folder_path: C:\Users\W\AppData\Roaming\Blender Foundation\Blender\4.3\scripts\addons\blender_ai_without_errors\lib\Python311\site-packages
ðŸš€ sys.path: ['C:\\Users\\W\\AppData\\Roaming\\Blender Foundation\\Blender\\4.3\\scripts\\addons\\blender_ai_without_errors\\lib\\Python311\\site-packages', 'C:\\Program Files\\Blender Foundation\\Blender 4.3\\4.3\\python\\lib', 'C:\\Users\\W\\AppData\\Roaming\\Blender Foundation\\Blender\\4.3\\scripts\\addons\\blender_ai_without_errors\\lib\\Python311\\site-packages\\win32', 'C:\\Users\\W\\AppData\\Roaming\\Blender Foundation\\Blender\\4.3\\scripts\\addons\\blender_ai_without_errors\\lib\\Python311\\site-packages\\win32', 'C:\\Users\\W\\AppData\\Roaming\\Blender Foundation\\Blender\\4.3\\scripts\\addons\\blender_ai_without_errors\\lib\\Python311\\site-packages\\win32\\lib', 'C:\\Users\\W\\AppData\\Roaming\\Blender Foundation\\Blender\\4.3\\scripts\\addons\\blender_ai_without_errors\\lib\\Python311\\site-packages\\pywin32_system32']
ðŸš€ not_installed_libraries: [('ffmpeg', 'ffmpeg', ''), ('matplotlib', 'matplotlib', ''), ('PIL', 'pillow', ''), ('psutil', 'psutil', ''), ('pyautogui', 'PyAutoGUI', ''), ('pyperclip', 'pyperclip', ''), ('pywinctl', 'pywinctl', ''), ('tzdata', 'tzdata', ''), ('dateutil', 'python-dateutil', ''), ('pytz', 'pytz', ''), ('pydantic', 'pydantic', ''), ('tiktoken', 'tiktoken', ''), ('selenium', 'selenium', '4.1.0'), ('lxml', 'lxml', ''), ('plotly', 'plotly', ''), ('pygments', 'pygments', ''), ('openai', 'openai', ''), ('instructor', 'instructor', '')]
Check GPT Test libraries function
*** SCRIPT STARTED ***
Created default cube as it did not exist
Error: Unable to unlink sphere from scene collection
Linked sphere to collection 'Instances'
Added Geometry Nodes modifier to cube
Created new Geometry Nodes node tree and assigned it to the modifier
Created Group Input node
Created Group Output node
Error: Failed to set up Geometry Nodes
Script execution complete
*** SCRIPT COMPLETED ***
Read blend: "C:\Users\W\AppData\Roaming\Blender Foundation\Blender\4.3\scripts\addons\blender_ai_thats_error_proof\data\autogpt\workspace\default(do not use).blend"
Saved session recovery to "C:\Users\W\AppData\Local\Temp\quit.blend"
Blender quit
Traceback (most recent call last):
  File "C:\Users\W\Documents\FAST Settings\AGPT-4 Script Testing\modified_user_script.py", line 324, in gpt_test_libraries
    raise ImportError(
ImportError: The path C:\Users\W\AppData\Roaming\Blender Foundation\Blender\4.3\scripts\addons\blender_ai_without_errors\lib\Python311\site-packages\ffmpeg.exe does not exist or is not executable.
  File "C:\Users\W\Documents\FAST Settings\AGPT-4 Script Testing\modified_user_script.py", line 284, in gpt_test_libraries
    from PIL import Image
ModuleNotFoundError: No module named 'PIL'
  File "C:\Users\W\Documents\FAST Settings\AGPT-4 Script Testing\modified_user_script.py", line 334, in gpt_test_libraries
    import pyautogui
ModuleNotFoundError: No module named 'pyautogui'
  File "C:\Users\W\Documents\FAST Settings\AGPT-4 Script Testing\modified_user_script.py", line 342, in gpt_test_libraries
    import pywinctl
ModuleNotFoundError: No module named 'pywinctl'
  File "C:\Users\W\Documents\FAST Settings\AGPT-4 Script Testing\modified_user_script.py", line 303, in gpt_test_libraries
    import dateutil
ModuleNotFoundError: No module named 'dateutil'
  File "C:\Users\W\Documents\FAST Settings\AGPT-4 Script Testing\modified_user_script.py", line 361, in gpt_test_libraries
    import pydantic_core  # Required for OpenAI model schema
    ^^^^^^^^^^^^^^^^^^^^
ModuleNotFoundError: No module named 'pydantic_core'
  File "C:\Users\W\Documents\FAST Settings\AGPT-4 Script Testing\modified_user_script.py", line 261, in gpt_test_libraries
    import instructor
ModuleNotFoundError: No module named 'instructor'
  File "C:\Users\W\Documents\FAST Settings\AGPT-4 Script Testing\modified_user_script.py", line 473, in create_instance_sphere
    bpy.context.scene.collection.objects.unlink(sphere)
RuntimeError: Error: Object 'InstanceSphere' not in collection 'Scene Collection'
  File "C:\Users\W\Documents\FAST Settings\AGPT-4 Script Testing\modified_user_script.py", line 535, in setup_geometry_nodes
    point_distribute = nodes.new(type='GeometryNodePointDistribute')
                       ^^^^^^^^^^^^^^^^^^^^^^^^^^^^^^^^^^^^^^^^^^^^^
RuntimeError: Error: Node type GeometryNodePointDistribute undefined




WARN (bke.modifier): C:\Users\blender\git\blender-v430\blender.git\source\blender\blenkernel\intern\modifier.cc:424 BKE_modifier_set_error: Object: "Cube", Modifier: "GeometryNodes_Mod", Node group must have an output socket

ðŸš€ file_path: C:\Users\W\Documents\FAST Settings\AGPT-4 Script Testing\addon_state.json
ðŸš€ folder_path: C:\Users\W\AppData\Roaming\Blender Foundation\Blender\4.3\scripts\addons\blender_ai_without_errors\lib\Python311\site-packages
ðŸš€ sys.path: ['C:\\Users\\W\\AppData\\Roaming\\Blender Foundation\\Blender\\4.3\\scripts\\addons\\blender_ai_without_errors\\lib\\Python311\\site-packages', 'C:\\Program Files\\Blender Foundation\\Blender 4.3\\4.3\\python\\lib', 'C:\\Users\\W\\AppData\\Roaming\\Blender Foundation\\Blender\\4.3\\scripts\\addons\\blender_ai_without_errors\\lib\\Python311\\site-packages\\win32', 'C:\\Users\\W\\AppData\\Roaming\\Blender Foundation\\Blender\\4.3\\scripts\\addons\\blender_ai_without_errors\\lib\\Python311\\site-packages\\win32', 'C:\\Users\\W\\AppData\\Roaming\\Blender Foundation\\Blender\\4.3\\scripts\\addons\\blender_ai_without_errors\\lib\\Python311\\site-packages\\win32\\lib', 'C:\\Users\\W\\AppData\\Roaming\\Blender Foundation\\Blender\\4.3\\scripts\\addons\\blender_ai_without_errors\\lib\\Python311\\site-packages\\pywin32_system32']
ðŸš€ not_installed_libraries: [('ffmpeg', 'ffmpeg', ''), ('matplotlib', 'matplotlib', ''), ('PIL', 'pillow', ''), ('psutil', 'psutil', ''), ('pyautogui', 'PyAutoGUI', ''), ('pyperclip', 'pyperclip', ''), ('pywinctl', 'pywinctl', ''), ('tzdata', 'tzdata', ''), ('dateutil', 'python-dateutil', ''), ('pytz', 'pytz', ''), ('pydantic', 'pydantic', ''), ('tiktoken', 'tiktoken', ''), ('selenium', 'selenium', '4.1.0'), ('lxml', 'lxml', ''), ('plotly', 'plotly', ''), ('pygments', 'pygments', ''), ('openai', 'openai', ''), ('instructor', 'instructor', '')]
Check GPT Test libraries function
*** SCRIPT STARTED ***
Created default cube as it did not exist
Created a new instance sphere
Sphere not in scene collection; no unlink needed
Linked sphere to collection 'Instances'
Added Geometry Nodes modifier to cube
Created new Geometry Nodes node tree and assigned it to the modifier
Created Group Input node
Created Group Output node
Error: Failed to add output socket to node group interface
Error: Failed to create or set up Points Distribute node
Script execution complete
*** SCRIPT COMPLETED ***
Read blend: "C:\Users\W\AppData\Roaming\Blender Foundation\Blender\4.3\scripts\addons\blender_ai_thats_error_proof\data\autogpt\workspace\default(do not use).blend"
Saved session recovery to "C:\Users\W\AppData\Local\Temp\quit.blend"
Blender quit
Traceback (most recent call last):
  File "C:\Users\W\Documents\FAST Settings\AGPT-4 Script Testing\modified_user_script.py", line 324, in gpt_test_libraries
    raise ImportError(
ImportError: The path C:\Users\W\AppData\Roaming\Blender Foundation\Blender\4.3\scripts\addons\blender_ai_without_errors\lib\Python311\site-packages\ffmpeg.exe does not exist or is not executable.
  File "C:\Users\W\Documents\FAST Settings\AGPT-4 Script Testing\modified_user_script.py", line 284, in gpt_test_libraries
    from PIL import Image
ModuleNotFoundError: No module named 'PIL'
  File "C:\Users\W\Documents\FAST Settings\AGPT-4 Script Testing\modified_user_script.py", line 334, in gpt_test_libraries
    import pyautogui
ModuleNotFoundError: No module named 'pyautogui'
  File "C:\Users\W\Documents\FAST Settings\AGPT-4 Script Testing\modified_user_script.py", line 342, in gpt_test_libraries
    import pywinctl
ModuleNotFoundError: No module named 'pywinctl'
  File "C:\Users\W\Documents\FAST Settings\AGPT-4 Script Testing\modified_user_script.py", line 303, in gpt_test_libraries
    import dateutil
ModuleNotFoundError: No module named 'dateutil'
  File "C:\Users\W\Documents\FAST Settings\AGPT-4 Script Testing\modified_user_script.py", line 361, in gpt_test_libraries
    import pydantic_core  # Required for OpenAI model schema
    ^^^^^^^^^^^^^^^^^^^^
ModuleNotFoundError: No module named 'pydantic_core'
  File "C:\Users\W\Documents\FAST Settings\AGPT-4 Script Testing\modified_user_script.py", line 261, in gpt_test_libraries
    import instructor
ModuleNotFoundError: No module named 'instructor'
  File "C:\Users\W\Documents\FAST Settings\AGPT-4 Script Testing\modified_user_script.py", line 544, in setup_geometry_nodes
    if not node_tree.interface.get('Geometry'):
           ^^^^^^^^^^^^^^^^^^^^^^^^^^^^^^^^^^^
TypeError: this type doesn't support IDProperties
  File "C:\Users\W\Documents\FAST Settings\AGPT-4 Script Testing\modified_user_script.py", line 566, in setup_geometry_nodes
    point_distribute.inputs[1].default_value = 100.0  # high density
    ^^^^^^^^^^^^^^^^^^^^^^^^^^^^^^^^^^^^^^^^
TypeError: bpy_struct: item.attr = val: NodeSocketBool.default_value expected True/False or 0/1, not float




WARN (bke.modifier): C:\Users\blender\git\blender-v430\blender.git\source\blender\blenkernel\intern\modifier.cc:424 BKE_modifier_set_error: Object: "Cube", Modifier: "GeometryNodes", Node group must have a group output node

ðŸš€ file_path: C:\Users\W\Documents\FAST Settings\AGPT-4 Script Testing\addon_state.json
âœ… Successfully loaded gpt_libraries from file!
ðŸš€ folder_path: C:\Users\W\AppData\Roaming\Blender Foundation\Blender\4.3\scripts\addons\blender_ai_without_errors\lib\Python311\site-packages
ðŸš€ sys.path: ['C:\\Users\\W\\AppData\\Roaming\\Blender Foundation\\Blender\\4.3\\scripts\\addons\\blender_ai_without_errors\\lib\\Python311\\site-packages', 'C:\\Program Files\\Blender Foundation\\Blender 4.3\\4.3\\python\\lib', 'C:\\Users\\W\\AppData\\Roaming\\Blender Foundation\\Blender\\4.3\\scripts\\addons\\blender_ai_without_errors\\lib\\Python311\\site-packages\\win32', 'C:\\Users\\W\\AppData\\Roaming\\Blender Foundation\\Blender\\4.3\\scripts\\addons\\blender_ai_without_errors\\lib\\Python311\\site-packages\\win32', 'C:\\Users\\W\\AppData\\Roaming\\Blender Foundation\\Blender\\4.3\\scripts\\addons\\blender_ai_without_errors\\lib\\Python311\\site-packages\\win32\\lib', 'C:\\Users\\W\\AppData\\Roaming\\Blender Foundation\\Blender\\4.3\\scripts\\addons\\blender_ai_without_errors\\lib\\Python311\\site-packages\\pywin32_system32']
ðŸš€ not_installed_libraries: [('cv2', 'opencv-python', ''), ('ffmpeg', 'ffmpeg', ''), ('matplotlib', 'matplotlib', ''), ('PIL', 'pillow', ''), ('psutil', 'psutil', ''), ('pyautogui', 'PyAutoGUI', ''), ('pyperclip', 'pyperclip', ''), ('pywinctl', 'pywinctl', ''), ('tzdata', 'tzdata', ''), ('dateutil', 'python-dateutil', ''), ('pytz', 'pytz', ''), ('pydantic', 'pydantic', ''), ('tiktoken', 'tiktoken', ''), ('selenium', 'selenium', '4.1.0'), ('lxml', 'lxml', ''), ('plotly', 'plotly', ''), ('pygments', 'pygments', ''), ('openai', 'openai', ''), ('instructor', 'instructor', '')]
Check GPT Test libraries function
*** SCRIPT STARTED ***
Default Cube was created
Added GeometryNodes modifier to Cube
Created and assigned new Geometry Node tree to modifier
Switched to Geometry Nodes workspace
Error: Group Input or Group Output not found in node tree
Script executed successfully.
*** SCRIPT COMPLETED ***
Read blend: "C:\Users\W\AppData\Roaming\Blender Foundation\Blender\4.3\scripts\addons\blender_ai_thats_error_proof\data\autogpt\workspace\default(do not use).blend"
Saved session recovery to "C:\Users\W\AppData\Local\Temp\quit.blend"
Blender quit
Traceback (most recent call last):
  File "C:\Users\W\Documents\FAST Settings\AGPT-4 Script Testing\modified_user_script.py", line 343, in gpt_test_libraries
    raise ImportError(
ImportError: The path C:\Users\W\AppData\Roaming\Blender Foundation\Blender\4.3\scripts\addons\blender_ai_without_errors\lib\Python311\site-packages\ffmpeg.exe does not exist or is not executable.
  File "C:\Users\W\Documents\FAST Settings\AGPT-4 Script Testing\modified_user_script.py", line 304, in gpt_test_libraries
    from PIL import Image
ModuleNotFoundError: No module named 'PIL'
  File "C:\Users\W\Documents\FAST Settings\AGPT-4 Script Testing\modified_user_script.py", line 353, in gpt_test_libraries
    import pyautogui
ModuleNotFoundError: No module named 'pyautogui'
  File "C:\Users\W\Documents\FAST Settings\AGPT-4 Script Testing\modified_user_script.py", line 361, in gpt_test_libraries
    import pywinctl
ModuleNotFoundError: No module named 'pywinctl'
  File "C:\Users\W\Documents\FAST Settings\AGPT-4 Script Testing\modified_user_script.py", line 323, in gpt_test_libraries
    import dateutil
ModuleNotFoundError: No module named 'dateutil'
  File "C:\Users\W\Documents\FAST Settings\AGPT-4 Script Testing\modified_user_script.py", line 380, in gpt_test_libraries
    import pydantic_core  # Required for OpenAI model schema
    ^^^^^^^^^^^^^^^^^^^^
ModuleNotFoundError: No module named 'pydantic_core'
  File "C:\Users\W\Documents\FAST Settings\AGPT-4 Script Testing\modified_user_script.py", line 281, in gpt_test_libraries
    import instructor
ModuleNotFoundError: No module named 'instructor'




WARN (bke.modifier): C:\Users\blender\git\blender-v430\blender.git\source\blender\blenkernel\intern\modifier.cc:424 BKE_modifier_set_error: Object: "Cube", Modifier: "GeometryNodes", Node group must have an output socket

ðŸš€ file_path: C:\Users\W\Documents\FAST Settings\AGPT-4 Script Testing\addon_state.json
âœ… Successfully loaded gpt_libraries from file!
ðŸš€ folder_path: C:\Users\W\AppData\Roaming\Blender Foundation\Blender\4.3\scripts\addons\blender_ai_without_errors\lib\Python311\site-packages
ðŸš€ sys.path: ['C:\\Users\\W\\AppData\\Roaming\\Blender Foundation\\Blender\\4.3\\scripts\\addons\\blender_ai_without_errors\\lib\\Python311\\site-packages', 'C:\\Program Files\\Blender Foundation\\Blender 4.3\\4.3\\python\\lib', 'C:\\Users\\W\\AppData\\Roaming\\Blender Foundation\\Blender\\4.3\\scripts\\addons\\blender_ai_without_errors\\lib\\Python311\\site-packages\\win32', 'C:\\Users\\W\\AppData\\Roaming\\Blender Foundation\\Blender\\4.3\\scripts\\addons\\blender_ai_without_errors\\lib\\Python311\\site-packages\\win32', 'C:\\Users\\W\\AppData\\Roaming\\Blender Foundation\\Blender\\4.3\\scripts\\addons\\blender_ai_without_errors\\lib\\Python311\\site-packages\\win32\\lib', 'C:\\Users\\W\\AppData\\Roaming\\Blender Foundation\\Blender\\4.3\\scripts\\addons\\blender_ai_without_errors\\lib\\Python311\\site-packages\\pywin32_system32']
ðŸš€ not_installed_libraries: [('cv2', 'opencv-python', ''), ('ffmpeg', 'ffmpeg', ''), ('matplotlib', 'matplotlib', ''), ('PIL', 'pillow', ''), ('psutil', 'psutil', ''), ('pyautogui', 'PyAutoGUI', ''), ('pyperclip', 'pyperclip', ''), ('pywinctl', 'pywinctl', ''), ('tzdata', 'tzdata', ''), ('dateutil', 'python-dateutil', ''), ('pytz', 'pytz', ''), ('pydantic', 'pydantic', ''), ('tiktoken', 'tiktoken', ''), ('selenium', 'selenium', '4.1.0'), ('lxml', 'lxml', ''), ('plotly', 'plotly', ''), ('pygments', 'pygments', ''), ('openai', 'openai', ''), ('instructor', 'instructor', '')]
Check GPT Test libraries function
*** SCRIPT STARTED ***
Default Cube was created
Added GeometryNodes modifier to Cube
Created and assigned new Geometry Node tree to modifier
Switched to Geometry Nodes workspace
Error: Exception in create_geometry_nodes_setup: 'NodeTreeInterface' object has no attribute 'sockets'
Script executed successfully.
*** SCRIPT COMPLETED ***
Read blend: "C:\Users\W\AppData\Roaming\Blender Foundation\Blender\4.3\scripts\addons\blender_ai_thats_error_proof\data\autogpt\workspace\default(do not use).blend"
Saved session recovery to "C:\Users\W\AppData\Local\Temp\quit.blend"
Blender quit
Traceback (most recent call last):
  File "C:\Users\W\Documents\FAST Settings\AGPT-4 Script Testing\modified_user_script.py", line 343, in gpt_test_libraries
    raise ImportError(
ImportError: The path C:\Users\W\AppData\Roaming\Blender Foundation\Blender\4.3\scripts\addons\blender_ai_without_errors\lib\Python311\site-packages\ffmpeg.exe does not exist or is not executable.
  File "C:\Users\W\Documents\FAST Settings\AGPT-4 Script Testing\modified_user_script.py", line 304, in gpt_test_libraries
    from PIL import Image
ModuleNotFoundError: No module named 'PIL'
  File "C:\Users\W\Documents\FAST Settings\AGPT-4 Script Testing\modified_user_script.py", line 353, in gpt_test_libraries
    import pyautogui
ModuleNotFoundError: No module named 'pyautogui'
  File "C:\Users\W\Documents\FAST Settings\AGPT-4 Script Testing\modified_user_script.py", line 361, in gpt_test_libraries
    import pywinctl
ModuleNotFoundError: No module named 'pywinctl'
  File "C:\Users\W\Documents\FAST Settings\AGPT-4 Script Testing\modified_user_script.py", line 323, in gpt_test_libraries
    import dateutil
ModuleNotFoundError: No module named 'dateutil'
  File "C:\Users\W\Documents\FAST Settings\AGPT-4 Script Testing\modified_user_script.py", line 380, in gpt_test_libraries
    import pydantic_core  # Required for OpenAI model schema
    ^^^^^^^^^^^^^^^^^^^^
ModuleNotFoundError: No module named 'pydantic_core'
  File "C:\Users\W\Documents\FAST Settings\AGPT-4 Script Testing\modified_user_script.py", line 281, in gpt_test_libraries
    import instructor
ModuleNotFoundError: No module named 'instructor'
  File "C:\Users\W\Documents\FAST Settings\AGPT-4 Script Testing\modified_user_script.py", line 578, in create_geometry_nodes_setup
    if not node_tree.interface.sockets:
           ^^^^^^^^^^^^^^^^^^^^^^^^^^^
AttributeError: 'NodeTreeInterface' object has no attribute 'sockets'




Read blend: "C:\Users\W\AppData\Roaming\Blender Foundation\Blender\4.3\scripts\addons\blender_ai_thats_error_proof\data\autogpt\workspace\default(do not use).blend"
Traceback (most recent call last):
  File "C:\Users\W\Documents\FAST Settings\AGPT-4 Script Testing\modified_user_script.py", line 416, in <module>
    gpt_test_libraries()
  File "C:\Users\W\Documents\FAST Settings\AGPT-4 Script Testing\modified_user_script.py", line 275, in gpt_test_libraries
    for lib, pip_name, version in gpt_libraries:
TypeError: 'NoneType' object is not iterable




Read blend: "C:\Users\W\AppData\Roaming\Blender Foundation\Blender\4.3\scripts\addons\blender_ai_thats_error_proof\data\autogpt\workspace\default(do not use).blend"
Traceback (most recent call last):
  File "C:\Users\W\Documents\FAST Settings\AGPT-4 Script Testing\modified_user_script.py", line 422, in <module>
    gpt_test_libraries()
  File "C:\Users\W\Documents\FAST Settings\AGPT-4 Script Testing\modified_user_script.py", line 281, in gpt_test_libraries
    for lib, pip_name, version in gpt_libraries:
TypeError: 'NoneType' object is not iterable




Read blend: "C:\Users\W\AppData\Roaming\Blender Foundation\Blender\4.3\scripts\addons\blender_ai_thats_error_proof\data\autogpt\workspace\default(do not use).blend"
Traceback (most recent call last):
  File "C:\Users\W\Documents\FAST Settings\AGPT-4 Script Testing\modified_user_script.py", line 422, in <module>
    gpt_test_libraries()
  File "C:\Users\W\Documents\FAST Settings\AGPT-4 Script Testing\modified_user_script.py", line 281, in gpt_test_libraries
    for lib, pip_name, version in gpt_libraries:
TypeError: 'NoneType' object is not iterable




Read blend: "C:\Users\W\AppData\Roaming\Blender Foundation\Blender\4.3\scripts\addons\blender_ai_thats_error_proof\data\autogpt\workspace\default(do not use).blend"
Traceback (most recent call last):
  File "C:\Users\W\Documents\FAST Settings\AGPT-4 Script Testing\modified_user_script.py", line 422, in <module>
    gpt_test_libraries()
  File "C:\Users\W\Documents\FAST Settings\AGPT-4 Script Testing\modified_user_script.py", line 281, in gpt_test_libraries
    for lib, pip_name, version in gpt_libraries:
TypeError: 'NoneType' object is not iterable




Read blend: "C:\Users\W\AppData\Roaming\Blender Foundation\Blender\4.3\scripts\addons\blender_ai_thats_error_proof\data\autogpt\workspace\default(do not use).blend"
Traceback (most recent call last):
  File "C:\Users\W\Documents\FAST Settings\AGPT-4 Script Testing\modified_user_script.py", line 421, in <module>
    gpt_test_libraries()
  File "C:\Users\W\Documents\FAST Settings\AGPT-4 Script Testing\modified_user_script.py", line 280, in gpt_test_libraries
    for lib, pip_name, version in gpt_libraries:
TypeError: 'NoneType' object is not iterable




WARN (bke.modifier): C:\Users\blender\git\blender-v430\blender.git\source\blender\blenkernel\intern\modifier.cc:424 BKE_modifier_set_error: Object: "Cube", Modifier: "GeometryNodes", Node group must have an output socket

ðŸš€ file_path: C:\Users\W\Documents\FAST Settings\AGPT-4 Script Testing\addon_state.json
Globals after execution:
__name__: __main__
__doc__: None
__package__: None
__loader__: None
__spec__: None
__file__: C:\Users\W\Documents\FAST Settings\AGPT-4 Script Testing\modified_user_script.py
__builtins__: {'__name__': 'builtins', '__doc__': "Built-in functions, types, exceptions, and other objects.\n\nThis module provides direct access to all 'built-in'\nidentifiers of Python; for example, builtins.len is\nthe full name for the built-in function len().\n\nThis module is not normally accessed explicitly by most\napplications, but can be useful in modules that provide\nobjects with the same name as a built-in value, but in\nwhich the built-in of that name is also needed.", '__package__': '', '__loader__': <class '_frozen_importlib.BuiltinImporter'>, '__spec__': ModuleSpec(name='builtins', loader=<class '_frozen_importlib.BuiltinImporter'>, origin='built-in'), '__build_class__': <built-in function __build_class__>, '__import__': <built-in function __import__>, 'abs': <built-in function abs>, 'all': <built-in function all>, 'any': <built-in function any>, 'ascii': <built-in function ascii>, 'bin': <built-in function bin>, 'breakpoint': <built-in function breakpoint>, 'callable': <built-in function callable>, 'chr': <built-in function chr>, 'compile': <built-in function compile>, 'delattr': <built-in function delattr>, 'dir': <built-in function dir>, 'divmod': <built-in function divmod>, 'eval': <built-in function eval>, 'exec': <built-in function exec>, 'format': <built-in function format>, 'getattr': <built-in function getattr>, 'globals': <built-in function globals>, 'hasattr': <built-in function hasattr>, 'hash': <built-in function hash>, 'hex': <built-in function hex>, 'id': <built-in function id>, 'input': <built-in function input>, 'isinstance': <built-in function isinstance>, 'issubclass': <built-in function issubclass>, 'iter': <built-in function iter>, 'aiter': <built-in function aiter>, 'len': <built-in function len>, 'locals': <built-in function locals>, 'max': <built-in function max>, 'min': <built-in function min>, 'next': <built-in function next>, 'anext': <built-in function anext>, 'oct': <built-in function oct>, 'ord': <built-in function ord>, 'pow': <built-in function pow>, 'print': <built-in function print>, 'repr': <built-in function repr>, 'round': <built-in function round>, 'setattr': <built-in function setattr>, 'sorted': <built-in function sorted>, 'sum': <built-in function sum>, 'vars': <built-in function vars>, 'None': None, 'Ellipsis': Ellipsis, 'NotImplemented': NotImplemented, 'False': False, 'True': True, 'bool': <class 'bool'>, 'memoryview': <class 'memoryview'>, 'bytearray': <class 'bytearray'>, 'bytes': <class 'bytes'>, 'classmethod': <class 'classmethod'>, 'complex': <class 'complex'>, 'dict': <class 'dict'>, 'enumerate': <class 'enumerate'>, 'filter': <class 'filter'>, 'float': <class 'float'>, 'frozenset': <class 'frozenset'>, 'property': <class 'property'>, 'int': <class 'int'>, 'list': <class 'list'>, 'map': <class 'map'>, 'object': <class 'object'>, 'range': <class 'range'>, 'reversed': <class 'reversed'>, 'set': <class 'set'>, 'slice': <class 'slice'>, 'staticmethod': <class 'staticmethod'>, 'str': <class 'str'>, 'super': <class 'super'>, 'tuple': <class 'tuple'>, 'type': <class 'type'>, 'zip': <class 'zip'>, '__debug__': True, 'BaseException': <class 'BaseException'>, 'BaseExceptionGroup': <class 'BaseExceptionGroup'>, 'Exception': <class 'Exception'>, 'GeneratorExit': <class 'GeneratorExit'>, 'KeyboardInterrupt': <class 'KeyboardInterrupt'>, 'SystemExit': <class 'SystemExit'>, 'ArithmeticError': <class 'ArithmeticError'>, 'AssertionError': <class 'AssertionError'>, 'AttributeError': <class 'AttributeError'>, 'BufferError': <class 'BufferError'>, 'EOFError': <class 'EOFError'>, 'ImportError': <class 'ImportError'>, 'LookupError': <class 'LookupError'>, 'MemoryError': <class 'MemoryError'>, 'NameError': <class 'NameError'>, 'OSError': <class 'OSError'>, 'ReferenceError': <class 'ReferenceError'>, 'RuntimeError': <class 'RuntimeError'>, 'StopAsyncIteration': <class 'StopAsyncIteration'>, 'StopIteration': <class 'StopIteration'>, 'SyntaxError': <class 'SyntaxError'>, 'SystemError': <class 'SystemError'>, 'TypeError': <class 'TypeError'>, 'ValueError': <class 'ValueError'>, 'Warning': <class 'Warning'>, 'FloatingPointError': <class 'FloatingPointError'>, 'OverflowError': <class 'OverflowError'>, 'ZeroDivisionError': <class 'ZeroDivisionError'>, 'BytesWarning': <class 'BytesWarning'>, 'DeprecationWarning': <class 'DeprecationWarning'>, 'EncodingWarning': <class 'EncodingWarning'>, 'FutureWarning': <class 'FutureWarning'>, 'ImportWarning': <class 'ImportWarning'>, 'PendingDeprecationWarning': <class 'PendingDeprecationWarning'>, 'ResourceWarning': <class 'ResourceWarning'>, 'RuntimeWarning': <class 'RuntimeWarning'>, 'SyntaxWarning': <class 'SyntaxWarning'>, 'UnicodeWarning': <class 'UnicodeWarning'>, 'UserWarning': <class 'UserWarning'>, 'BlockingIOError': <class 'BlockingIOError'>, 'ChildProcessError': <class 'ChildProcessError'>, 'ConnectionError': <class 'ConnectionError'>, 'FileExistsError': <class 'FileExistsError'>, 'FileNotFoundError': <class 'FileNotFoundError'>, 'InterruptedError': <class 'InterruptedError'>, 'IsADirectoryError': <class 'IsADirectoryError'>, 'NotADirectoryError': <class 'NotADirectoryError'>, 'PermissionError': <class 'PermissionError'>, 'ProcessLookupError': <class 'ProcessLookupError'>, 'TimeoutError': <class 'TimeoutError'>, 'IndentationError': <class 'IndentationError'>, 'IndexError': <class 'IndexError'>, 'KeyError': <class 'KeyError'>, 'ModuleNotFoundError': <class 'ModuleNotFoundError'>, 'NotImplementedError': <class 'NotImplementedError'>, 'RecursionError': <class 'RecursionError'>, 'UnboundLocalError': <class 'UnboundLocalError'>, 'UnicodeError': <class 'UnicodeError'>, 'BrokenPipeError': <class 'BrokenPipeError'>, 'ConnectionAbortedError': <class 'ConnectionAbortedError'>, 'ConnectionRefusedError': <class 'ConnectionRefusedError'>, 'ConnectionResetError': <class 'ConnectionResetError'>, 'TabError': <class 'TabError'>, 'UnicodeDecodeError': <class 'UnicodeDecodeError'>, 'UnicodeEncodeError': <class 'UnicodeEncodeError'>, 'UnicodeTranslateError': <class 'UnicodeTranslateError'>, 'ExceptionGroup': <class 'ExceptionGroup'>, 'EnvironmentError': <class 'OSError'>, 'IOError': <class 'OSError'>, 'WindowsError': <class 'OSError'>, 'open': <built-in function open>, 'quit': Use quit() or Ctrl-Z plus Return to exit, 'exit': Use exit() or Ctrl-Z plus Return to exit, 'copyright': Copyright (c) 2001-2023 Python Software Foundation.
All Rights Reserved.
Copyright (c) 2000 BeOpen.com.
Copyright (c) 1995-2001 Corporation for National Research Initiatives.
Copyright (c) 1991-1995 Stichting Mathematisch Centrum, Amsterdam.
All Rights Reserved., 'credits':     Thanks to CWI, CNRI, BeOpen.com, Zope Corporation and a cast of thousands
    for supporting Python development.  See www.python.org for more information., 'license': See https://www.python.org/psf/license/, 'help': Type help() for interactive help, or help(object) for help about object.}
var: 15
bpy: <module 'bpy' from 'C:\\Program Files\\Blender Foundation\\Blender 4.3\\4.3\\scripts\\modules\\bpy\\__init__.py'>
traceback: <module 'traceback' from 'C:\\Program Files\\Blender Foundation\\Blender 4.3\\4.3\\python\\Lib\\traceback.py'>
os: <module 'os' (frozen)>
json: <module 'json' from 'C:\\Program Files\\Blender Foundation\\Blender 4.3\\4.3\\python\\Lib\\json\\__init__.py'>
restore_addons: <function restore_addons at 0x00000222C210A660>
scripts_dir: C:\Users\W\AppData\Roaming\Blender Foundation\Blender\4.3\scripts
addons_dir: C:\Users\W\AppData\Roaming\Blender Foundation\Blender\4.3\scripts\addons
file_path: C:\Users\W\AppData\Roaming\Blender Foundation\Blender\4.3\scripts\addons\blender_ai_thats_error_proof\data\gpt_libraries_from_blender_ai.txt
gpt_libraries: [('cv2', 'opencv-python', ''), ('ffmpeg', 'ffmpeg', ''), ('matplotlib', 'matplotlib', ''), ('PIL', 'pillow', ''), ('psutil', 'psutil', ''), ('pyautogui', 'PyAutoGUI', ''), ('pyperclip', 'pyperclip', ''), ('pywinctl', 'pywinctl', ''), ('tzdata', 'tzdata', ''), ('dateutil', 'python-dateutil', ''), ('pytz', 'pytz', ''), ('pydantic', 'pydantic', ''), ('tiktoken', 'tiktoken', ''), ('selenium', 'selenium', '4.1.0'), ('lxml', 'lxml', ''), ('plotly', 'plotly', ''), ('pygments', 'pygments', ''), ('openai', 'openai', ''), ('instructor', 'instructor', '')]
file: <_io.TextIOWrapper name='C:\\Users\\W\\AppData\\Roaming\\Blender Foundation\\Blender\\4.3\\scripts\\addons\\blender_ai_thats_error_proof\\data\\gpt_libraries_from_blender_ai.txt' mode='r' encoding='utf-8'>
platform: <module 'platform' from 'C:\\Program Files\\Blender Foundation\\Blender 4.3\\4.3\\python\\Lib\\platform.py'>
âœ… Successfully loaded gpt_libraries from file!
Retrieved gpt_libraries: [('cv2', 'opencv-python', ''), ('ffmpeg', 'ffmpeg', ''), ('matplotlib', 'matplotlib', ''), ('PIL', 'pillow', ''), ('psutil', 'psutil', ''), ('pyautogui', 'PyAutoGUI', ''), ('pyperclip', 'pyperclip', ''), ('pywinctl', 'pywinctl', ''), ('tzdata', 'tzdata', ''), ('dateutil', 'python-dateutil', ''), ('pytz', 'pytz', ''), ('pydantic', 'pydantic', ''), ('tiktoken', 'tiktoken', ''), ('selenium', 'selenium', '4.1.0'), ('lxml', 'lxml', ''), ('plotly', 'plotly', ''), ('pygments', 'pygments', ''), ('openai', 'openai', ''), ('instructor', 'instructor', '')]
ðŸš€ folder_path: C:\Users\W\AppData\Roaming\Blender Foundation\Blender\4.3\scripts\addons\FAST\lib\Python311\site-packages
*** SCRIPT STARTED ***
Default cube not found. Creating default cube.
Added placeholder collection 'Instances' as a dedicated collection for instances.
*** SCRIPT COMPLETED ***
Caught an exception: 'GeometryNodeTree' object has no attribute 'inputs'
Read blend: "C:\Users\W\AppData\Roaming\Blender Foundation\Blender\4.3\scripts\addons\blender_ai_thats_error_proof\data\autogpt\workspace\default(do not use).blend"
Saved session recovery to "C:\Users\W\AppData\Local\Temp\quit.blend"
Blender quit
Traceback (most recent call last):
  File "C:\Users\W\Documents\FAST Settings\AGPT-4 Script Testing\modified_user_script.py", line 523, in <module>
    main()
  File "C:\Users\W\Documents\FAST Settings\AGPT-4 Script Testing\modified_user_script.py", line 520, in main
    setup_geometry_nodes()
  File "C:\Users\W\Documents\FAST Settings\AGPT-4 Script Testing\modified_user_script.py", line 467, in setup_geometry_nodes
    if 'Geometry' not in node_group.inputs:
                         ^^^^^^^^^^^^^^^^^
AttributeError: 'GeometryNodeTree' object has no attribute 'inputs'




Read blend: "C:\Users\W\AppData\Roaming\Blender Foundation\Blender\4.3\scripts\addons\blender_ai_thats_error_proof\data\autogpt\workspace\default(do not use).blend"
  File "C:\Users\W\Documents\FAST Settings\AGPT-4 Script Testing\modified_user_script.py", line 530
    """Switch to the Geometry Nodes workspace if it exists."""
                                                           ^
SyntaxError: unterminated triple-quoted string literal (detected at line 597)




WARN (bke.modifier): C:\Users\blender\git\blender-v430\blender.git\source\blender\blenkernel\intern\modifier.cc:424 BKE_modifier_set_error: Object: "Cube", Modifier: "GeometryNodes", Node group must have an output socket

ðŸš€ file_path: C:\Users\W\Documents\FAST Settings\AGPT-4 Script Testing\addon_state.json
__name__: __main__
__doc__: None
__package__: None
__loader__: None
__spec__: None
__file__: C:\Users\W\Documents\FAST Settings\AGPT-4 Script Testing\modified_user_script.py
__builtins__: {'__name__': 'builtins', '__doc__': "Built-in functions, types, exceptions, and other objects.\n\nThis module provides direct access to all 'built-in'\nidentifiers of Python; for example, builtins.len is\nthe full name for the built-in function len().\n\nThis module is not normally accessed explicitly by most\napplications, but can be useful in modules that provide\nobjects with the same name as a built-in value, but in\nwhich the built-in of that name is also needed.", '__package__': '', '__loader__': <class '_frozen_importlib.BuiltinImporter'>, '__spec__': ModuleSpec(name='builtins', loader=<class '_frozen_importlib.BuiltinImporter'>, origin='built-in'), '__build_class__': <built-in function __build_class__>, '__import__': <built-in function __import__>, 'abs': <built-in function abs>, 'all': <built-in function all>, 'any': <built-in function any>, 'ascii': <built-in function ascii>, 'bin': <built-in function bin>, 'breakpoint': <built-in function breakpoint>, 'callable': <built-in function callable>, 'chr': <built-in function chr>, 'compile': <built-in function compile>, 'delattr': <built-in function delattr>, 'dir': <built-in function dir>, 'divmod': <built-in function divmod>, 'eval': <built-in function eval>, 'exec': <built-in function exec>, 'format': <built-in function format>, 'getattr': <built-in function getattr>, 'globals': <built-in function globals>, 'hasattr': <built-in function hasattr>, 'hash': <built-in function hash>, 'hex': <built-in function hex>, 'id': <built-in function id>, 'input': <built-in function input>, 'isinstance': <built-in function isinstance>, 'issubclass': <built-in function issubclass>, 'iter': <built-in function iter>, 'aiter': <built-in function aiter>, 'len': <built-in function len>, 'locals': <built-in function locals>, 'max': <built-in function max>, 'min': <built-in function min>, 'next': <built-in function next>, 'anext': <built-in function anext>, 'oct': <built-in function oct>, 'ord': <built-in function ord>, 'pow': <built-in function pow>, 'print': <built-in function print>, 'repr': <built-in function repr>, 'round': <built-in function round>, 'setattr': <built-in function setattr>, 'sorted': <built-in function sorted>, 'sum': <built-in function sum>, 'vars': <built-in function vars>, 'None': None, 'Ellipsis': Ellipsis, 'NotImplemented': NotImplemented, 'False': False, 'True': True, 'bool': <class 'bool'>, 'memoryview': <class 'memoryview'>, 'bytearray': <class 'bytearray'>, 'bytes': <class 'bytes'>, 'classmethod': <class 'classmethod'>, 'complex': <class 'complex'>, 'dict': <class 'dict'>, 'enumerate': <class 'enumerate'>, 'filter': <class 'filter'>, 'float': <class 'float'>, 'frozenset': <class 'frozenset'>, 'property': <class 'property'>, 'int': <class 'int'>, 'list': <class 'list'>, 'map': <class 'map'>, 'object': <class 'object'>, 'range': <class 'range'>, 'reversed': <class 'reversed'>, 'set': <class 'set'>, 'slice': <class 'slice'>, 'staticmethod': <class 'staticmethod'>, 'str': <class 'str'>, 'super': <class 'super'>, 'tuple': <class 'tuple'>, 'type': <class 'type'>, 'zip': <class 'zip'>, '__debug__': True, 'BaseException': <class 'BaseException'>, 'BaseExceptionGroup': <class 'BaseExceptionGroup'>, 'Exception': <class 'Exception'>, 'GeneratorExit': <class 'GeneratorExit'>, 'KeyboardInterrupt': <class 'KeyboardInterrupt'>, 'SystemExit': <class 'SystemExit'>, 'ArithmeticError': <class 'ArithmeticError'>, 'AssertionError': <class 'AssertionError'>, 'AttributeError': <class 'AttributeError'>, 'BufferError': <class 'BufferError'>, 'EOFError': <class 'EOFError'>, 'ImportError': <class 'ImportError'>, 'LookupError': <class 'LookupError'>, 'MemoryError': <class 'MemoryError'>, 'NameError': <class 'NameError'>, 'OSError': <class 'OSError'>, 'ReferenceError': <class 'ReferenceError'>, 'RuntimeError': <class 'RuntimeError'>, 'StopAsyncIteration': <class 'StopAsyncIteration'>, 'StopIteration': <class 'StopIteration'>, 'SyntaxError': <class 'SyntaxError'>, 'SystemError': <class 'SystemError'>, 'TypeError': <class 'TypeError'>, 'ValueError': <class 'ValueError'>, 'Warning': <class 'Warning'>, 'FloatingPointError': <class 'FloatingPointError'>, 'OverflowError': <class 'OverflowError'>, 'ZeroDivisionError': <class 'ZeroDivisionError'>, 'BytesWarning': <class 'BytesWarning'>, 'DeprecationWarning': <class 'DeprecationWarning'>, 'EncodingWarning': <class 'EncodingWarning'>, 'FutureWarning': <class 'FutureWarning'>, 'ImportWarning': <class 'ImportWarning'>, 'PendingDeprecationWarning': <class 'PendingDeprecationWarning'>, 'ResourceWarning': <class 'ResourceWarning'>, 'RuntimeWarning': <class 'RuntimeWarning'>, 'SyntaxWarning': <class 'SyntaxWarning'>, 'UnicodeWarning': <class 'UnicodeWarning'>, 'UserWarning': <class 'UserWarning'>, 'BlockingIOError': <class 'BlockingIOError'>, 'ChildProcessError': <class 'ChildProcessError'>, 'ConnectionError': <class 'ConnectionError'>, 'FileExistsError': <class 'FileExistsError'>, 'FileNotFoundError': <class 'FileNotFoundError'>, 'InterruptedError': <class 'InterruptedError'>, 'IsADirectoryError': <class 'IsADirectoryError'>, 'NotADirectoryError': <class 'NotADirectoryError'>, 'PermissionError': <class 'PermissionError'>, 'ProcessLookupError': <class 'ProcessLookupError'>, 'TimeoutError': <class 'TimeoutError'>, 'IndentationError': <class 'IndentationError'>, 'IndexError': <class 'IndexError'>, 'KeyError': <class 'KeyError'>, 'ModuleNotFoundError': <class 'ModuleNotFoundError'>, 'NotImplementedError': <class 'NotImplementedError'>, 'RecursionError': <class 'RecursionError'>, 'UnboundLocalError': <class 'UnboundLocalError'>, 'UnicodeError': <class 'UnicodeError'>, 'BrokenPipeError': <class 'BrokenPipeError'>, 'ConnectionAbortedError': <class 'ConnectionAbortedError'>, 'ConnectionRefusedError': <class 'ConnectionRefusedError'>, 'ConnectionResetError': <class 'ConnectionResetError'>, 'TabError': <class 'TabError'>, 'UnicodeDecodeError': <class 'UnicodeDecodeError'>, 'UnicodeEncodeError': <class 'UnicodeEncodeError'>, 'UnicodeTranslateError': <class 'UnicodeTranslateError'>, 'ExceptionGroup': <class 'ExceptionGroup'>, 'EnvironmentError': <class 'OSError'>, 'IOError': <class 'OSError'>, 'WindowsError': <class 'OSError'>, 'open': <built-in function open>, 'quit': Use quit() or Ctrl-Z plus Return to exit, 'exit': Use exit() or Ctrl-Z plus Return to exit, 'copyright': Copyright (c) 2001-2023 Python Software Foundation.
All Rights Reserved.
Copyright (c) 2000 BeOpen.com.
Copyright (c) 1995-2001 Corporation for National Research Initiatives.
Copyright (c) 1991-1995 Stichting Mathematisch Centrum, Amsterdam.
All Rights Reserved., 'credits':     Thanks to CWI, CNRI, BeOpen.com, Zope Corporation and a cast of thousands
    for supporting Python development.  See www.python.org for more information., 'license': See https://www.python.org/psf/license/, 'help': Type help() for interactive help, or help(object) for help about object.}
var: 15
bpy: <module 'bpy' from 'C:\\Program Files\\Blender Foundation\\Blender 4.3\\4.3\\scripts\\modules\\bpy\\__init__.py'>
traceback: <module 'traceback' from 'C:\\Program Files\\Blender Foundation\\Blender 4.3\\4.3\\python\\Lib\\traceback.py'>
os: <module 'os' (frozen)>
json: <module 'json' from 'C:\\Program Files\\Blender Foundation\\Blender 4.3\\4.3\\python\\Lib\\json\\__init__.py'>
restore_addons: <function restore_addons at 0x000001A832429580>
scripts_dir: C:\Users\W\AppData\Roaming\Blender Foundation\Blender\4.3\scripts
addons_dir: C:\Users\W\AppData\Roaming\Blender Foundation\Blender\4.3\scripts\addons
file_path: C:\Users\W\AppData\Roaming\Blender Foundation\Blender\4.3\scripts\addons\blender_ai_thats_error_proof\data\gpt_libraries_from_blender_ai.txt
gpt_libraries: [('cv2', 'opencv-python', ''), ('ffmpeg', 'ffmpeg', ''), ('matplotlib', 'matplotlib', ''), ('PIL', 'pillow', ''), ('psutil', 'psutil', ''), ('pyautogui', 'PyAutoGUI', ''), ('pyperclip', 'pyperclip', ''), ('pywinctl', 'pywinctl', ''), ('tzdata', 'tzdata', ''), ('dateutil', 'python-dateutil', ''), ('pytz', 'pytz', ''), ('pydantic', 'pydantic', ''), ('tiktoken', 'tiktoken', ''), ('selenium', 'selenium', '4.1.0'), ('lxml', 'lxml', ''), ('plotly', 'plotly', ''), ('pygments', 'pygments', ''), ('openai', 'openai', ''), ('instructor', 'instructor', '')]
file: <_io.TextIOWrapper name='C:\\Users\\W\\AppData\\Roaming\\Blender Foundation\\Blender\\4.3\\scripts\\addons\\blender_ai_thats_error_proof\\data\\gpt_libraries_from_blender_ai.txt' mode='r' encoding='utf-8'>
platform: <module 'platform' from 'C:\\Program Files\\Blender Foundation\\Blender 4.3\\4.3\\python\\Lib\\platform.py'>
âœ… Successfully loaded gpt_libraries from file!
Retrieved gpt_libraries: [('cv2', 'opencv-python', ''), ('ffmpeg', 'ffmpeg', ''), ('matplotlib', 'matplotlib', ''), ('PIL', 'pillow', ''), ('psutil', 'psutil', ''), ('pyautogui', 'PyAutoGUI', ''), ('pyperclip', 'pyperclip', ''), ('pywinctl', 'pywinctl', ''), ('tzdata', 'tzdata', ''), ('dateutil', 'python-dateutil', ''), ('pytz', 'pytz', ''), ('pydantic', 'pydantic', ''), ('tiktoken', 'tiktoken', ''), ('selenium', 'selenium', '4.1.0'), ('lxml', 'lxml', ''), ('plotly', 'plotly', ''), ('pygments', 'pygments', ''), ('openai', 'openai', ''), ('instructor', 'instructor', '')]
ðŸš€ folder_path: C:\Users\W\AppData\Roaming\Blender Foundation\Blender\4.3\scripts\addons\FAST\lib\Python311\site-packages
*** SCRIPT STARTED ***
Starting the Geometry Nodes setup script
Created default cube using operator call
Added Geometry Nodes modifier to the default cube
Created new Geometry Nodes tree and assigned to the modifier
Added Group Input and Group Output nodes
Created sphere for instancing
Created new collection 'MyCollection' and linked it to the scene collection
Linked sphere 'Sphere' to collection 'MyCollection'
Error: Exception while setting up Geometry Nodes network
Error: No NODE_EDITOR area found to switch to Geometry Nodes workspace
Script finished successfully
*** SCRIPT COMPLETED ***
Read blend: "C:\Users\W\AppData\Roaming\Blender Foundation\Blender\4.3\scripts\addons\blender_ai_thats_error_proof\data\autogpt\workspace\default(do not use).blend"
Saved session recovery to "C:\Users\W\AppData\Local\Temp\quit.blend"
Blender quit
Traceback (most recent call last):
  File "C:\Users\W\Documents\FAST Settings\AGPT-4 Script Testing\modified_user_script.py", line 462, in create_and_setup_nodes
    point_distribute = node_tree.nodes.new("GeometryNodePointDistribute")
                       ^^^^^^^^^^^^^^^^^^^^^^^^^^^^^^^^^^^^^^^^^^^^^^^^^^
RuntimeError: Error: Node type GeometryNodePointDistribute undefined




WARN (bke.modifier): C:\Users\blender\git\blender-v430\blender.git\source\blender\blenkernel\intern\modifier.cc:424 BKE_modifier_set_error: Object: "Cube", Modifier: "GeometryNodes", Node group must have an output socket

ðŸš€ file_path: C:\Users\W\Documents\FAST Settings\AGPT-4 Script Testing\addon_state.json
âœ… Successfully loaded gpt_libraries from file!
ðŸš€ folder_path: C:\Users\W\AppData\Roaming\Blender Foundation\Blender\4.3\scripts\addons\FAST\lib\Python311\site-packages
*** SCRIPT STARTED ***
Creating default cube because no object is selected
Default cube found
Sphere created for instancing
Instances collection created
Error: Couldn't unlink sphere from scene collection: Error: Object 'InstanceSphere' not in collection 'Scene Collection'
Sphere linked to the Instances collection
Geometry Nodes node tree created
Geometry Nodes modifier added to cube
Group Input node created
Group Output node created
Error: An error occurred while setting up the node tree: 'NodeTreeInterface' object has no attribute 'inputs'
Switched to Geometry Nodes workspace
Script completed successfully
*** SCRIPT COMPLETED ***
Read blend: "C:\Users\W\AppData\Roaming\Blender Foundation\Blender\4.3\scripts\addons\blender_ai_thats_error_proof\data\autogpt\workspace\default(do not use).blend"
Saved session recovery to "C:\Users\W\AppData\Local\Temp\quit.blend"
Blender quit
Traceback (most recent call last):
  File "C:\Users\W\Documents\FAST Settings\AGPT-4 Script Testing\modified_user_script.py", line 420, in create_sphere_instance
    bpy.context.scene.collection.objects.unlink(sphere)
RuntimeError: Error: Object 'InstanceSphere' not in collection 'Scene Collection'
  File "C:\Users\W\Documents\FAST Settings\AGPT-4 Script Testing\modified_user_script.py", line 477, in setup_geometry_nodes
    if len(node_tree.interface.inputs) == 0:
           ^^^^^^^^^^^^^^^^^^^^^^^^^^
AttributeError: 'NodeTreeInterface' object has no attribute 'inputs'




WARN (bke.modifier): C:\Users\blender\git\blender-v430\blender.git\source\blender\blenkernel\intern\modifier.cc:424 BKE_modifier_set_error: Object: "Cube", Modifier: "GeometryNodes", Node group must have a group output node
âœ… Successfully loaded gpt_libraries from file!

ðŸš€ folder_path: C:\Users\W\AppData\Roaming\Blender Foundation\Blender\4.3\scripts\addons\FAST\lib\Python311\site-packages
*** SCRIPT STARTED ***
Default cube not found. Creating one.
Added Geometry Nodes modifier to object: Cube
Created and assigned a new Geometry Nodes node tree.
Created new sphere for instancing.
Linked sphere to collection: Instances
Cleared existing nodes in the node tree.
Created Group Input node.
Error: Failed to set up the Geometry Nodes node tree.
Switched to the Geometry Nodes workspace.
Script completed successfully.
*** SCRIPT COMPLETED ***
Read blend: "C:\Users\W\AppData\Roaming\Blender Foundation\Blender\4.3\scripts\addons\blender_ai_thats_error_proof\data\autogpt\workspace\default(do not use).blend"
Saved session recovery to "C:\Users\W\AppData\Local\Temp\quit.blend"
Blender quit
Traceback (most recent call last):
  File "C:\Users\W\Documents\FAST Settings\AGPT-4 Script Testing\modified_user_script.py", line 472, in setup_geometry_nodes
    point_distribute = nodes.new('GeometryNodePointDistribute')
                       ^^^^^^^^^^^^^^^^^^^^^^^^^^^^^^^^^^^^^^^^
RuntimeError: Error: Node type GeometryNodePointDistribute undefined




âœ… Successfully loaded gpt_libraries from file!

ðŸš€ folder_path: C:\Users\W\AppData\Roaming\Blender Foundation\Blender\4.3\scripts\addons\FAST\lib\Python311\site-packages
*** SCRIPT STARTED ***
Starting the Blender Geometry Nodes setup script...
Default cube was not found. A new cube has been added.
Sphere created for instances.
New collection 'InstancedObjects' created.
Sphere linked to 'InstancedObjects' collection.
Geometry Node Tree 'CubeGeoNodes' created.
Error: An error occurred while creating the Geometry Nodes tree
Error: Failed to create Geometry Nodes tree. Exiting.
*** SCRIPT COMPLETED ***
Read blend: "C:\Users\W\AppData\Roaming\Blender Foundation\Blender\4.3\scripts\addons\blender_ai_thats_error_proof\data\autogpt\workspace\default(do not use).blend"
Saved session recovery to "C:\Users\W\AppData\Local\Temp\quit.blend"
Blender quit
Traceback (most recent call last):
  File "C:\Users\W\Documents\FAST Settings\AGPT-4 Script Testing\modified_user_script.py", line 462, in create_geometry_nodes_tree
    distribute_node = geo_nodes.nodes.new('GeometryNodePointDistribute')
                      ^^^^^^^^^^^^^^^^^^^^^^^^^^^^^^^^^^^^^^^^^^^^^^^^^^
RuntimeError: Error: Node type GeometryNodePointDistribute undefined




WARN (bke.modifier): C:\Users\blender\git\blender-v430\blender.git\source\blender\blenkernel\intern\modifier.cc:424 BKE_modifier_set_error: Object: "Cube", Modifier: "GeometryNodes", Node group must have an output socket
âœ… Successfully loaded gpt_libraries from file!

ðŸš€ folder_path: C:\Users\W\AppData\Roaming\Blender Foundation\Blender\4.3\scripts\addons\FAST\lib\Python311\site-packages
*** SCRIPT STARTED ***
Starting the Blender Geometry Nodes setup script
Creating default cube as it does not exist
Creating a new sphere for instancing
Creating new collection: Instances
Linking the sphere to the Instances collection
Adding Geometry Nodes modifier to the object
Error: Failed to add Geometry Nodes modifier and setup node tree
Error: Failed to add Geometry Nodes modifier to the cube
*** SCRIPT COMPLETED ***
Read blend: "C:\Users\W\AppData\Roaming\Blender Foundation\Blender\4.3\scripts\addons\blender_ai_thats_error_proof\data\autogpt\workspace\default(do not use).blend"
Saved session recovery to "C:\Users\W\AppData\Local\Temp\quit.blend"
Blender quit
Traceback (most recent call last):
  File "C:\Users\W\Documents\FAST Settings\AGPT-4 Script Testing\modified_user_script.py", line 473, in add_geometry_nodes_modifier
    point_distribute = node_tree.nodes.new('GeometryNodePointDistribute')
                       ^^^^^^^^^^^^^^^^^^^^^^^^^^^^^^^^^^^^^^^^^^^^^^^^^^
RuntimeError: Error: Node type GeometryNodePointDistribute undefined




WARN (bke.modifier): C:\Users\blender\git\blender-v430\blender.git\source\blender\blenkernel\intern\modifier.cc:424 BKE_modifier_set_error: Object: "Cube", Modifier: "GeometryNodes", Node group's first output must be a geometry
âœ… Successfully loaded gpt_libraries from file!

ðŸš€ folder_path: C:\Users\W\AppData\Roaming\Blender Foundation\Blender\4.3\scripts\addons\FAST\lib\Python311\site-packages
*** SCRIPT STARTED ***
Starting the Blender Geometry Nodes setup script
Creating default cube as it does not exist
Creating a new sphere for instancing
Creating new collection: Instances
Linking the sphere to the Instances collection
Adding Geometry Nodes modifier to the object
Error: Failed setting density on Distribute node
Error: Failed to set instance object on Instance node
Geometry Nodes setup complete
Switching to the Geometry Nodes workspace
Script completed successfully
*** SCRIPT COMPLETED ***
Read blend: "C:\Users\W\AppData\Roaming\Blender Foundation\Blender\4.3\scripts\addons\blender_ai_thats_error_proof\data\autogpt\workspace\default(do not use).blend"
Saved session recovery to "C:\Users\W\AppData\Local\Temp\quit.blend"
Blender quit
Error: Not freed memory blocks: 2, total unfreed memory 0.000046 MB
Traceback (most recent call last):
  File "C:\Users\W\Documents\FAST Settings\AGPT-4 Script Testing\modified_user_script.py", line 486, in add_geometry_nodes_modifier
    distribute_node.inputs[1].default_value = 50.0  # setting density
    ^^^^^^^^^^^^^^^^^^^^^^^^^^^^^^^^^^^^^^^
TypeError: bpy_struct: item.attr = val: NodeSocketBool.default_value expected True/False or 0/1, not float
  File "C:\Users\W\Documents\FAST Settings\AGPT-4 Script Testing\modified_user_script.py", line 500, in add_geometry_nodes_modifier
    instance_node.inputs["Instance"].default_value = sphere
    ^^^^^^^^^^^^^^^^^^^^^^^^^^^^^^^^^^^^^^^^^^^^^^
AttributeError: 'NodeSocketGeometry' object has no attribute 'default_value'




WARN (bke.modifier): C:\Users\blender\git\blender-v430\blender.git\source\blender\blenkernel\intern\modifier.cc:424 BKE_modifier_set_error: Object: "Cube", Modifier: "GeometryNodes", Node group's first output must be a geometry
âœ… Successfully loaded gpt_libraries from file!

ðŸš€ folder_path: C:\Users\W\AppData\Roaming\Blender Foundation\Blender\4.3\scripts\addons\FAST\lib\Python311\site-packages
*** SCRIPT STARTED ***
Starting the Blender Geometry Nodes setup script
Creating default cube as it does not exist
Creating a new sphere for instancing
Creating new collection: Instances
Linking the sphere to the Instances collection
Adding Geometry Nodes modifier to the object
Error: Failed to add Geometry Nodes modifier and setup node tree
Error: Failed to add Geometry Nodes modifier to the cube
*** SCRIPT COMPLETED ***
Read blend: "C:\Users\W\AppData\Roaming\Blender Foundation\Blender\4.3\scripts\addons\blender_ai_thats_error_proof\data\autogpt\workspace\default(do not use).blend"
Saved session recovery to "C:\Users\W\AppData\Local\Temp\quit.blend"
Blender quit
Error: Not freed memory blocks: 1, total unfreed memory 0.000023 MB
Traceback (most recent call last):
  File "C:\Users\W\Documents\FAST Settings\AGPT-4 Script Testing\modified_user_script.py", line 497, in add_geometry_nodes_modifier
    object_info_node.object = sphere
    ^^^^^^^^^^^^^^^^^^^^^^^
AttributeError: 'GeometryNodeObjectInfo' object has no attribute 'object'




WARN (bke.modifier): C:\Users\blender\git\blender-v430\blender.git\source\blender\blenkernel\intern\modifier.cc:424 BKE_modifier_set_error: Object: "Cube", Modifier: "GeometryNodes", Node group's first output must be a geometry
âœ… Successfully loaded gpt_libraries from file!

ðŸš€ folder_path: C:\Users\W\AppData\Roaming\Blender Foundation\Blender\4.3\scripts\addons\FAST\lib\Python311\site-packages
*** SCRIPT STARTED ***
Cube created and named 'Cube'.
Sphere created for instancing.
Collection 'Instances' created.
Error: Unable to unlink sphere from scene collection.
Sphere linked to the 'Instances' collection.
Geometry Nodes modifier added to the cube.
New Geometry Nodes node tree created and assigned to the modifier.
Group Input node created.
Group Output node and interface socket created.
Error: Failed to set up the Geometry Nodes network.
Switched to the Geometry Nodes workspace.
Script executed successfully.
*** SCRIPT COMPLETED ***
Read blend: "C:\Users\W\AppData\Roaming\Blender Foundation\Blender\4.3\scripts\addons\blender_ai_thats_error_proof\data\autogpt\workspace\default(do not use).blend"
Saved session recovery to "C:\Users\W\AppData\Local\Temp\quit.blend"
Blender quit
Error: Not freed memory blocks: 1, total unfreed memory 0.000023 MB
Traceback (most recent call last):
  File "C:\Users\W\Documents\FAST Settings\AGPT-4 Script Testing\modified_user_script.py", line 424, in create_instance_sphere
    bpy.context.scene.collection.objects.unlink(sphere)
RuntimeError: Error: Object 'Instance_Sphere' not in collection 'Scene Collection'
  File "C:\Users\W\Documents\FAST Settings\AGPT-4 Script Testing\modified_user_script.py", line 479, in setup_geometry_nodes
    point_distribute = node_tree.nodes.new('GeometryNodePointDistribute')
                       ^^^^^^^^^^^^^^^^^^^^^^^^^^^^^^^^^^^^^^^^^^^^^^^^^^
RuntimeError: Error: Node type GeometryNodePointDistribute undefined




WARN (bke.modifier): C:\Users\blender\git\blender-v430\blender.git\source\blender\blenkernel\intern\modifier.cc:424 BKE_modifier_set_error: Object: "Cube", Modifier: "GeometryNodes", Node group's first output must be a geometry
âœ… Successfully loaded gpt_libraries from file!

ðŸš€ folder_path: C:\Users\W\AppData\Roaming\Blender Foundation\Blender\4.3\scripts\addons\FAST\lib\Python311\site-packages
*** SCRIPT STARTED ***
Trusted destination directory set to: C:\Users\W\Desktop\AGPT-4
Cube created and named 'Cube'.
Sphere created for instancing.
Collection 'Instances' created.
Sphere is not in the scene collection, unlinking not required.
Sphere linked to the 'Instances' collection.
Geometry Nodes modifier added to the cube.
New Geometry Nodes node tree created and assigned to the modifier.
Node group interface cleared and new 'Geometry' output socket added.
Group Input node created.
Group Output node created.
Error: Failed to create the Distribute Points on Faces node.
Switched to the Geometry Nodes workspace.
Script executed successfully.
*** SCRIPT COMPLETED ***
Read blend: "C:\Users\W\AppData\Roaming\Blender Foundation\Blender\4.3\scripts\addons\blender_ai_thats_error_proof\data\autogpt\workspace\default(do not use).blend"
Saved session recovery to "C:\Users\W\AppData\Local\Temp\quit.blend"
Blender quit
Error: Not freed memory blocks: 1, total unfreed memory 0.000023 MB
Traceback (most recent call last):
  File "C:\Users\W\Documents\FAST Settings\AGPT-4 Script Testing\modified_user_script.py", line 496, in setup_geometry_nodes
    point_distribute.inputs[1].default_value = 50  # Set density value
    ^^^^^^^^^^^^^^^^^^^^^^^^^^^^^^^^^^^^^^^^
TypeError: bpy_struct: item.attr = val: NodeSocketBool.default_value expected True/False or 0/1, not int




WARN (bke.modifier): C:\Users\blender\git\blender-v430\blender.git\source\blender\blenkernel\intern\modifier.cc:424 BKE_modifier_set_error: Object: "DefaultCube", Modifier: "GeometryNodes", Node group must have an output socket
âœ… Successfully loaded gpt_libraries from file!

ðŸš€ folder_path: C:\Users\W\AppData\Roaming\Blender Foundation\Blender\4.3\scripts\addons\FAST\lib\Python311\site-packages
*** SCRIPT STARTED ***
Added placeholder default cube (Cube) for testing purposes.
Added placeholder collection 'Instances_Collection' for testing purposes.
Using selected default cube.
Sphere instance created.
Sphere linked to 'Instances_Collection'.
Geometry Nodes modifier added to the cube.
New Geometry Nodes node tree created and assigned to the modifier.
Error: Failed to create Geometry Nodes setup.
Switched to Geometry Nodes workspace.
*** SCRIPT COMPLETED ***
Read blend: "C:\Users\W\AppData\Roaming\Blender Foundation\Blender\4.3\scripts\addons\blender_ai_thats_error_proof\data\autogpt\workspace\default(do not use).blend"
Saved session recovery to "C:\Users\W\AppData\Local\Temp\quit.blend"
Blender quit
Traceback (most recent call last):
  File "C:\Users\W\Documents\FAST Settings\AGPT-4 Script Testing\modified_user_script.py", line 491, in create_geometry_nodes_setup
    point_distribute = nodes.new(type='GeometryNodePointDistribute')
                       ^^^^^^^^^^^^^^^^^^^^^^^^^^^^^^^^^^^^^^^^^^^^^
RuntimeError: Error: Node type GeometryNodePointDistribute undefined




âœ… Successfully loaded gpt_libraries from file!

ðŸš€ folder_path: C:\Users\W\AppData\Roaming\Blender Foundation\Blender\4.3\scripts\addons\FAST\lib\Python311\site-packages
*** SCRIPT STARTED ***
Added placeholder default cube (Cube) for testing purposes.
Using default cube 'Cube'.
Sphere instance created.
Added placeholder collection 'Instances_Collection' for testing purposes.
*** SCRIPT COMPLETED ***
Caught an exception: bpy_prop_collection.__contains__: expected a string or a tuple of strings
Read blend: "C:\Users\W\AppData\Roaming\Blender Foundation\Blender\4.3\scripts\addons\blender_ai_thats_error_proof\data\autogpt\workspace\default(do not use).blend"
Saved session recovery to "C:\Users\W\AppData\Local\Temp\quit.blend"
Blender quit
Traceback (most recent call last):
  File "C:\Users\W\Documents\FAST Settings\AGPT-4 Script Testing\modified_user_script.py", line 552, in <module>
    main()
  File "C:\Users\W\Documents\FAST Settings\AGPT-4 Script Testing\modified_user_script.py", line 538, in main
    instance_sphere = create_instance_sphere()
                      ^^^^^^^^^^^^^^^^^^^^^^^^
  File "C:\Users\W\Documents\FAST Settings\AGPT-4 Script Testing\modified_user_script.py", line 419, in create_instance_sphere
    if sphere in scene_collection.objects:
       ^^^^^^^^^^^^^^^^^^^^^^^^^^^^^^^^^^
TypeError: bpy_prop_collection.__contains__: expected a string or a tuple of strings




WARN (bke.modifier): C:\Users\blender\git\blender-v430\blender.git\source\blender\blenkernel\intern\modifier.cc:424 BKE_modifier_set_error: Object: "Cube", Modifier: "GeometryNodes", Node group's first output must be a geometry
âœ… Successfully loaded gpt_libraries from file!

ðŸš€ folder_path: C:\Users\W\AppData\Roaming\Blender Foundation\Blender\4.3\scripts\addons\FAST\lib\Python311\site-packages
*** SCRIPT STARTED ***
Added placeholder default cube (Cube) for testing purposes.
Sphere instance created.
Added placeholder collection 'Instances_Collection' for testing purposes.
Sphere linked to 'Instances_Collection'.
Geometry Nodes modifier added to the cube.
New Geometry Nodes node tree created and assigned to the modifier.
Created 'Distribute Points on Faces' node.
Created 'Instance on Points' node.
Error: Failed to link Instance on Points to Group Output node.
Error: Failed to assign instance object to Instance on Points node.
Error: Failed to adjust parameters on the Distribute Points node.
Geometry Nodes setup successfully created on the default cube.
Switched to Geometry Nodes workspace.
*** SCRIPT COMPLETED ***
Read blend: "C:\Users\W\AppData\Roaming\Blender Foundation\Blender\4.3\scripts\addons\blender_ai_thats_error_proof\data\autogpt\workspace\default(do not use).blend"
Saved session recovery to "C:\Users\W\AppData\Local\Temp\quit.blend"
Blender quit
Error: Not freed memory blocks: 2, total unfreed memory 0.000046 MB
Traceback (most recent call last):
  File "C:\Users\W\Documents\FAST Settings\AGPT-4 Script Testing\modified_user_script.py", line 528, in create_geometry_nodes_setup
    links.new(instance_node.outputs['Geometry'], group_output.inputs['Geometry'])
              ~~~~~~~~~~~~~~~~~~~~~^^^^^^^^^^^^
KeyError: 'bpy_prop_collection[key]: key "Geometry" not found'
  File "C:\Users\W\Documents\FAST Settings\AGPT-4 Script Testing\modified_user_script.py", line 538, in create_geometry_nodes_setup
    instance_node.inputs['Instance'].default_value = instance_object
    ^^^^^^^^^^^^^^^^^^^^^^^^^^^^^^^^^^^^^^^^^^^^^^
AttributeError: 'NodeSocketGeometry' object has no attribute 'default_value'
  File "C:\Users\W\Documents\FAST Settings\AGPT-4 Script Testing\modified_user_script.py", line 549, in create_geometry_nodes_setup
    distribute_points.inputs[1].default_value = 5.0  # Set an example density value
    ^^^^^^^^^^^^^^^^^^^^^^^^^^^^^^^^^^^^^^^^^
TypeError: bpy_struct: item.attr = val: NodeSocketBool.default_value expected True/False or 0/1, not float




WARN (bke.modifier): C:\Users\blender\git\blender-v430\blender.git\source\blender\blenkernel\intern\modifier.cc:424 BKE_modifier_set_error: Object: "Cube.001", Modifier: "GeometryNodes", Node group's first output must be a geometry
âœ… Successfully loaded gpt_libraries from file!

ðŸš€ folder_path: C:\Users\W\AppData\Roaming\Blender Foundation\Blender\4.3\scripts\addons\FAST\lib\Python311\site-packages
*** SCRIPT STARTED ***
Added placeholder default cube (Cube) for testing purposes.
Sphere instance created.
Added placeholder collection 'Instances_Collection' for testing purposes.
Sphere linked to 'Instances_Collection'.
Geometry Nodes modifier added to the cube.
New Geometry Nodes node tree created and assigned to the modifier.
Created 'Distribute Points on Faces' node.
Error: Failed to create Object Info node.
Switched to Geometry Nodes workspace.
*** SCRIPT COMPLETED ***
Read blend: "C:\Users\W\AppData\Roaming\Blender Foundation\Blender\4.3\scripts\addons\blender_ai_thats_error_proof\data\autogpt\workspace\default(do not use).blend"
Saved session recovery to "C:\Users\W\AppData\Local\Temp\quit.blend"
Blender quit
Error: Not freed memory blocks: 1, total unfreed memory 0.000023 MB
Traceback (most recent call last):
  File "C:\Users\W\Documents\FAST Settings\AGPT-4 Script Testing\modified_user_script.py", line 504, in create_geometry_nodes_setup
    object_info.properties.object = instance_object
    ^^^^^^^^^^^^^^^^^^^^^^
AttributeError: 'GeometryNodeObjectInfo' object has no attribute 'properties'




WARN (bke.modifier): C:\Users\blender\git\blender-v430\blender.git\source\blender\blenkernel\intern\modifier.cc:424 BKE_modifier_set_error: Object: "Cube.001", Modifier: "GeometryNodes", Node group's first output must be a geometry
âœ… Successfully loaded gpt_libraries from file!

ðŸš€ folder_path: C:\Users\W\AppData\Roaming\Blender Foundation\Blender\4.3\scripts\addons\FAST\lib\Python311\site-packages
*** SCRIPT STARTED ***
Added placeholder default cube (Cube) for testing purposes.
Sphere instance created.
Added placeholder collection 'Instances_Collection' for testing purposes.
Sphere linked to 'Instances_Collection'.
Geometry Nodes modifier added to the cube.
New Geometry Nodes node tree created and assigned to the modifier.
Error: Failed to create Geometry Nodes setup.
Switched to Geometry Nodes workspace.
*** SCRIPT COMPLETED ***
Read blend: "C:\Users\W\AppData\Roaming\Blender Foundation\Blender\4.3\scripts\addons\blender_ai_thats_error_proof\data\autogpt\workspace\default(do not use).blend"
Saved session recovery to "C:\Users\W\AppData\Local\Temp\quit.blend"
Blender quit
Error: Not freed memory blocks: 1, total unfreed memory 0.000023 MB
Traceback (most recent call last):
  File "C:\Users\W\Documents\FAST Settings\AGPT-4 Script Testing\modified_user_script.py", line 477, in create_geometry_nodes_setup
    group_output.inputs.remove(group_output.inputs[0])
RuntimeError: Error: Unable to remove socket from built-in node




WARN (bke.modifier): C:\Users\blender\git\blender-v430\blender.git\source\blender\blenkernel\intern\modifier.cc:424 BKE_modifier_set_error: Object: "InstanceSphere", Modifier: "GeometryNodes", Node group must have an output socket
âœ… Successfully loaded gpt_libraries from file!

ðŸš€ folder_path: C:\Users\W\AppData\Roaming\Blender Foundation\Blender\4.3\scripts\addons\FAST\lib\Python311\site-packages
*** SCRIPT STARTED ***
Cube created: Cube
Sphere created: InstanceSphere
'Instances' collection created.
Error: Couldn't unlink sphere from scene collection: Error: Object 'InstanceSphere' not in collection 'Scene Collection'
Sphere linked to 'Instances' collection.
Geometry Nodes modifier added to cube: InstanceSphere
New Geometry Nodes node tree created: 'CubeGeoNodes'
Group Input node created at location (-300, 0)
Group Output node created at location (400, 0)
Error: Failed to set up geometry nodes: 'GeometryNodeTree' object has no attribute 'inputs'
Switched to Geometry Nodes workspace.
Script execution complete.
*** SCRIPT COMPLETED ***
Read blend: "C:\Users\W\AppData\Roaming\Blender Foundation\Blender\4.3\scripts\addons\blender_ai_thats_error_proof\data\autogpt\workspace\default(do not use).blend"
Saved session recovery to "C:\Users\W\AppData\Local\Temp\quit.blend"
Blender quit
Traceback (most recent call last):
  File "C:\Users\W\Documents\FAST Settings\AGPT-4 Script Testing\modified_user_script.py", line 432, in create_sphere_instance
    bpy.context.scene.collection.objects.unlink(sphere)
RuntimeError: Error: Object 'InstanceSphere' not in collection 'Scene Collection'
  File "C:\Users\W\Documents\FAST Settings\AGPT-4 Script Testing\modified_user_script.py", line 480, in setup_geometry_nodes
    node_tree.inputs.new('NodeSocketGeometry', 'Geometry')
    ^^^^^^^^^^^^^^^^
AttributeError: 'GeometryNodeTree' object has no attribute 'inputs'




WARN (bke.modifier): C:\Users\blender\git\blender-v430\blender.git\source\blender\blenkernel\intern\modifier.cc:424 BKE_modifier_set_error: Object: "Cube", Modifier: "GeometryNodes", Node group must have a group output node
*** SCRIPT STARTED ***

Starting the Geometry Nodes setup script
Added default cube
Created new Geometry Nodes modifier
Assigned new Geometry Nodes node tree to the modifier
Error: Exception in setup_geometry_nodes_tree: Group Input or Group Output node not found in the node tree
Error: No NODE_EDITOR area found to switch workspace
Render engine set to BLENDER_EEVEE_NEXT
Geometry Nodes setup script executed successfully
*** SCRIPT COMPLETED ***
Read blend: "C:\Users\W\AppData\Roaming\Blender Foundation\Blender\4.3\scripts\addons\blender_ai_thats_error_proof\data\autogpt\workspace\default(do not use).blend"
Saved session recovery to "C:\Users\W\AppData\Local\Temp\quit.blend"
Blender quit
Traceback (most recent call last):
  File "C:\Users\W\Documents\FAST Settings\AGPT-4 Script Testing\modified_user_script.py", line 455, in setup_geometry_nodes_tree
    raise ValueError('Group Input or Group Output node not found in the node tree')
ValueError: Group Input or Group Output node not found in the node tree




WARN (bke.modifier): C:\Users\blender\git\blender-v430\blender.git\source\blender\blenkernel\intern\modifier.cc:424 BKE_modifier_set_error: Object: "Cube", Modifier: "GeometryNodes", Node group must have an output socket
*** SCRIPT STARTED ***

Starting the Geometry Nodes setup script
Added default cube
Created new Geometry Nodes modifier
Assigned new Geometry Nodes node tree to the modifier
Added Group Input and Group Output nodes to the node tree
Error: Exception in setup_geometry_nodes_tree: Error: Node type GeometryNodePointDistribute undefined
Error: No NODE_EDITOR area found to switch workspace
Render engine set to BLENDER_EEVEE_NEXT
Geometry Nodes setup script executed successfully
*** SCRIPT COMPLETED ***
Read blend: "C:\Users\W\AppData\Roaming\Blender Foundation\Blender\4.3\scripts\addons\blender_ai_thats_error_proof\data\autogpt\workspace\default(do not use).blend"
Saved session recovery to "C:\Users\W\AppData\Local\Temp\quit.blend"
Blender quit
Traceback (most recent call last):
  File "C:\Users\W\Documents\FAST Settings\AGPT-4 Script Testing\modified_user_script.py", line 463, in setup_geometry_nodes_tree
    point_distribute = nodes.new('GeometryNodePointDistribute')
                       ^^^^^^^^^^^^^^^^^^^^^^^^^^^^^^^^^^^^^^^^
RuntimeError: Error: Node type GeometryNodePointDistribute undefined




WARN (bke.modifier): C:\Users\blender\git\blender-v430\blender.git\source\blender\blenkernel\intern\modifier.cc:424 BKE_modifier_set_error: Object: "Cube", Modifier: "GeometryNodes", Node group must have an output socket
*** SCRIPT STARTED ***

Starting the Geometry Nodes setup script
Added default cube
Created new Geometry Nodes modifier
Assigned new Geometry Nodes node tree to the modifier
Added Group Input and Group Output nodes to the node tree
Error: Exception while ensuring Geometry socket in Group Output: 'NodeGroupOutput' object has no attribute 'interface'
Point Distribute (Distribute Points on Faces) node created
Point Instance (Instance on Points) node created
Created sphere for instancing
Error: Exception when moving sphere to collection: Error: Object 'InstanceSphere' not in collection 'Scene Collection'
Error: Exception assigning sphere to Instance node: bpy_struct: item.attr = val: NodeSocketBool.default_value expected True/False or 0/1, not Object
Error: Exception during connection from Group Input to Distribute node: Error: Could not find expected sockets between Group Input and Distribute Points on Faces node
Connected Distribute Points on Faces node to Instance on Points node
Error: Exception during connection from Instance node to Group Output: Error: Could not find expected sockets between Instance node and Group Output
Error: Exception while setting density on Distribute Points node: bpy_struct: item.attr = val: NodeSocketBool.default_value expected True/False or 0/1, not float
Error: Exception while setting scale on Instance node: 'NodeSocketGeometry' object has no attribute 'default_value'
Error: No NODE_EDITOR area found to switch workspace
Render engine set to BLENDER_EEVEE_NEXT
Geometry Nodes setup script executed successfully
*** SCRIPT COMPLETED ***
Read blend: "C:\Users\W\AppData\Roaming\Blender Foundation\Blender\4.3\scripts\addons\blender_ai_thats_error_proof\data\autogpt\workspace\default(do not use).blend"
Saved session recovery to "C:\Users\W\AppData\Local\Temp\quit.blend"
Blender quit
Traceback (most recent call last):
  File "C:\Users\W\Documents\FAST Settings\AGPT-4 Script Testing\modified_user_script.py", line 441, in create_geometry_nodes_modifier
    group_output.interface.new_socket(name='Geometry', in_out='INPUT')
    ^^^^^^^^^^^^^^^^^^^^^^
AttributeError: 'NodeGroupOutput' object has no attribute 'interface'
  File "C:\Users\W\Documents\FAST Settings\AGPT-4 Script Testing\modified_user_script.py", line 504, in setup_geometry_nodes_tree
    bpy.context.scene.collection.objects.unlink(instance_sphere)
RuntimeError: Error: Object 'InstanceSphere' not in collection 'Scene Collection'
  File "C:\Users\W\Documents\FAST Settings\AGPT-4 Script Testing\modified_user_script.py", line 526, in setup_geometry_nodes_tree
    point_instance.inputs[1].default_value = instance_sphere
    ^^^^^^^^^^^^^^^^^^^^^^^^^^^^^^^^^^^^^^
TypeError: bpy_struct: item.attr = val: NodeSocketBool.default_value expected True/False or 0/1, not Object
  File "C:\Users\W\Documents\FAST Settings\AGPT-4 Script Testing\modified_user_script.py", line 541, in setup_geometry_nodes_tree
    raise ValueError('Error: Could not find expected sockets between Group Input and Distribute Points on Faces node')
ValueError: Error: Could not find expected sockets between Group Input and Distribute Points on Faces node
  File "C:\Users\W\Documents\FAST Settings\AGPT-4 Script Testing\modified_user_script.py", line 563, in setup_geometry_nodes_tree
    raise ValueError('Error: Could not find expected sockets between Instance node and Group Output')
ValueError: Error: Could not find expected sockets between Instance node and Group Output
  File "C:\Users\W\Documents\FAST Settings\AGPT-4 Script Testing\modified_user_script.py", line 572, in setup_geometry_nodes_tree
    point_distribute.inputs[1].default_value = 10.0  # example density
    ^^^^^^^^^^^^^^^^^^^^^^^^^^^^^^^^^^^^^^^^
TypeError: bpy_struct: item.attr = val: NodeSocketBool.default_value expected True/False or 0/1, not float
  File "C:\Users\W\Documents\FAST Settings\AGPT-4 Script Testing\modified_user_script.py", line 581, in setup_geometry_nodes_tree
    point_instance.inputs[2].default_value = 0.5  # example scale
AttributeError: 'NodeSocketGeometry' object has no attribute 'default_value'




WARN (bke.modifier): C:\Users\blender\git\blender-v430\blender.git\source\blender\blenkernel\intern\modifier.cc:424 BKE_modifier_set_error: Object: "Cube", Modifier: "GeometryNodes", Node group must have a group output node

ðŸš€ folder_path: C:\Users\W\AppData\Roaming\Blender Foundation\Blender\4.3\scripts\addons\blender_ai_without_errors\lib\Python311\site-packages
ðŸš€ sys.path: ['C:\\Users\\W\\AppData\\Roaming\\Blender Foundation\\Blender\\4.3\\scripts\\addons\\blender_ai_without_errors\\lib\\Python311\\site-packages', 'C:\\Program Files\\Blender Foundation\\Blender 4.3\\4.3\\python\\lib', 'C:\\Users\\W\\AppData\\Roaming\\Blender Foundation\\Blender\\4.3\\scripts\\addons\\blender_ai_without_errors\\lib\\Python311\\site-packages\\win32', 'C:\\Users\\W\\AppData\\Roaming\\Blender Foundation\\Blender\\4.3\\scripts\\addons\\blender_ai_without_errors\\lib\\Python311\\site-packages\\win32', 'C:\\Users\\W\\AppData\\Roaming\\Blender Foundation\\Blender\\4.3\\scripts\\addons\\blender_ai_without_errors\\lib\\Python311\\site-packages\\win32\\lib', 'C:\\Users\\W\\AppData\\Roaming\\Blender Foundation\\Blender\\4.3\\scripts\\addons\\blender_ai_without_errors\\lib\\Python311\\site-packages\\pywin32_system32']
ðŸš€ not_installed_libraries: [('cv2', 'opencv-python', ''), ('ffmpeg', 'ffmpeg', ''), ('matplotlib', 'matplotlib', ''), ('PIL', 'pillow', ''), ('psutil', 'psutil', ''), ('pyautogui', 'PyAutoGUI', ''), ('pyperclip', 'pyperclip', ''), ('pywinctl', 'pywinctl', ''), ('tzdata', 'tzdata', ''), ('dateutil', 'python-dateutil', ''), ('pytz', 'pytz', ''), ('pydantic', 'pydantic', ''), ('tiktoken', 'tiktoken', ''), ('selenium', 'selenium', '4.1.0'), ('lxml', 'lxml', ''), ('plotly', 'plotly', ''), ('pygments', 'pygments', ''), ('openai', 'openai', ''), ('instructor', 'instructor', '')]
Check GPT Test libraries function
*** SCRIPT STARTED ***
Cube created as it was not found
Sphere instance created and moved to custom collection
Error: Failed to setup geometry nodes
*** SCRIPT COMPLETED ***
Read blend: "C:\Users\W\AppData\Roaming\Blender Foundation\Blender\4.3\scripts\addons\blender_ai_thats_error_proof\data\autogpt\workspace\default(do not use).blend"
Saved session recovery to "C:\Users\W\AppData\Local\Temp\quit.blend"
Blender quit
Traceback (most recent call last):
  File "C:\Users\W\Documents\FAST Settings\AGPT-4 Script Testing\modified_user_script.py", line 274, in gpt_test_libraries
    raise ImportError(
ImportError: The path C:\Users\W\AppData\Roaming\Blender Foundation\Blender\4.3\scripts\addons\blender_ai_without_errors\lib\Python311\site-packages\ffmpeg.exe does not exist or is not executable.
  File "C:\Users\W\Documents\FAST Settings\AGPT-4 Script Testing\modified_user_script.py", line 235, in gpt_test_libraries
    from PIL import Image
ModuleNotFoundError: No module named 'PIL'
  File "C:\Users\W\Documents\FAST Settings\AGPT-4 Script Testing\modified_user_script.py", line 284, in gpt_test_libraries
    import pyautogui
ModuleNotFoundError: No module named 'pyautogui'
  File "C:\Users\W\Documents\FAST Settings\AGPT-4 Script Testing\modified_user_script.py", line 292, in gpt_test_libraries
    import pywinctl
ModuleNotFoundError: No module named 'pywinctl'
  File "C:\Users\W\Documents\FAST Settings\AGPT-4 Script Testing\modified_user_script.py", line 254, in gpt_test_libraries
    import dateutil
ModuleNotFoundError: No module named 'dateutil'
  File "C:\Users\W\Documents\FAST Settings\AGPT-4 Script Testing\modified_user_script.py", line 311, in gpt_test_libraries
    import pydantic_core  # Required for OpenAI model schema
    ^^^^^^^^^^^^^^^^^^^^
ModuleNotFoundError: No module named 'pydantic_core'
  File "C:\Users\W\Documents\FAST Settings\AGPT-4 Script Testing\modified_user_script.py", line 212, in gpt_test_libraries
    import instructor
ModuleNotFoundError: No module named 'instructor'
  File "C:\Users\W\Documents\FAST Settings\AGPT-4 Script Testing\modified_user_script.py", line 474, in setup_geometry_nodes
    point_distribute = nodes.new(type='GeometryNodePointDistribute')
                       ^^^^^^^^^^^^^^^^^^^^^^^^^^^^^^^^^^^^^^^^^^^^^
RuntimeError: Error: Node type GeometryNodePointDistribute undefined





ðŸš€ folder_path: C:\Users\W\AppData\Roaming\Blender Foundation\Blender\4.3\scripts\addons\blender_ai_without_errors\lib\Python311\site-packages
ðŸš€ sys.path: ['C:\\Users\\W\\AppData\\Roaming\\Blender Foundation\\Blender\\4.3\\scripts\\addons\\blender_ai_without_errors\\lib\\Python311\\site-packages', 'C:\\Program Files\\Blender Foundation\\Blender 4.3\\4.3\\python\\lib', 'C:\\Users\\W\\AppData\\Roaming\\Blender Foundation\\Blender\\4.3\\scripts\\addons\\blender_ai_without_errors\\lib\\Python311\\site-packages\\win32', 'C:\\Users\\W\\AppData\\Roaming\\Blender Foundation\\Blender\\4.3\\scripts\\addons\\blender_ai_without_errors\\lib\\Python311\\site-packages\\win32', 'C:\\Users\\W\\AppData\\Roaming\\Blender Foundation\\Blender\\4.3\\scripts\\addons\\blender_ai_without_errors\\lib\\Python311\\site-packages\\win32\\lib', 'C:\\Users\\W\\AppData\\Roaming\\Blender Foundation\\Blender\\4.3\\scripts\\addons\\blender_ai_without_errors\\lib\\Python311\\site-packages\\pywin32_system32']
ðŸš€ not_installed_libraries: [('cv2', 'opencv-python', ''), ('ffmpeg', 'ffmpeg', ''), ('matplotlib', 'matplotlib', ''), ('PIL', 'pillow', ''), ('psutil', 'psutil', ''), ('pyautogui', 'PyAutoGUI', ''), ('pyperclip', 'pyperclip', ''), ('pywinctl', 'pywinctl', ''), ('tzdata', 'tzdata', ''), ('dateutil', 'python-dateutil', ''), ('pytz', 'pytz', ''), ('pydantic', 'pydantic', ''), ('tiktoken', 'tiktoken', ''), ('selenium', 'selenium', '4.1.0'), ('lxml', 'lxml', ''), ('plotly', 'plotly', ''), ('pygments', 'pygments', ''), ('openai', 'openai', ''), ('instructor', 'instructor', '')]
Check GPT Test libraries function
*** SCRIPT STARTED ***
Starting Blender Geometry Nodes setup script
Error: Default cube not found, creating a new cube
Error: Cube creation failed, no object selected
Switched to 'Geometry Nodes' workspace
Script completed successfully
*** SCRIPT COMPLETED ***
Read blend: "C:\Users\W\AppData\Roaming\Blender Foundation\Blender\4.3\scripts\addons\blender_ai_thats_error_proof\data\autogpt\workspace\default(do not use).blend"
Saved session recovery to "C:\Users\W\AppData\Local\Temp\quit.blend"
Blender quit
Traceback (most recent call last):
  File "C:\Users\W\Documents\FAST Settings\AGPT-4 Script Testing\modified_user_script.py", line 274, in gpt_test_libraries
    raise ImportError(
ImportError: The path C:\Users\W\AppData\Roaming\Blender Foundation\Blender\4.3\scripts\addons\blender_ai_without_errors\lib\Python311\site-packages\ffmpeg.exe does not exist or is not executable.
  File "C:\Users\W\Documents\FAST Settings\AGPT-4 Script Testing\modified_user_script.py", line 235, in gpt_test_libraries
    from PIL import Image
ModuleNotFoundError: No module named 'PIL'
  File "C:\Users\W\Documents\FAST Settings\AGPT-4 Script Testing\modified_user_script.py", line 284, in gpt_test_libraries
    import pyautogui
ModuleNotFoundError: No module named 'pyautogui'
  File "C:\Users\W\Documents\FAST Settings\AGPT-4 Script Testing\modified_user_script.py", line 292, in gpt_test_libraries
    import pywinctl
ModuleNotFoundError: No module named 'pywinctl'
  File "C:\Users\W\Documents\FAST Settings\AGPT-4 Script Testing\modified_user_script.py", line 254, in gpt_test_libraries
    import dateutil
ModuleNotFoundError: No module named 'dateutil'
  File "C:\Users\W\Documents\FAST Settings\AGPT-4 Script Testing\modified_user_script.py", line 311, in gpt_test_libraries
    import pydantic_core  # Required for OpenAI model schema
    ^^^^^^^^^^^^^^^^^^^^
ModuleNotFoundError: No module named 'pydantic_core'
  File "C:\Users\W\Documents\FAST Settings\AGPT-4 Script Testing\modified_user_script.py", line 212, in gpt_test_libraries
    import instructor
ModuleNotFoundError: No module named 'instructor'




WARN (bke.modifier): C:\Users\blender\git\blender-v430\blender.git\source\blender\blenkernel\intern\modifier.cc:424 BKE_modifier_set_error: Object: "Cube", Modifier: "GeoNodes_Modifier", Node group's first output must be a geometry

ðŸš€ folder_path: C:\Users\W\AppData\Roaming\Blender Foundation\Blender\4.3\scripts\addons\blender_ai_without_errors\lib\Python311\site-packages
ðŸš€ sys.path: ['C:\\Users\\W\\AppData\\Roaming\\Blender Foundation\\Blender\\4.3\\scripts\\addons\\blender_ai_without_errors\\lib\\Python311\\site-packages', 'C:\\Program Files\\Blender Foundation\\Blender 4.3\\4.3\\python\\lib', 'C:\\Users\\W\\AppData\\Roaming\\Blender Foundation\\Blender\\4.3\\scripts\\addons\\blender_ai_without_errors\\lib\\Python311\\site-packages\\win32', 'C:\\Users\\W\\AppData\\Roaming\\Blender Foundation\\Blender\\4.3\\scripts\\addons\\blender_ai_without_errors\\lib\\Python311\\site-packages\\win32', 'C:\\Users\\W\\AppData\\Roaming\\Blender Foundation\\Blender\\4.3\\scripts\\addons\\blender_ai_without_errors\\lib\\Python311\\site-packages\\win32\\lib', 'C:\\Users\\W\\AppData\\Roaming\\Blender Foundation\\Blender\\4.3\\scripts\\addons\\blender_ai_without_errors\\lib\\Python311\\site-packages\\pywin32_system32']
ðŸš€ not_installed_libraries: [('cv2', 'opencv-python', ''), ('ffmpeg', 'ffmpeg', ''), ('matplotlib', 'matplotlib', ''), ('PIL', 'pillow', ''), ('psutil', 'psutil', ''), ('pyautogui', 'PyAutoGUI', ''), ('pyperclip', 'pyperclip', ''), ('pywinctl', 'pywinctl', ''), ('tzdata', 'tzdata', ''), ('dateutil', 'python-dateutil', ''), ('pytz', 'pytz', ''), ('pydantic', 'pydantic', ''), ('tiktoken', 'tiktoken', ''), ('selenium', 'selenium', '4.1.0'), ('lxml', 'lxml', ''), ('plotly', 'plotly', ''), ('pygments', 'pygments', ''), ('openai', 'openai', ''), ('instructor', 'instructor', '')]
Check GPT Test libraries function
*** SCRIPT STARTED ***
Cube added because no objects were selected
Sphere (instance) created
Instances collection created
Error: Could not unlink sphere from scene collection
Sphere linked to Instances collection
Geometry Nodes modifier created on Cube
New Geometry Nodes node tree created and assigned
Group Input node created
Group Output node created
Error: Failed during Geometry Nodes setup
Switched workspace to Geometry Nodes
Script executed successfully
*** SCRIPT COMPLETED ***
Read blend: "C:\Users\W\AppData\Roaming\Blender Foundation\Blender\4.3\scripts\addons\blender_ai_thats_error_proof\data\autogpt\workspace\default(do not use).blend"
Saved session recovery to "C:\Users\W\AppData\Local\Temp\quit.blend"
Blender quit
Error: Not freed memory blocks: 2, total unfreed memory 0.000046 MB
Traceback (most recent call last):
  File "C:\Users\W\Documents\FAST Settings\AGPT-4 Script Testing\modified_user_script.py", line 274, in gpt_test_libraries
    raise ImportError(
ImportError: The path C:\Users\W\AppData\Roaming\Blender Foundation\Blender\4.3\scripts\addons\blender_ai_without_errors\lib\Python311\site-packages\ffmpeg.exe does not exist or is not executable.
  File "C:\Users\W\Documents\FAST Settings\AGPT-4 Script Testing\modified_user_script.py", line 235, in gpt_test_libraries
    from PIL import Image
ModuleNotFoundError: No module named 'PIL'
  File "C:\Users\W\Documents\FAST Settings\AGPT-4 Script Testing\modified_user_script.py", line 284, in gpt_test_libraries
    import pyautogui
ModuleNotFoundError: No module named 'pyautogui'
  File "C:\Users\W\Documents\FAST Settings\AGPT-4 Script Testing\modified_user_script.py", line 292, in gpt_test_libraries
    import pywinctl
ModuleNotFoundError: No module named 'pywinctl'
  File "C:\Users\W\Documents\FAST Settings\AGPT-4 Script Testing\modified_user_script.py", line 254, in gpt_test_libraries
    import dateutil
ModuleNotFoundError: No module named 'dateutil'
  File "C:\Users\W\Documents\FAST Settings\AGPT-4 Script Testing\modified_user_script.py", line 311, in gpt_test_libraries
    import pydantic_core  # Required for OpenAI model schema
    ^^^^^^^^^^^^^^^^^^^^
ModuleNotFoundError: No module named 'pydantic_core'
  File "C:\Users\W\Documents\FAST Settings\AGPT-4 Script Testing\modified_user_script.py", line 212, in gpt_test_libraries
    import instructor
ModuleNotFoundError: No module named 'instructor'
  File "C:\Users\W\Documents\FAST Settings\AGPT-4 Script Testing\modified_user_script.py", line 426, in create_instance_sphere
    bpy.context.scene.collection.objects.unlink(sphere)
RuntimeError: Error: Object 'InstanceSphere' not in collection 'Scene Collection'
  File "C:\Users\W\Documents\FAST Settings\AGPT-4 Script Testing\modified_user_script.py", line 478, in setup_geometry_nodes
    point_distribute = node_group.nodes.new('GeometryNodePointDistribute')
                       ^^^^^^^^^^^^^^^^^^^^^^^^^^^^^^^^^^^^^^^^^^^^^^^^^^^
RuntimeError: Error: Node type GeometryNodePointDistribute undefined




WARN (bke.modifier): C:\Users\blender\git\blender-v430\blender.git\source\blender\blenkernel\intern\modifier.cc:424 BKE_modifier_set_error: Object: "Cube", Modifier: "GeometryNodes", Node group must have a group output node
Reloading external rigs...
Reloading external metarigs...

ðŸš€ folder_path: C:\Users\W\AppData\Roaming\Blender Foundation\Blender\4.3\scripts\addons\blender_ai_without_errors\lib\Python311\site-packages
ðŸš€ sys.path: ['C:\\Users\\W\\AppData\\Roaming\\Blender Foundation\\Blender\\4.3\\scripts\\addons\\blender_ai_without_errors\\lib\\Python311\\site-packages', 'C:\\Program Files\\Blender Foundation\\Blender 4.3\\4.3\\python\\lib', 'C:\\Users\\W\\AppData\\Roaming\\Blender Foundation\\Blender\\4.3\\scripts\\addons\\blender_ai_without_errors\\lib\\Python311\\site-packages\\win32', 'C:\\Users\\W\\AppData\\Roaming\\Blender Foundation\\Blender\\4.3\\scripts\\addons\\blender_ai_without_errors\\lib\\Python311\\site-packages\\win32', 'C:\\Users\\W\\AppData\\Roaming\\Blender Foundation\\Blender\\4.3\\scripts\\addons\\blender_ai_without_errors\\lib\\Python311\\site-packages\\win32\\lib', 'C:\\Users\\W\\AppData\\Roaming\\Blender Foundation\\Blender\\4.3\\scripts\\addons\\blender_ai_without_errors\\lib\\Python311\\site-packages\\pywin32_system32']
ðŸš€ not_installed_libraries: [('cv2', 'opencv-python', ''), ('ffmpeg', 'ffmpeg', ''), ('matplotlib', 'matplotlib', ''), ('PIL', 'pillow', ''), ('psutil', 'psutil', ''), ('pyautogui', 'PyAutoGUI', ''), ('pyperclip', 'pyperclip', ''), ('pywinctl', 'pywinctl', ''), ('tzdata', 'tzdata', ''), ('dateutil', 'python-dateutil', ''), ('pytz', 'pytz', ''), ('pydantic', 'pydantic', ''), ('tiktoken', 'tiktoken', ''), ('selenium', 'selenium', '4.1.0'), ('lxml', 'lxml', ''), ('plotly', 'plotly', ''), ('pygments', 'pygments', ''), ('openai', 'openai', ''), ('instructor', 'instructor', '')]
Check GPT Test libraries function
*** SCRIPT STARTED ***
Added placeholder: InstanceSphere as a sphere mesh object for point instancing.
Warning: bpy.context.area is None. Cannot set UI type.
*** SCRIPT COMPLETED ***
Caught an exception: 'GeometryNodeTree' object has no attribute 'inputs'
Read blend: "C:\Users\W\AppData\Roaming\Blender Foundation\Blender\4.3\scripts\addons\blender_ai_thats_error_proof\data\autogpt\workspace\default(do not use).blend"
Saved session recovery to "C:\Users\W\AppData\Local\Temp\quit.blend"
Blender quit
Traceback (most recent call last):
  File "C:\Users\W\Documents\FAST Settings\AGPT-4 Script Testing\modified_user_script.py", line 274, in gpt_test_libraries
    raise ImportError(
ImportError: The path C:\Users\W\AppData\Roaming\Blender Foundation\Blender\4.3\scripts\addons\blender_ai_without_errors\lib\Python311\site-packages\ffmpeg.exe does not exist or is not executable.
  File "C:\Users\W\Documents\FAST Settings\AGPT-4 Script Testing\modified_user_script.py", line 235, in gpt_test_libraries
    from PIL import Image
ModuleNotFoundError: No module named 'PIL'
  File "C:\Users\W\Documents\FAST Settings\AGPT-4 Script Testing\modified_user_script.py", line 284, in gpt_test_libraries
    import pyautogui
ModuleNotFoundError: No module named 'pyautogui'
  File "C:\Users\W\Documents\FAST Settings\AGPT-4 Script Testing\modified_user_script.py", line 292, in gpt_test_libraries
    import pywinctl
ModuleNotFoundError: No module named 'pywinctl'
  File "C:\Users\W\Documents\FAST Settings\AGPT-4 Script Testing\modified_user_script.py", line 254, in gpt_test_libraries
    import dateutil
ModuleNotFoundError: No module named 'dateutil'
  File "C:\Users\W\Documents\FAST Settings\AGPT-4 Script Testing\modified_user_script.py", line 311, in gpt_test_libraries
    import pydantic_core  # Required for OpenAI model schema
    ^^^^^^^^^^^^^^^^^^^^
ModuleNotFoundError: No module named 'pydantic_core'
  File "C:\Users\W\Documents\FAST Settings\AGPT-4 Script Testing\modified_user_script.py", line 212, in gpt_test_libraries
    import instructor
ModuleNotFoundError: No module named 'instructor'
  File "C:\Users\W\Documents\FAST Settings\AGPT-4 Script Testing\modified_user_script.py", line 447, in <module>
    create_geometry_nodes_setup()
  File "C:\Users\W\Documents\FAST Settings\AGPT-4 Script Testing\modified_user_script.py", line 416, in create_geometry_nodes_setup
    node_tree.inputs.new("NodeSocketGeometry", "Geometry")
    ^^^^^^^^^^^^^^^^
AttributeError: 'GeometryNodeTree' object has no attribute 'inputs'




WARN (bke.modifier): C:\Users\blender\git\blender-v430\blender.git\source\blender\blenkernel\intern\modifier.cc:424 BKE_modifier_set_error: Object: "Cube", Modifier: "GeometryNodes", Node group must have an output socket

ðŸš€ folder_path: C:\Users\W\AppData\Roaming\Blender Foundation\Blender\4.3\scripts\addons\blender_ai_without_errors\lib\Python311\site-packages
ðŸš€ sys.path: ['C:\\Users\\W\\AppData\\Roaming\\Blender Foundation\\Blender\\4.3\\scripts\\addons\\blender_ai_without_errors\\lib\\Python311\\site-packages', 'C:\\Program Files\\Blender Foundation\\Blender 4.3\\4.3\\python\\lib', 'C:\\Users\\W\\AppData\\Roaming\\Blender Foundation\\Blender\\4.3\\scripts\\addons\\blender_ai_without_errors\\lib\\Python311\\site-packages\\win32', 'C:\\Users\\W\\AppData\\Roaming\\Blender Foundation\\Blender\\4.3\\scripts\\addons\\blender_ai_without_errors\\lib\\Python311\\site-packages\\win32', 'C:\\Users\\W\\AppData\\Roaming\\Blender Foundation\\Blender\\4.3\\scripts\\addons\\blender_ai_without_errors\\lib\\Python311\\site-packages\\win32\\lib', 'C:\\Users\\W\\AppData\\Roaming\\Blender Foundation\\Blender\\4.3\\scripts\\addons\\blender_ai_without_errors\\lib\\Python311\\site-packages\\pywin32_system32']
ðŸš€ not_installed_libraries: [('cv2', 'opencv-python', ''), ('ffmpeg', 'ffmpeg', ''), ('matplotlib', 'matplotlib', ''), ('PIL', 'pillow', ''), ('psutil', 'psutil', ''), ('pyautogui', 'PyAutoGUI', ''), ('pyperclip', 'pyperclip', ''), ('pywinctl', 'pywinctl', ''), ('tzdata', 'tzdata', ''), ('dateutil', 'python-dateutil', ''), ('pytz', 'pytz', ''), ('pydantic', 'pydantic', ''), ('tiktoken', 'tiktoken', ''), ('selenium', 'selenium', '4.1.0'), ('lxml', 'lxml', ''), ('plotly', 'plotly', ''), ('pygments', 'pygments', ''), ('openai', 'openai', ''), ('instructor', 'instructor', '')]
Check GPT Test libraries function
*** SCRIPT STARTED ***
Error: An error occurred while setting up Geometry Nodes.
*** SCRIPT COMPLETED ***
Read blend: "C:\Users\W\AppData\Roaming\Blender Foundation\Blender\4.3\scripts\addons\blender_ai_thats_error_proof\data\autogpt\workspace\default(do not use).blend"
Saved session recovery to "C:\Users\W\AppData\Local\Temp\quit.blend"
Blender quit
Traceback (most recent call last):
  File "C:\Users\W\Documents\FAST Settings\AGPT-4 Script Testing\modified_user_script.py", line 274, in gpt_test_libraries
    raise ImportError(
ImportError: The path C:\Users\W\AppData\Roaming\Blender Foundation\Blender\4.3\scripts\addons\blender_ai_without_errors\lib\Python311\site-packages\ffmpeg.exe does not exist or is not executable.
  File "C:\Users\W\Documents\FAST Settings\AGPT-4 Script Testing\modified_user_script.py", line 235, in gpt_test_libraries
    from PIL import Image
ModuleNotFoundError: No module named 'PIL'
  File "C:\Users\W\Documents\FAST Settings\AGPT-4 Script Testing\modified_user_script.py", line 284, in gpt_test_libraries
    import pyautogui
ModuleNotFoundError: No module named 'pyautogui'
  File "C:\Users\W\Documents\FAST Settings\AGPT-4 Script Testing\modified_user_script.py", line 292, in gpt_test_libraries
    import pywinctl
ModuleNotFoundError: No module named 'pywinctl'
  File "C:\Users\W\Documents\FAST Settings\AGPT-4 Script Testing\modified_user_script.py", line 254, in gpt_test_libraries
    import dateutil
ModuleNotFoundError: No module named 'dateutil'
  File "C:\Users\W\Documents\FAST Settings\AGPT-4 Script Testing\modified_user_script.py", line 311, in gpt_test_libraries
    import pydantic_core  # Required for OpenAI model schema
    ^^^^^^^^^^^^^^^^^^^^
ModuleNotFoundError: No module named 'pydantic_core'
  File "C:\Users\W\Documents\FAST Settings\AGPT-4 Script Testing\modified_user_script.py", line 212, in gpt_test_libraries
    import instructor
ModuleNotFoundError: No module named 'instructor'
  File "C:\Users\W\Documents\FAST Settings\AGPT-4 Script Testing\modified_user_script.py", line 415, in setup_geometry_nodes
    node_tree.inputs.new("NodeSocketGeometry", "Geometry")
    ^^^^^^^^^^^^^^^^
AttributeError: 'GeometryNodeTree' object has no attribute 'inputs'





ðŸš€ folder_path: C:\Users\W\AppData\Roaming\Blender Foundation\Blender\4.3\scripts\addons\blender_ai_without_errors\lib\Python311\site-packages
ðŸš€ sys.path: ['C:\\Users\\W\\AppData\\Roaming\\Blender Foundation\\Blender\\4.3\\scripts\\addons\\blender_ai_without_errors\\lib\\Python311\\site-packages', 'C:\\Program Files\\Blender Foundation\\Blender 4.3\\4.3\\python\\lib', 'C:\\Users\\W\\AppData\\Roaming\\Blender Foundation\\Blender\\4.3\\scripts\\addons\\blender_ai_without_errors\\lib\\Python311\\site-packages\\win32', 'C:\\Users\\W\\AppData\\Roaming\\Blender Foundation\\Blender\\4.3\\scripts\\addons\\blender_ai_without_errors\\lib\\Python311\\site-packages\\win32', 'C:\\Users\\W\\AppData\\Roaming\\Blender Foundation\\Blender\\4.3\\scripts\\addons\\blender_ai_without_errors\\lib\\Python311\\site-packages\\win32\\lib', 'C:\\Users\\W\\AppData\\Roaming\\Blender Foundation\\Blender\\4.3\\scripts\\addons\\blender_ai_without_errors\\lib\\Python311\\site-packages\\pywin32_system32']
ðŸš€ not_installed_libraries: [('cv2', 'opencv-python', ''), ('ffmpeg', 'ffmpeg', ''), ('matplotlib', 'matplotlib', ''), ('PIL', 'pillow', ''), ('psutil', 'psutil', ''), ('pyautogui', 'PyAutoGUI', ''), ('pyperclip', 'pyperclip', ''), ('pywinctl', 'pywinctl', ''), ('tzdata', 'tzdata', ''), ('dateutil', 'python-dateutil', ''), ('pytz', 'pytz', ''), ('pydantic', 'pydantic', ''), ('tiktoken', 'tiktoken', ''), ('selenium', 'selenium', '4.1.0'), ('lxml', 'lxml', ''), ('plotly', 'plotly', ''), ('pygments', 'pygments', ''), ('openai', 'openai', ''), ('instructor', 'instructor', '')]
Check GPT Test libraries function
*** SCRIPT STARTED ***
Added Cube as a placeholder for the default object.
Added UV Sphere as a placeholder for point instance input object.
Error: An error occurred while setting up Geometry Nodes.
*** SCRIPT COMPLETED ***
Read blend: "C:\Users\W\AppData\Roaming\Blender Foundation\Blender\4.3\scripts\addons\blender_ai_thats_error_proof\data\autogpt\workspace\default(do not use).blend"
Saved session recovery to "C:\Users\W\AppData\Local\Temp\quit.blend"
Blender quit
Traceback (most recent call last):
  File "C:\Users\W\Documents\FAST Settings\AGPT-4 Script Testing\modified_user_script.py", line 274, in gpt_test_libraries
    raise ImportError(
ImportError: The path C:\Users\W\AppData\Roaming\Blender Foundation\Blender\4.3\scripts\addons\blender_ai_without_errors\lib\Python311\site-packages\ffmpeg.exe does not exist or is not executable.
  File "C:\Users\W\Documents\FAST Settings\AGPT-4 Script Testing\modified_user_script.py", line 235, in gpt_test_libraries
    from PIL import Image
ModuleNotFoundError: No module named 'PIL'
  File "C:\Users\W\Documents\FAST Settings\AGPT-4 Script Testing\modified_user_script.py", line 284, in gpt_test_libraries
    import pyautogui
ModuleNotFoundError: No module named 'pyautogui'
  File "C:\Users\W\Documents\FAST Settings\AGPT-4 Script Testing\modified_user_script.py", line 292, in gpt_test_libraries
    import pywinctl
ModuleNotFoundError: No module named 'pywinctl'
  File "C:\Users\W\Documents\FAST Settings\AGPT-4 Script Testing\modified_user_script.py", line 254, in gpt_test_libraries
    import dateutil
ModuleNotFoundError: No module named 'dateutil'
  File "C:\Users\W\Documents\FAST Settings\AGPT-4 Script Testing\modified_user_script.py", line 311, in gpt_test_libraries
    import pydantic_core  # Required for OpenAI model schema
    ^^^^^^^^^^^^^^^^^^^^
ModuleNotFoundError: No module named 'pydantic_core'
  File "C:\Users\W\Documents\FAST Settings\AGPT-4 Script Testing\modified_user_script.py", line 212, in gpt_test_libraries
    import instructor
ModuleNotFoundError: No module named 'instructor'
  File "C:\Users\W\Documents\FAST Settings\AGPT-4 Script Testing\modified_user_script.py", line 401, in create_geometry_nodes_setup
    bpy.context.area.ui_type = 'GeometryNodeTree'
    ^^^^^^^^^^^^^^^^^^^^^^^^
AttributeError: 'NoneType' object has no attribute 'ui_type'





ðŸš€ gpt_libraries: [('cv2', 'opencv-python', ''), ('ffmpeg', 'ffmpeg', ''), ('matplotlib', 'matplotlib', ''), ('PIL', 'pillow', ''), ('psutil', 'psutil', ''), ('pyautogui', 'PyAutoGUI', ''), ('pyperclip', 'pyperclip', ''), ('pywinctl', 'pywinctl', ''), ('tzdata', 'tzdata', ''), ('dateutil', 'python-dateutil', ''), ('pytz', 'pytz', ''), ('pydantic', 'pydantic', ''), ('tiktoken', 'tiktoken', ''), ('selenium', 'selenium', '4.1.0'), ('lxml', 'lxml', ''), ('plotly', 'plotly', ''), ('pygments', 'pygments', ''), ('openai', 'openai', ''), ('instructor', 'instructor', '')]
ðŸš€ folder_path: C:\Users\W\AppData\Roaming\Blender Foundation\Blender\4.3\scripts\addons\blender_ai_without_errors\lib\Python311\site-packages
ðŸš€ sys.path: ['C:\\Users\\W\\AppData\\Roaming\\Blender Foundation\\Blender\\4.3\\scripts\\addons\\blender_ai_without_errors\\lib\\Python311\\site-packages', 'C:\\Program Files\\Blender Foundation\\Blender 4.3\\4.3\\python\\lib', 'C:\\Users\\W\\AppData\\Roaming\\Blender Foundation\\Blender\\4.3\\scripts\\addons\\blender_ai_without_errors\\lib\\Python311\\site-packages\\win32', 'C:\\Users\\W\\AppData\\Roaming\\Blender Foundation\\Blender\\4.3\\scripts\\addons\\blender_ai_without_errors\\lib\\Python311\\site-packages\\win32', 'C:\\Users\\W\\AppData\\Roaming\\Blender Foundation\\Blender\\4.3\\scripts\\addons\\blender_ai_without_errors\\lib\\Python311\\site-packages\\win32\\lib', 'C:\\Users\\W\\AppData\\Roaming\\Blender Foundation\\Blender\\4.3\\scripts\\addons\\blender_ai_without_errors\\lib\\Python311\\site-packages\\pywin32_system32']
ðŸš€ not_installed_libraries: [('cv2', 'opencv-python', ''), ('ffmpeg', 'ffmpeg', ''), ('matplotlib', 'matplotlib', ''), ('PIL', 'pillow', ''), ('psutil', 'psutil', ''), ('pyautogui', 'PyAutoGUI', ''), ('pyperclip', 'pyperclip', ''), ('pywinctl', 'pywinctl', ''), ('tzdata', 'tzdata', ''), ('dateutil', 'python-dateutil', ''), ('pytz', 'pytz', ''), ('pydantic', 'pydantic', ''), ('tiktoken', 'tiktoken', ''), ('selenium', 'selenium', '4.1.0'), ('lxml', 'lxml', ''), ('plotly', 'plotly', ''), ('pygments', 'pygments', ''), ('openai', 'openai', ''), ('instructor', 'instructor', '')]
Check GPT Test libraries function
*** SCRIPT STARTED ***
Added Cube as a placeholder for the default cube
Added UV Sphere as a placeholder for the PointInstance node input
Error: An error occurred while setting up Geometry Nodes
*** SCRIPT COMPLETED ***
Read blend: "C:\Users\W\AppData\Roaming\Blender Foundation\Blender\4.3\scripts\addons\blender_ai_thats_error_proof\data\autogpt\workspace\default(do not use).blend"
Saved session recovery to "C:\Users\W\AppData\Local\Temp\quit.blend"
Blender quit
Traceback (most recent call last):
  File "C:\Users\W\Documents\FAST Settings\AGPT-4 Script Testing\modified_user_script.py", line 275, in gpt_test_libraries
    raise ImportError(
ImportError: The path C:\Users\W\AppData\Roaming\Blender Foundation\Blender\4.3\scripts\addons\blender_ai_without_errors\lib\Python311\site-packages\ffmpeg.exe does not exist or is not executable.
  File "C:\Users\W\Documents\FAST Settings\AGPT-4 Script Testing\modified_user_script.py", line 236, in gpt_test_libraries
    from PIL import Image
ModuleNotFoundError: No module named 'PIL'
  File "C:\Users\W\Documents\FAST Settings\AGPT-4 Script Testing\modified_user_script.py", line 285, in gpt_test_libraries
    import pyautogui
ModuleNotFoundError: No module named 'pyautogui'
  File "C:\Users\W\Documents\FAST Settings\AGPT-4 Script Testing\modified_user_script.py", line 293, in gpt_test_libraries
    import pywinctl
ModuleNotFoundError: No module named 'pywinctl'
  File "C:\Users\W\Documents\FAST Settings\AGPT-4 Script Testing\modified_user_script.py", line 255, in gpt_test_libraries
    import dateutil
ModuleNotFoundError: No module named 'dateutil'
  File "C:\Users\W\Documents\FAST Settings\AGPT-4 Script Testing\modified_user_script.py", line 312, in gpt_test_libraries
    import pydantic_core  # Required for OpenAI model schema
    ^^^^^^^^^^^^^^^^^^^^
ModuleNotFoundError: No module named 'pydantic_core'
  File "C:\Users\W\Documents\FAST Settings\AGPT-4 Script Testing\modified_user_script.py", line 213, in gpt_test_libraries
    import instructor
ModuleNotFoundError: No module named 'instructor'
  File "C:\Users\W\Documents\FAST Settings\AGPT-4 Script Testing\modified_user_script.py", line 402, in create_geometry_nodes_setup
    bpy.context.area.ui_type = 'GeometryNodeTree'
    ^^^^^^^^^^^^^^^^^^^^^^^^
AttributeError: 'NoneType' object has no attribute 'ui_type'




WARN (bke.modifier): C:\Users\blender\git\blender-v430\blender.git\source\blender\blenkernel\intern\modifier.cc:424 BKE_modifier_set_error: Object: "Cube", Modifier: "GeometryNodes", Node group must have an output socket

ðŸš€ gpt_libraries: [('cv2', 'opencv-python', ''), ('ffmpeg', 'ffmpeg', ''), ('matplotlib', 'matplotlib', ''), ('PIL', 'pillow', ''), ('psutil', 'psutil', ''), ('pyautogui', 'PyAutoGUI', ''), ('pyperclip', 'pyperclip', ''), ('pywinctl', 'pywinctl', ''), ('tzdata', 'tzdata', ''), ('dateutil', 'python-dateutil', ''), ('pytz', 'pytz', ''), ('pydantic', 'pydantic', ''), ('tiktoken', 'tiktoken', ''), ('selenium', 'selenium', '4.1.0'), ('lxml', 'lxml', ''), ('plotly', 'plotly', ''), ('pygments', 'pygments', ''), ('openai', 'openai', ''), ('instructor', 'instructor', '')]
ðŸš€ folder_path: C:\Users\W\AppData\Roaming\Blender Foundation\Blender\4.3\scripts\addons\blender_ai_without_errors\lib\Python311\site-packages
ðŸš€ sys.path: ['C:\\Users\\W\\AppData\\Roaming\\Blender Foundation\\Blender\\4.3\\scripts\\addons\\blender_ai_without_errors\\lib\\Python311\\site-packages', 'C:\\Program Files\\Blender Foundation\\Blender 4.3\\4.3\\python\\lib', 'C:\\Users\\W\\AppData\\Roaming\\Blender Foundation\\Blender\\4.3\\scripts\\addons\\blender_ai_without_errors\\lib\\Python311\\site-packages\\win32', 'C:\\Users\\W\\AppData\\Roaming\\Blender Foundation\\Blender\\4.3\\scripts\\addons\\blender_ai_without_errors\\lib\\Python311\\site-packages\\win32', 'C:\\Users\\W\\AppData\\Roaming\\Blender Foundation\\Blender\\4.3\\scripts\\addons\\blender_ai_without_errors\\lib\\Python311\\site-packages\\win32\\lib', 'C:\\Users\\W\\AppData\\Roaming\\Blender Foundation\\Blender\\4.3\\scripts\\addons\\blender_ai_without_errors\\lib\\Python311\\site-packages\\pywin32_system32']
ðŸš€ not_installed_libraries: [('cv2', 'opencv-python', ''), ('ffmpeg', 'ffmpeg', ''), ('matplotlib', 'matplotlib', ''), ('PIL', 'pillow', ''), ('psutil', 'psutil', ''), ('pyautogui', 'PyAutoGUI', ''), ('pyperclip', 'pyperclip', ''), ('pywinctl', 'pywinctl', ''), ('tzdata', 'tzdata', ''), ('dateutil', 'python-dateutil', ''), ('pytz', 'pytz', ''), ('pydantic', 'pydantic', ''), ('tiktoken', 'tiktoken', ''), ('selenium', 'selenium', '4.1.0'), ('lxml', 'lxml', ''), ('plotly', 'plotly', ''), ('pygments', 'pygments', ''), ('openai', 'openai', ''), ('instructor', 'instructor', '')]
Check GPT Test libraries function
*** SCRIPT STARTED ***
Added placeholder: UV Sphere named 'InstanceSphere' for instance object.
Error: An error occurred while setting up Geometry Nodes
*** SCRIPT COMPLETED ***
Read blend: "C:\Users\W\AppData\Roaming\Blender Foundation\Blender\4.3\scripts\addons\blender_ai_thats_error_proof\data\autogpt\workspace\default(do not use).blend"
Saved session recovery to "C:\Users\W\AppData\Local\Temp\quit.blend"
Blender quit
Traceback (most recent call last):
  File "C:\Users\W\Documents\FAST Settings\AGPT-4 Script Testing\modified_user_script.py", line 275, in gpt_test_libraries
    raise ImportError(
ImportError: The path C:\Users\W\AppData\Roaming\Blender Foundation\Blender\4.3\scripts\addons\blender_ai_without_errors\lib\Python311\site-packages\ffmpeg.exe does not exist or is not executable.
  File "C:\Users\W\Documents\FAST Settings\AGPT-4 Script Testing\modified_user_script.py", line 236, in gpt_test_libraries
    from PIL import Image
ModuleNotFoundError: No module named 'PIL'
  File "C:\Users\W\Documents\FAST Settings\AGPT-4 Script Testing\modified_user_script.py", line 285, in gpt_test_libraries
    import pyautogui
ModuleNotFoundError: No module named 'pyautogui'
  File "C:\Users\W\Documents\FAST Settings\AGPT-4 Script Testing\modified_user_script.py", line 293, in gpt_test_libraries
    import pywinctl
ModuleNotFoundError: No module named 'pywinctl'
  File "C:\Users\W\Documents\FAST Settings\AGPT-4 Script Testing\modified_user_script.py", line 255, in gpt_test_libraries
    import dateutil
ModuleNotFoundError: No module named 'dateutil'
  File "C:\Users\W\Documents\FAST Settings\AGPT-4 Script Testing\modified_user_script.py", line 312, in gpt_test_libraries
    import pydantic_core  # Required for OpenAI model schema
    ^^^^^^^^^^^^^^^^^^^^
ModuleNotFoundError: No module named 'pydantic_core'
  File "C:\Users\W\Documents\FAST Settings\AGPT-4 Script Testing\modified_user_script.py", line 213, in gpt_test_libraries
    import instructor
ModuleNotFoundError: No module named 'instructor'
  File "C:\Users\W\Documents\FAST Settings\AGPT-4 Script Testing\modified_user_script.py", line 414, in create_geometry_nodes_setup
    node_tree.inputs.new('NodeSocketGeometry', 'Geometry')
    ^^^^^^^^^^^^^^^^
AttributeError: 'GeometryNodeTree' object has no attribute 'inputs'




WARN (bke.modifier): C:\Users\blender\git\blender-v430\blender.git\source\blender\blenkernel\intern\modifier.cc:424 BKE_modifier_set_error: Object: "Sphere", Modifier: "GeometryNodes", Node group's first output must be a geometry

ðŸš€ gpt_libraries: [('cv2', 'opencv-python', ''), ('ffmpeg', 'ffmpeg', ''), ('matplotlib', 'matplotlib', ''), ('PIL', 'pillow', ''), ('psutil', 'psutil', ''), ('pyautogui', 'PyAutoGUI', ''), ('pyperclip', 'pyperclip', ''), ('pywinctl', 'pywinctl', ''), ('tzdata', 'tzdata', ''), ('dateutil', 'python-dateutil', ''), ('pytz', 'pytz', ''), ('pydantic', 'pydantic', ''), ('tiktoken', 'tiktoken', ''), ('selenium', 'selenium', '4.1.0'), ('lxml', 'lxml', ''), ('plotly', 'plotly', ''), ('pygments', 'pygments', ''), ('openai', 'openai', ''), ('instructor', 'instructor', '')]
ðŸš€ folder_path: C:\Users\W\AppData\Roaming\Blender Foundation\Blender\4.3\scripts\addons\blender_ai_without_errors\lib\Python311\site-packages
ðŸš€ sys.path: ['C:\\Users\\W\\AppData\\Roaming\\Blender Foundation\\Blender\\4.3\\scripts\\addons\\blender_ai_without_errors\\lib\\Python311\\site-packages', 'C:\\Program Files\\Blender Foundation\\Blender 4.3\\4.3\\python\\lib', 'C:\\Users\\W\\AppData\\Roaming\\Blender Foundation\\Blender\\4.3\\scripts\\addons\\blender_ai_without_errors\\lib\\Python311\\site-packages\\win32', 'C:\\Users\\W\\AppData\\Roaming\\Blender Foundation\\Blender\\4.3\\scripts\\addons\\blender_ai_without_errors\\lib\\Python311\\site-packages\\win32', 'C:\\Users\\W\\AppData\\Roaming\\Blender Foundation\\Blender\\4.3\\scripts\\addons\\blender_ai_without_errors\\lib\\Python311\\site-packages\\win32\\lib', 'C:\\Users\\W\\AppData\\Roaming\\Blender Foundation\\Blender\\4.3\\scripts\\addons\\blender_ai_without_errors\\lib\\Python311\\site-packages\\pywin32_system32']
ðŸš€ not_installed_libraries: [('cv2', 'opencv-python', ''), ('ffmpeg', 'ffmpeg', ''), ('matplotlib', 'matplotlib', ''), ('PIL', 'pillow', ''), ('psutil', 'psutil', ''), ('pyautogui', 'PyAutoGUI', ''), ('pyperclip', 'pyperclip', ''), ('pywinctl', 'pywinctl', ''), ('tzdata', 'tzdata', ''), ('dateutil', 'python-dateutil', ''), ('pytz', 'pytz', ''), ('pydantic', 'pydantic', ''), ('tiktoken', 'tiktoken', ''), ('selenium', 'selenium', '4.1.0'), ('lxml', 'lxml', ''), ('plotly', 'plotly', ''), ('pygments', 'pygments', ''), ('openai', 'openai', ''), ('instructor', 'instructor', '')]
Check GPT Test libraries function
*** SCRIPT STARTED ***
Added UV Sphere as a placeholder for the instance object.
Error: An error occurred while setting up Geometry Nodes
*** SCRIPT COMPLETED ***
Read blend: "C:\Users\W\AppData\Roaming\Blender Foundation\Blender\4.3\scripts\addons\blender_ai_thats_error_proof\data\autogpt\workspace\default(do not use).blend"
Saved session recovery to "C:\Users\W\AppData\Local\Temp\quit.blend"
Blender quit
Error: Not freed memory blocks: 2, total unfreed memory 0.000046 MB
Traceback (most recent call last):
  File "C:\Users\W\Documents\FAST Settings\AGPT-4 Script Testing\modified_user_script.py", line 275, in gpt_test_libraries
    raise ImportError(
ImportError: The path C:\Users\W\AppData\Roaming\Blender Foundation\Blender\4.3\scripts\addons\blender_ai_without_errors\lib\Python311\site-packages\ffmpeg.exe does not exist or is not executable.
  File "C:\Users\W\Documents\FAST Settings\AGPT-4 Script Testing\modified_user_script.py", line 236, in gpt_test_libraries
    from PIL import Image
ModuleNotFoundError: No module named 'PIL'
  File "C:\Users\W\Documents\FAST Settings\AGPT-4 Script Testing\modified_user_script.py", line 285, in gpt_test_libraries
    import pyautogui
ModuleNotFoundError: No module named 'pyautogui'
  File "C:\Users\W\Documents\FAST Settings\AGPT-4 Script Testing\modified_user_script.py", line 293, in gpt_test_libraries
    import pywinctl
ModuleNotFoundError: No module named 'pywinctl'
  File "C:\Users\W\Documents\FAST Settings\AGPT-4 Script Testing\modified_user_script.py", line 255, in gpt_test_libraries
    import dateutil
ModuleNotFoundError: No module named 'dateutil'
  File "C:\Users\W\Documents\FAST Settings\AGPT-4 Script Testing\modified_user_script.py", line 312, in gpt_test_libraries
    import pydantic_core  # Required for OpenAI model schema
    ^^^^^^^^^^^^^^^^^^^^
ModuleNotFoundError: No module named 'pydantic_core'
  File "C:\Users\W\Documents\FAST Settings\AGPT-4 Script Testing\modified_user_script.py", line 213, in gpt_test_libraries
    import instructor
ModuleNotFoundError: No module named 'instructor'
  File "C:\Users\W\Documents\FAST Settings\AGPT-4 Script Testing\modified_user_script.py", line 428, in create_geometry_nodes_setup
    point_distribute = nodes.new(type='GeometryNodePointDistribute')
                       ^^^^^^^^^^^^^^^^^^^^^^^^^^^^^^^^^^^^^^^^^^^^^
RuntimeError: Error: Node type GeometryNodePointDistribute undefined




WARN (bke.modifier): C:\Users\blender\git\blender-v430\blender.git\source\blender\blenkernel\intern\modifier.cc:424 BKE_modifier_set_error: Object: "Cube", Modifier: "GeometryNodes", Node group must have a group output node

ðŸš€ gpt_libraries: [('cv2', 'opencv-python', ''), ('ffmpeg', 'ffmpeg', ''), ('matplotlib', 'matplotlib', ''), ('PIL', 'pillow', ''), ('psutil', 'psutil', ''), ('pyautogui', 'PyAutoGUI', ''), ('pyperclip', 'pyperclip', ''), ('pywinctl', 'pywinctl', ''), ('tzdata', 'tzdata', ''), ('dateutil', 'python-dateutil', ''), ('pytz', 'pytz', ''), ('pydantic', 'pydantic', ''), ('tiktoken', 'tiktoken', ''), ('selenium', 'selenium', '4.1.0'), ('lxml', 'lxml', ''), ('plotly', 'plotly', ''), ('pygments', 'pygments', ''), ('openai', 'openai', ''), ('instructor', 'instructor', '')]
ðŸš€ folder_path: C:\Users\W\AppData\Roaming\Blender Foundation\Blender\4.3\scripts\addons\blender_ai_thats_error_proof\lib\Python311\site-packages
ðŸš€ sys.path: ['C:\\Users\\W\\AppData\\Roaming\\Blender Foundation\\Blender\\4.3\\scripts\\addons\\blender_ai_thats_error_proof\\lib\\Python311\\site-packages', 'C:\\Program Files\\Blender Foundation\\Blender 4.3\\4.3\\python\\lib', 'C:\\Users\\W\\AppData\\Roaming\\Blender Foundation\\Blender\\4.3\\scripts\\addons\\blender_ai_thats_error_proof\\lib\\Python311\\site-packages\\win32', 'C:\\Users\\W\\AppData\\Roaming\\Blender Foundation\\Blender\\4.3\\scripts\\addons\\blender_ai_thats_error_proof\\lib\\Python311\\site-packages\\win32', 'C:\\Users\\W\\AppData\\Roaming\\Blender Foundation\\Blender\\4.3\\scripts\\addons\\blender_ai_thats_error_proof\\lib\\Python311\\site-packages\\win32\\lib', 'C:\\Users\\W\\AppData\\Roaming\\Blender Foundation\\Blender\\4.3\\scripts\\addons\\blender_ai_thats_error_proof\\lib\\Python311\\site-packages\\pywin32_system32']
ðŸš€ not_installed_libraries: [('cv2', 'opencv-python', ''), ('matplotlib', 'matplotlib', ''), ('tzdata', 'tzdata', ''), ('pytz', 'pytz', ''), ('selenium', 'selenium', '4.1.0'), ('lxml', 'lxml', ''), ('plotly', 'plotly', '')]
Check GPT Test libraries function
*** SCRIPT STARTED ***
Added Cube as a placeholder for the default cube.
Error: An error occurred while setting up Geometry Nodes.
*** SCRIPT COMPLETED ***
Read blend: "C:\Users\W\AppData\Roaming\Blender Foundation\Blender\4.3\scripts\addons\blender_ai_thats_error_proof\data\autogpt\workspace\default(do not use).blend"
Saved session recovery to "C:\Users\W\AppData\Local\Temp\quit.blend"
Blender quit
Traceback (most recent call last):
  File "C:\Users\W\Documents\FAST Settings\AGPT-4 Script Testing\modified_user_script.py", line 412, in create_geometry_nodes_setup
    group_input.outputs.new('NodeSocketGeometry', 'Geometry')
RuntimeError: Error: Cannot add socket to built-in node




WARN (bke.modifier): C:\Users\blender\git\blender-v430\blender.git\source\blender\blenkernel\intern\modifier.cc:424 BKE_modifier_set_error: Object: "DefaultCube", Modifier: "GeometryNodes", Node group must have an output socket

ðŸš€ gpt_libraries: [('cv2', 'opencv-python', ''), ('ffmpeg', 'ffmpeg', ''), ('matplotlib', 'matplotlib', ''), ('PIL', 'pillow', ''), ('psutil', 'psutil', ''), ('pyautogui', 'PyAutoGUI', ''), ('pyperclip', 'pyperclip', ''), ('pywinctl', 'pywinctl', ''), ('tzdata', 'tzdata', ''), ('dateutil', 'python-dateutil', ''), ('pytz', 'pytz', ''), ('pydantic', 'pydantic', ''), ('tiktoken', 'tiktoken', ''), ('selenium', 'selenium', '4.1.0'), ('lxml', 'lxml', ''), ('plotly', 'plotly', ''), ('pygments', 'pygments', ''), ('openai', 'openai', ''), ('instructor', 'instructor', '')]
ðŸš€ folder_path: C:\Users\W\AppData\Roaming\Blender Foundation\Blender\4.3\scripts\addons\blender_ai_thats_error_proof\lib\Python311\site-packages
ðŸš€ sys.path: ['C:\\Users\\W\\AppData\\Roaming\\Blender Foundation\\Blender\\4.3\\scripts\\addons\\blender_ai_thats_error_proof\\lib\\Python311\\site-packages', 'C:\\Program Files\\Blender Foundation\\Blender 4.3\\4.3\\python\\lib', 'C:\\Users\\W\\AppData\\Roaming\\Blender Foundation\\Blender\\4.3\\scripts\\addons\\blender_ai_thats_error_proof\\lib\\Python311\\site-packages\\win32', 'C:\\Users\\W\\AppData\\Roaming\\Blender Foundation\\Blender\\4.3\\scripts\\addons\\blender_ai_thats_error_proof\\lib\\Python311\\site-packages\\win32', 'C:\\Users\\W\\AppData\\Roaming\\Blender Foundation\\Blender\\4.3\\scripts\\addons\\blender_ai_thats_error_proof\\lib\\Python311\\site-packages\\win32\\lib', 'C:\\Users\\W\\AppData\\Roaming\\Blender Foundation\\Blender\\4.3\\scripts\\addons\\blender_ai_thats_error_proof\\lib\\Python311\\site-packages\\pywin32_system32']
ðŸš€ not_installed_libraries: [('cv2', 'opencv-python', ''), ('matplotlib', 'matplotlib', ''), ('tzdata', 'tzdata', ''), ('pytz', 'pytz', ''), ('selenium', 'selenium', '4.1.0'), ('lxml', 'lxml', ''), ('plotly', 'plotly', '')]
Check GPT Test libraries function
*** SCRIPT STARTED ***
Added Cube as a placeholder for DefaultCube
Added new sphere as a placeholder for InstanceSphere
Warning: No area context available, cannot set UI type.
Error: An error occurred while setting up Geometry Nodes.
*** SCRIPT COMPLETED ***
Read blend: "C:\Users\W\AppData\Roaming\Blender Foundation\Blender\4.3\scripts\addons\blender_ai_thats_error_proof\data\autogpt\workspace\default(do not use).blend"
Saved session recovery to "C:\Users\W\AppData\Local\Temp\quit.blend"
Blender quit
Traceback (most recent call last):
  File "C:\Users\W\Documents\FAST Settings\AGPT-4 Script Testing\modified_user_script.py", line 429, in create_geometry_nodes_setup
    node_tree.inputs.new('NodeSocketGeometry', 'Geometry')
    ^^^^^^^^^^^^^^^^
AttributeError: 'GeometryNodeTree' object has no attribute 'inputs'





ðŸš€ gpt_libraries: [('cv2', 'opencv-python', ''), ('ffmpeg', 'ffmpeg', ''), ('matplotlib', 'matplotlib', ''), ('PIL', 'pillow', ''), ('psutil', 'psutil', ''), ('pyautogui', 'PyAutoGUI', ''), ('pyperclip', 'pyperclip', ''), ('pywinctl', 'pywinctl', ''), ('tzdata', 'tzdata', ''), ('dateutil', 'python-dateutil', ''), ('pytz', 'pytz', ''), ('pydantic', 'pydantic', ''), ('tiktoken', 'tiktoken', ''), ('selenium', 'selenium', '4.1.0'), ('lxml', 'lxml', ''), ('plotly', 'plotly', ''), ('pygments', 'pygments', ''), ('openai', 'openai', ''), ('instructor', 'instructor', '')]
ðŸš€ folder_path: C:\Users\W\AppData\Roaming\Blender Foundation\Blender\4.3\scripts\addons\blender_ai_thats_error_proof\lib\Python311\site-packages
ðŸš€ sys.path: ['C:\\Users\\W\\AppData\\Roaming\\Blender Foundation\\Blender\\4.3\\scripts\\addons\\blender_ai_thats_error_proof\\lib\\Python311\\site-packages', 'C:\\Program Files\\Blender Foundation\\Blender 4.3\\4.3\\python\\lib', 'C:\\Users\\W\\AppData\\Roaming\\Blender Foundation\\Blender\\4.3\\scripts\\addons\\blender_ai_thats_error_proof\\lib\\Python311\\site-packages\\win32', 'C:\\Users\\W\\AppData\\Roaming\\Blender Foundation\\Blender\\4.3\\scripts\\addons\\blender_ai_thats_error_proof\\lib\\Python311\\site-packages\\win32', 'C:\\Users\\W\\AppData\\Roaming\\Blender Foundation\\Blender\\4.3\\scripts\\addons\\blender_ai_thats_error_proof\\lib\\Python311\\site-packages\\win32\\lib', 'C:\\Users\\W\\AppData\\Roaming\\Blender Foundation\\Blender\\4.3\\scripts\\addons\\blender_ai_thats_error_proof\\lib\\Python311\\site-packages\\pywin32_system32']
ðŸš€ not_installed_libraries: [('cv2', 'opencv-python', ''), ('matplotlib', 'matplotlib', ''), ('tzdata', 'tzdata', ''), ('pytz', 'pytz', ''), ('selenium', 'selenium', '4.1.0'), ('lxml', 'lxml', ''), ('plotly', 'plotly', '')]
Check GPT Test libraries function
*** SCRIPT STARTED ***
Added Cube as a placeholder for the default cube. This object was added for testing purposes to ensure script functionality.
Added UV Sphere as a placeholder for InstanceSphere used in point instance. This object was added for testing purposes to ensure script functionality.
Error: An error occurred while setting up Geometry Nodes.
*** SCRIPT COMPLETED ***
Read blend: "C:\Users\W\AppData\Roaming\Blender Foundation\Blender\4.3\scripts\addons\blender_ai_thats_error_proof\data\autogpt\workspace\default(do not use).blend"
Saved session recovery to "C:\Users\W\AppData\Local\Temp\quit.blend"
Blender quit
Traceback (most recent call last):
  File "C:\Users\W\Documents\FAST Settings\AGPT-4 Script Testing\modified_user_script.py", line 410, in create_geometry_nodes_setup
    bpy.context.area.ui_type = 'GeometryNodeTree'
    ^^^^^^^^^^^^^^^^^^^^^^^^
AttributeError: 'NoneType' object has no attribute 'ui_type'




WARN (bke.modifier): C:\Users\blender\git\blender-v430\blender.git\source\blender\blenkernel\intern\modifier.cc:424 BKE_modifier_set_error: Object: "InstanceSphere", Modifier: "GeometryNodes", Node group's first output must be a geometry

ðŸš€ gpt_libraries: [('cv2', 'opencv-python', ''), ('ffmpeg', 'ffmpeg', ''), ('matplotlib', 'matplotlib', ''), ('PIL', 'pillow', ''), ('psutil', 'psutil', ''), ('pyautogui', 'PyAutoGUI', ''), ('pyperclip', 'pyperclip', ''), ('pywinctl', 'pywinctl', ''), ('tzdata', 'tzdata', ''), ('dateutil', 'python-dateutil', ''), ('pytz', 'pytz', ''), ('pydantic', 'pydantic', ''), ('tiktoken', 'tiktoken', ''), ('selenium', 'selenium', '4.1.0'), ('lxml', 'lxml', ''), ('plotly', 'plotly', ''), ('pygments', 'pygments', ''), ('openai', 'openai', ''), ('instructor', 'instructor', '')]
ðŸš€ folder_path: C:\Users\W\AppData\Roaming\Blender Foundation\Blender\4.3\scripts\addons\blender_ai_thats_error_proof\lib\Python311\site-packages
ðŸš€ sys.path: ['C:\\Users\\W\\AppData\\Roaming\\Blender Foundation\\Blender\\4.3\\scripts\\addons\\blender_ai_thats_error_proof\\lib\\Python311\\site-packages', 'C:\\Program Files\\Blender Foundation\\Blender 4.3\\4.3\\python\\lib', 'C:\\Users\\W\\AppData\\Roaming\\Blender Foundation\\Blender\\4.3\\scripts\\addons\\blender_ai_thats_error_proof\\lib\\Python311\\site-packages\\win32', 'C:\\Users\\W\\AppData\\Roaming\\Blender Foundation\\Blender\\4.3\\scripts\\addons\\blender_ai_thats_error_proof\\lib\\Python311\\site-packages\\win32', 'C:\\Users\\W\\AppData\\Roaming\\Blender Foundation\\Blender\\4.3\\scripts\\addons\\blender_ai_thats_error_proof\\lib\\Python311\\site-packages\\win32\\lib', 'C:\\Users\\W\\AppData\\Roaming\\Blender Foundation\\Blender\\4.3\\scripts\\addons\\blender_ai_thats_error_proof\\lib\\Python311\\site-packages\\pywin32_system32']
ðŸš€ not_installed_libraries: [('cv2', 'opencv-python', ''), ('matplotlib', 'matplotlib', ''), ('tzdata', 'tzdata', ''), ('pytz', 'pytz', ''), ('selenium', 'selenium', '4.1.0'), ('lxml', 'lxml', ''), ('plotly', 'plotly', '')]
Check GPT Test libraries function
*** SCRIPT STARTED ***
Added default Cube as placeholder for geometry nodes setup (Cube).
Added InstanceSphere as a placeholder for Geometry Nodes Point Instance.
Error: An error occurred while setting up Geometry Nodes.
*** SCRIPT COMPLETED ***
Read blend: "C:\Users\W\AppData\Roaming\Blender Foundation\Blender\4.3\scripts\addons\blender_ai_thats_error_proof\data\autogpt\workspace\default(do not use).blend"
Saved session recovery to "C:\Users\W\AppData\Local\Temp\quit.blend"
Blender quit
Error: Not freed memory blocks: 2, total unfreed memory 0.000046 MB
Traceback (most recent call last):
  File "C:\Users\W\Documents\FAST Settings\AGPT-4 Script Testing\modified_user_script.py", line 443, in create_geometry_nodes_setup
    point_distribute = nodes.new(type='GeometryNodePointDistribute')
                       ^^^^^^^^^^^^^^^^^^^^^^^^^^^^^^^^^^^^^^^^^^^^^
RuntimeError: Error: Node type GeometryNodePointDistribute undefined




Read blend: "C:\Users\W\AppData\Roaming\Blender Foundation\Blender\4.3\scripts\addons\blender_ai_thats_error_proof\data\autogpt\workspace\default(do not use).blend"
Traceback (most recent call last):
  File "C:\Users\W\Documents\FAST Settings\AGPT-4 Script Testing\modified_user_script.py", line 54, in <module>
    exec(file.read(), globals())  # Executes the file, making gpt_libraries available
    ^^^^^^^^^^^^^^^^^^^^^^^^^^^^
  File "<string>", line 21
    ðŸš€ not_installed_libraries: [('cv2', 'opencv-python', ''), ('matplotlib', 'matplotlib', ''), ('tzdata', 'tzdata', ''), ('pytz', 'pytz', ''), ('selenium', 'selenium', '4.1.0'), ('lxml', 'lxml', ''), ('plotly', 'plotly', '')]
                                                                                                                                                                                                                                  ^
IndentationError: unindent does not match any outer indentation level




*** SCRIPT STARTED ***
Added Cube as a placeholder for the default cube.
Error: An error occurred while setting up Geometry Nodes.
*** SCRIPT COMPLETED ***
Read blend: "C:\Users\W\AppData\Roaming\Blender Foundation\Blender\4.3\scripts\addons\blender_ai_thats_error_proof\data\autogpt\workspace\default(do not use).blend"
Saved session recovery to "C:\Users\W\AppData\Local\Temp\quit.blend"

Blender quit
Traceback (most recent call last):
  File "C:\Users\W\Documents\FAST Settings\AGPT-4 Script Testing\modified_user_script.py", line 401, in create_geometry_nodes
    node_tree.inputs.new('NodeSocketGeometry', 'Geometry')
    ^^^^^^^^^^^^^^^^
AttributeError: 'GeometryNodeTree' object has no attribute 'inputs'




WARN (bke.modifier): C:\Users\blender\git\blender-v430\blender.git\source\blender\blenkernel\intern\modifier.cc:424 BKE_modifier_set_error: Object: "Cube", Modifier: "GeometryNodes", Node group must have a group output node
*** SCRIPT STARTED ***
Added default Cube placeholder for Geometry Nodes setup.
Added placeholder InstanceSphere for Geometry Nodes instancing.
Error: An error occurred while setting up Geometry Nodes.
*** SCRIPT COMPLETED ***
Read blend: "C:\Users\W\AppData\Roaming\Blender Foundation\Blender\4.3\scripts\addons\blender_ai_thats_error_proof\data\autogpt\workspace\default(do not use).blend"
Saved session recovery to "C:\Users\W\AppData\Local\Temp\quit.blend"

Blender quit
Traceback (most recent call last):
  File "C:\Users\W\Documents\FAST Settings\AGPT-4 Script Testing\modified_user_script.py", line 422, in create_geometry_nodes
    point_distribute = nodes.new(type='GeometryNodePointDistribute')
                       ^^^^^^^^^^^^^^^^^^^^^^^^^^^^^^^^^^^^^^^^^^^^^
RuntimeError: Error: Node type GeometryNodePointDistribute undefined




WARN (bke.modifier): C:\Users\blender\git\blender-v430\blender.git\source\blender\blenkernel\intern\modifier.cc:424 BKE_modifier_set_error: Object: "Cube", Modifier: "GeometryNodes", Node group must have an output socket
*** SCRIPT STARTED ***
Added placeholder Cube for Geometry Nodes setup.
Added placeholder InstanceSphere for Geometry Nodes instancing.
Added placeholder InstanceCollection for Geometry Nodes instancing.
Error: An error occurred while setting up Geometry Nodes.
*** SCRIPT COMPLETED ***
Read blend: "C:\Users\W\AppData\Roaming\Blender Foundation\Blender\4.3\scripts\addons\blender_ai_thats_error_proof\data\autogpt\workspace\default(do not use).blend"
Saved session recovery to "C:\Users\W\AppData\Local\Temp\quit.blend"

Blender quit
Traceback (most recent call last):
  File "C:\Users\W\Documents\FAST Settings\AGPT-4 Script Testing\modified_user_script.py", line 431, in create_geometry_nodes
    node_tree.inputs.new('NodeSocketGeometry', 'Geometry')
    ^^^^^^^^^^^^^^^^
AttributeError: 'GeometryNodeTree' object has no attribute 'inputs'




WARN (bke.modifier): C:\Users\blender\git\blender-v430\blender.git\source\blender\blenkernel\intern\modifier.cc:424 BKE_modifier_set_error: Object: "Sphere", Modifier: "GeometryNodes", Node group's first output must be a geometry
*** SCRIPT STARTED ***
Added UV Sphere as a placeholder for instancing in InstanceCollection.
Error: An error occurred while setting up Geometry Nodes.
*** SCRIPT COMPLETED ***
Read blend: "C:\Users\W\AppData\Roaming\Blender Foundation\Blender\4.3\scripts\addons\blender_ai_thats_error_proof\data\autogpt\workspace\default(do not use).blend"
Saved session recovery to "C:\Users\W\AppData\Local\Temp\quit.blend"

Blender quit
Error: Not freed memory blocks: 2, total unfreed memory 0.000046 MB
Traceback (most recent call last):
  File "C:\Users\W\Documents\FAST Settings\AGPT-4 Script Testing\modified_user_script.py", line 432, in create_geometry_nodes
    point_distribute = nodes.new(type='GeometryNodePointDistribute')
                       ^^^^^^^^^^^^^^^^^^^^^^^^^^^^^^^^^^^^^^^^^^^^^
RuntimeError: Error: Node type GeometryNodePointDistribute undefined




Read blend: "C:\Users\W\AppData\Roaming\Blender Foundation\Blender\4.3\scripts\addons\blender_ai_thats_error_proof\data\autogpt\workspace\default(do not use).blend"
Writing: C:\Users\W\AppData\Local\Temp\blender.crash.txt
Traceback (most recent call last):
  File "C:\Users\W\Documents\FAST Settings\AGPT-4 Script Testing\modified_user_script.py", line 439, in <module>
    main()
  File "C:\Users\W\Documents\FAST Settings\AGPT-4 Script Testing\modified_user_script.py", line 434, in main
    cube = setup_default_cube()
           ^^^^^^^^^^^^^^^^^^^^
  File "C:\Users\W\Documents\FAST Settings\AGPT-4 Script Testing\modified_user_script.py", line 383, in setup_default_cube
    if not bpy.context.selected_objects:
           ^^^^^^^^^^^^^^^^^^^^^^^^^^^^
AttributeError: 'Context' object has no attribute 'selected_objects'
Error   : EXCEPTION_ACCESS_VIOLATION
Address : 0x00007FF7839C45F5
Module  : blender.exe
Thread  : 000054b8




*** SCRIPT STARTED ***
Error: Failed to set up default cube
*** SCRIPT COMPLETED ***
Read blend: "C:\Users\W\AppData\Roaming\Blender Foundation\Blender\4.3\scripts\addons\blender_ai_thats_error_proof\data\autogpt\workspace\default(do not use).blend"
Saved session recovery to "C:\Users\W\AppData\Local\Temp\quit.blend"

Blender quit
Traceback (most recent call last):
  File "C:\Users\W\Documents\FAST Settings\AGPT-4 Script Testing\modified_user_script.py", line 389, in setup_default_cube
    cube = bpy.context.active_object
           ^^^^^^^^^^^^^^^^^^^^^^^^^
AttributeError: 'Context' object has no attribute 'active_object'




WARN (bke.modifier): C:\Users\blender\git\blender-v430\blender.git\source\blender\blenkernel\intern\modifier.cc:424 BKE_modifier_set_error: Object: "Cube", Modifier: "GeometryNodes", Node group's first output must be a geometry
*** SCRIPT STARTED ***

Error: Failed to create Geometry Nodes
*** SCRIPT COMPLETED ***
Read blend: "C:\Users\W\AppData\Roaming\Blender Foundation\Blender\4.3\scripts\addons\blender_ai_thats_error_proof\data\autogpt\workspace\default(do not use).blend"
Saved session recovery to "C:\Users\W\AppData\Local\Temp\quit.blend"
Blender quit
Error: Not freed memory blocks: 1, total unfreed memory 0.000023 MB
Traceback (most recent call last):
  File "C:\Users\W\Documents\FAST Settings\AGPT-4 Script Testing\modified_user_script.py", line 427, in create_geometry_nodes
    point_distribute = nodes.new(type='GeometryNodePointDistribute')
                       ^^^^^^^^^^^^^^^^^^^^^^^^^^^^^^^^^^^^^^^^^^^^^
RuntimeError: Error: Node type GeometryNodePointDistribute undefined




WARN (bke.modifier): C:\Users\blender\git\blender-v430\blender.git\source\blender\blenkernel\intern\modifier.cc:424 BKE_modifier_set_error: Object: "Cube", Modifier: "GeometryNodes", Node group's first output must be a geometry
*** SCRIPT STARTED ***
Added UV Sphere as a placeholder for the instanced object in Geometry Nodes
Error: Failed to create Geometry Nodes
*** SCRIPT COMPLETED ***
Read blend: "C:\Users\W\AppData\Roaming\Blender Foundation\Blender\4.3\scripts\addons\blender_ai_thats_error_proof\data\autogpt\workspace\default(do not use).blend"
Saved session recovery to "C:\Users\W\AppData\Local\Temp\quit.blend"

Blender quit
Error: Not freed memory blocks: 1, total unfreed memory 0.000023 MB
Traceback (most recent call last):
  File "C:\Users\W\Documents\FAST Settings\AGPT-4 Script Testing\modified_user_script.py", line 434, in create_geometry_nodes
    point_distribute.inputs['Density'].default_value = 5.0
    ~~~~~~~~~~~~~~~~~~~~~~~^^^^^^^^^^^
KeyError: 'bpy_prop_collection[key]: key "Density" not found'




*** SCRIPT STARTED ***
Added Cube as a placeholder for the default cube (for testing purposes).
Added UV Sphere as a placeholder for the instance object in Geometry Nodes (for testing purposes).

Error: An error occurred while setting up Geometry Nodes.
*** SCRIPT COMPLETED ***
Read blend: "C:\Users\W\AppData\Roaming\Blender Foundation\Blender\4.3\scripts\addons\blender_ai_thats_error_proof\data\autogpt\workspace\default(do not use).blend"
Saved session recovery to "C:\Users\W\AppData\Local\Temp\quit.blend"
Blender quit
Traceback (most recent call last):
  File "C:\Users\W\Documents\FAST Settings\AGPT-4 Script Testing\modified_user_script.py", line 402, in create_geometry_nodes_setup
    bpy.context.area.ui_type = 'GeometryNodeTree'
    ^^^^^^^^^^^^^^^^^^^^^^^^
AttributeError: 'NoneType' object has no attribute 'ui_type'




*** SCRIPT STARTED ***
Added Cube as a placeholder for the default Cube (for testing purposes).
*** SCRIPT COMPLETED ***
Caught an exception: 'bpy_prop_collection[key]: key "Subsurface" not found'
Read blend: "C:\Users\W\AppData\Roaming\Blender Foundation\Blender\4.3\scripts\addons\blender_ai_thats_error_proof\data\autogpt\workspace\default(do not use).blend"
Saved session recovery to "C:\Users\W\AppData\Local\Temp\quit.blend"

Blender quit
Traceback (most recent call last):
  File "C:\Users\W\Documents\FAST Settings\AGPT-4 Script Testing\modified_user_script.py", line 462, in <module>
    create_abstract_cube()
  File "C:\Users\W\Documents\FAST Settings\AGPT-4 Script Testing\modified_user_script.py", line 453, in create_abstract_cube
    links.new(transparent_bsdf.outputs['BSDF'], principled_bsdf.inputs['Subsurface'])
                                                ~~~~~~~~~~~~~~~~~~~~~~^^^^^^^^^^^^^^
KeyError: 'bpy_prop_collection[key]: key "Subsurface" not found'




*** SCRIPT STARTED ***
*** SCRIPT COMPLETED ***
Read blend: "C:\Users\W\AppData\Roaming\Blender Foundation\Blender\4.3\scripts\addons\blender_ai_thats_error_proof\data\autogpt\workspace\default(do not use).blend"
Saved session recovery to "C:\Users\W\AppData\Local\Temp\quit.blend"

Blender quit




*** SCRIPT STARTED ***
*** SCRIPT COMPLETED ***
Read blend: "C:\Users\W\AppData\Roaming\Blender Foundation\Blender\4.3\scripts\addons\blender_ai_thats_error_proof\data\autogpt\workspace\default(do not use).blend"
Saved session recovery to "C:\Users\W\AppData\Local\Temp\quit.blend"

Blender quit




*** SCRIPT STARTED ***
*** SCRIPT COMPLETED ***
Read blend: "C:\Users\W\AppData\Roaming\Blender Foundation\Blender\4.3\scripts\addons\blender_ai_thats_error_proof\data\autogpt\workspace\default(do not use).blend"
Saved session recovery to "C:\Users\W\AppData\Local\Temp\quit.blend"

Blender quit




*** SCRIPT STARTED ***

Error: Failed to apply translucent shader
*** SCRIPT COMPLETED ***
Read blend: "C:\Users\W\AppData\Roaming\Blender Foundation\Blender\4.3\scripts\addons\blender_ai_thats_error_proof\data\autogpt\workspace\default(do not use).blend"
Saved session recovery to "C:\Users\W\AppData\Local\Temp\quit.blend"
Blender quit
Traceback (most recent call last):
  File "C:\Users\W\Documents\FAST Settings\AGPT-4 Script Testing\modified_user_script.py", line 402, in apply_translucent_shader
    bsdf.inputs['Transmission'].default_value = 0.9
    ~~~~~~~~~~~^^^^^^^^^^^^^^^^
KeyError: 'bpy_prop_collection[key]: key "Transmission" not found'




*** SCRIPT STARTED ***

Error: Failed to apply translucent shader
*** SCRIPT COMPLETED ***
Read blend: "C:\Users\W\AppData\Roaming\Blender Foundation\Blender\4.3\scripts\addons\blender_ai_thats_error_proof\data\autogpt\workspace\default(do not use).blend"
Saved session recovery to "C:\Users\W\AppData\Local\Temp\quit.blend"
Blender quit
Traceback (most recent call last):
  File "C:\Users\W\Documents\FAST Settings\AGPT-4 Script Testing\modified_user_script.py", line 406, in apply_translucent_shader
    bsdf.inputs['Transmission'].default_value = 0.9
    ~~~~~~~~~~~^^^^^^^^^^^^^^^^
KeyError: 'bpy_prop_collection[key]: key "Transmission" not found'




*** SCRIPT STARTED ***

Error: Failed to add subdivision modifier
Error: Failed to add collision modifier
Error: Failed to add HDRI environment
*** SCRIPT COMPLETED ***
Read blend: "C:\Users\W\AppData\Roaming\Blender Foundation\Blender\4.3\scripts\addons\blender_ai_thats_error_proof\data\autogpt\workspace\default(do not use).blend"
Saved session recovery to "C:\Users\W\AppData\Local\Temp\quit.blend"
Blender quit
Traceback (most recent call last):
  File "C:\Users\W\Documents\FAST Settings\AGPT-4 Script Testing\modified_user_script.py", line 414, in add_subdivision_modifier
    mod.levels = levels
    ^^^^^^^^^^
AttributeError: 'NoneType' object has no attribute 'levels'
  File "C:\Users\W\Documents\FAST Settings\AGPT-4 Script Testing\modified_user_script.py", line 435, in add_collision_modifier
    bpy.ops.object.modifier_add(type='COLLISION')
  File "C:\Program Files\Blender Foundation\Blender 4.3\4.3\scripts\modules\bpy\ops.py", line 109, in __call__
    ret = _op_call(self.idname_py(), kw)
          ^^^^^^^^^^^^^^^^^^^^^^^^^^^^^^
TypeError: Converting py args to operator properties: enum "COLLISION" not found in ()
  File "C:\Users\W\Documents\FAST Settings\AGPT-4 Script Testing\modified_user_script.py", line 480, in add_hdri_environment
    environment_node.image = bpy.data.images.load(destination_image_path_hdr)
                             ^^^^^^^^^^^^^^^^^^^^^^^^^^^^^^^^^^^^^^^^^^^^^^^^
RuntimeError: Error: Cannot read 'path/to/hdri.hdr': No such file or directory




*** SCRIPT STARTED ***

Error: Failed to add subdivision modifier
Error: Failed to add collision modifier
*** SCRIPT COMPLETED ***
Read blend: "C:\Users\W\AppData\Roaming\Blender Foundation\Blender\4.3\scripts\addons\blender_ai_thats_error_proof\data\autogpt\workspace\default(do not use).blend"
Saved session recovery to "C:\Users\W\AppData\Local\Temp\quit.blend"
Blender quit
Traceback (most recent call last):
  File "C:\Users\W\Documents\FAST Settings\AGPT-4 Script Testing\modified_user_script.py", line 425, in add_subdivision_modifier
    mod.levels = levels
    ^^^^^^^^^^
AttributeError: 'NoneType' object has no attribute 'levels'
  File "C:\Users\W\Documents\FAST Settings\AGPT-4 Script Testing\modified_user_script.py", line 445, in add_collision_modifier
    bpy.ops.object.modifier_add(type='COLLISION')
  File "C:\Program Files\Blender Foundation\Blender 4.3\4.3\scripts\modules\bpy\ops.py", line 109, in __call__
    ret = _op_call(self.idname_py(), kw)
          ^^^^^^^^^^^^^^^^^^^^^^^^^^^^^^
TypeError: Converting py args to operator properties: enum "COLLISION" not found in ()




*** SCRIPT STARTED ***

Error: Failed to add subdivision modifier
Error: Failed to add collision modifier
*** SCRIPT COMPLETED ***
Read blend: "C:\Users\W\AppData\Roaming\Blender Foundation\Blender\4.3\scripts\addons\blender_ai_thats_error_proof\data\autogpt\workspace\default(do not use).blend"
Saved session recovery to "C:\Users\W\AppData\Local\Temp\quit.blend"
Blender quit
Traceback (most recent call last):
  File "C:\Users\W\Documents\FAST Settings\AGPT-4 Script Testing\modified_user_script.py", line 426, in add_subdivision_modifier
    mod.levels = levels
    ^^^^^^^^^^
AttributeError: 'NoneType' object has no attribute 'levels'
  File "C:\Users\W\Documents\FAST Settings\AGPT-4 Script Testing\modified_user_script.py", line 446, in add_collision_modifier
    bpy.ops.object.modifier_add(type='COLLISION')
  File "C:\Program Files\Blender Foundation\Blender 4.3\4.3\scripts\modules\bpy\ops.py", line 109, in __call__
    ret = _op_call(self.idname_py(), kw)
          ^^^^^^^^^^^^^^^^^^^^^^^^^^^^^^
TypeError: Converting py args to operator properties: enum "COLLISION" not found in ()




*** SCRIPT STARTED ***

Error: Failed to add subdivision modifier
Error: Failed to add collision modifier
*** SCRIPT COMPLETED ***
Read blend: "C:\Users\W\AppData\Roaming\Blender Foundation\Blender\4.3\scripts\addons\blender_ai_thats_error_proof\data\autogpt\workspace\default(do not use).blend"
Saved session recovery to "C:\Users\W\AppData\Local\Temp\quit.blend"
Blender quit
Traceback (most recent call last):
  File "C:\Users\W\Documents\FAST Settings\AGPT-4 Script Testing\modified_user_script.py", line 424, in add_subdivision_modifier
    mod.levels = levels
    ^^^^^^^^^^
AttributeError: 'NoneType' object has no attribute 'levels'
  File "C:\Users\W\Documents\FAST Settings\AGPT-4 Script Testing\modified_user_script.py", line 444, in add_collision_modifier
    bpy.ops.object.modifier_add(type='COLLISION')
  File "C:\Program Files\Blender Foundation\Blender 4.3\4.3\scripts\modules\bpy\ops.py", line 109, in __call__
    ret = _op_call(self.idname_py(), kw)
          ^^^^^^^^^^^^^^^^^^^^^^^^^^^^^^
TypeError: Converting py args to operator properties: enum "COLLISION" not found in ()




*** SCRIPT STARTED ***

Error: Failed to add subdivision modifier
Error: Failed to add collision modifier
*** SCRIPT COMPLETED ***
Read blend: "C:\Users\W\AppData\Roaming\Blender Foundation\Blender\4.3\scripts\addons\blender_ai_thats_error_proof\data\autogpt\workspace\default(do not use).blend"
Saved session recovery to "C:\Users\W\AppData\Local\Temp\quit.blend"
Blender quit
Traceback (most recent call last):
  File "C:\Users\W\Documents\FAST Settings\AGPT-4 Script Testing\modified_user_script.py", line 428, in add_subdivision_modifier
    mod.levels = levels
    ^^^^^^^^^^
AttributeError: 'NoneType' object has no attribute 'levels'
  File "C:\Users\W\Documents\FAST Settings\AGPT-4 Script Testing\modified_user_script.py", line 448, in add_collision_modifier
    bpy.ops.object.modifier_add(type='COLLISION')
  File "C:\Program Files\Blender Foundation\Blender 4.3\4.3\scripts\modules\bpy\ops.py", line 109, in __call__
    ret = _op_call(self.idname_py(), kw)
          ^^^^^^^^^^^^^^^^^^^^^^^^^^^^^^
TypeError: Converting py args to operator properties: enum "COLLISION" not found in ()




*** SCRIPT STARTED ***
*** SCRIPT COMPLETED ***
Read blend: "C:\Users\W\AppData\Roaming\Blender Foundation\Blender\4.3\scripts\addons\blender_ai_thats_error_proof\data\autogpt\workspace\default(do not use).blend"
Saved session recovery to "C:\Users\W\AppData\Local\Temp\quit.blend"

Blender quit




*** SCRIPT STARTED ***

Error: Failed to apply glass shader
*** SCRIPT COMPLETED ***
Read blend: "C:\Users\W\AppData\Roaming\Blender Foundation\Blender\4.3\scripts\addons\blender_ai_thats_error_proof\data\autogpt\workspace\default(do not use).blend"
Saved session recovery to "C:\Users\W\AppData\Local\Temp\quit.blend"
Blender quit
Traceback (most recent call last):
  File "C:\Users\W\Documents\FAST Settings\AGPT-4 Script Testing\modified_user_script.py", line 397, in apply_glass_shader
    bsdf.inputs['Transmission'].default_value = 1.0
    ~~~~~~~~~~~^^^^^^^^^^^^^^^^
KeyError: 'bpy_prop_collection[key]: key "Transmission" not found'




*** SCRIPT STARTED ***
*** SCRIPT COMPLETED ***
Caught an exception: Converting py args to operator properties:: keyword "number_cuts" unrecognized
Read blend: "C:\Users\W\AppData\Roaming\Blender Foundation\Blender\4.3\scripts\addons\blender_ai_thats_error_proof\data\autogpt\workspace\default(do not use).blend"
Saved session recovery to "C:\Users\W\AppData\Local\Temp\quit.blend"

Blender quit
Traceback (most recent call last):
  File "C:\Users\W\Documents\FAST Settings\AGPT-4 Script Testing\modified_user_script.py", line 458, in <module>
    add_multiresolution_modifier(cube)
  File "C:\Users\W\Documents\FAST Settings\AGPT-4 Script Testing\modified_user_script.py", line 425, in add_multiresolution_modifier
    bpy.ops.object.multires_subdivide(modifier='Multires', number_cuts=2)
  File "C:\Program Files\Blender Foundation\Blender 4.3\4.3\scripts\modules\bpy\ops.py", line 109, in __call__
    ret = _op_call(self.idname_py(), kw)
          ^^^^^^^^^^^^^^^^^^^^^^^^^^^^^^
TypeError: Converting py args to operator properties:: keyword "number_cuts" unrecognized




*** SCRIPT STARTED ***
No active camera found; created and set a new camera as active.
*** SCRIPT COMPLETED ***
Read blend: "C:\Users\W\AppData\Roaming\Blender Foundation\Blender\4.3\scripts\addons\blender_ai_thats_error_proof\data\autogpt\workspace\default(do not use).blend"
Saved session recovery to "C:\Users\W\AppData\Local\Temp\quit.blend"

Blender quit




*** SCRIPT STARTED ***

Error: Failed to add boolean modifier
*** SCRIPT COMPLETED ***
Read blend: "C:\Users\W\AppData\Roaming\Blender Foundation\Blender\4.3\scripts\addons\blender_ai_thats_error_proof\data\autogpt\workspace\default(do not use).blend"
Saved session recovery to "C:\Users\W\AppData\Local\Temp\quit.blend"
Blender quit
Traceback (most recent call last):
  File "C:\Users\W\Documents\FAST Settings\AGPT-4 Script Testing\modified_user_script.py", line 429, in add_boolean_modifier
    mod.object = target_obj
    ^^^^^^^^^^
TypeError: bpy_struct: item.attr = val: BooleanModifier.object ID type does not support assignment to itself




*** SCRIPT STARTED ***
*** SCRIPT COMPLETED ***
Read blend: "C:\Users\W\AppData\Roaming\Blender Foundation\Blender\4.3\scripts\addons\blender_ai_thats_error_proof\data\autogpt\workspace\default(do not use).blend"
Saved session recovery to "C:\Users\W\AppData\Local\Temp\quit.blend"

Blender quit




